2023-06-17 13:15:58.400978: I tensorflow/core/platform/cpu_feature_guard.cc:182] This TensorFlow binary is optimized to use available CPU instructions in performance-critical operations.
To enable the following instructions: AVX2 AVX512F FMA, in other operations, rebuild TensorFlow with the appropriate compiler flags.
2023-06-17 13:16:05.021331: I tensorflow/core/common_runtime/gpu/gpu_device.cc:1635] Created device /job:localhost/replica:0/task:0/device:GPU:0 with 14588 MB memory:  -> device: 0, name: Tesla V100-SXM2-16GB, pci bus id: 0000:1d:00.0, compute capability: 7.0
2023-06-17 13:16:10.995905: I tensorflow/compiler/xla/stream_executor/cuda/cuda_dnn.cc:424] Loaded cuDNN version 8600
2023-06-17 13:16:11.354479: I tensorflow/core/common_runtime/executor.cc:1197] [/device:CPU:0] (DEBUG INFO) Executor start aborting (this does not indicate an error and you can ignore this message): INVALID_ARGUMENT: You must feed a value for placeholder tensor 'Placeholder/_7' with dtype uint8 and shape [20004]
	 [[{{node Placeholder/_7}}]]
2023-06-17 13:16:11.355085: I tensorflow/core/common_runtime/executor.cc:1197] [/device:CPU:0] (DEBUG INFO) Executor start aborting (this does not indicate an error and you can ignore this message): INVALID_ARGUMENT: You must feed a value for placeholder tensor 'Placeholder/_7' with dtype uint8 and shape [20004]
	 [[{{node Placeholder/_7}}]]
2023-06-17 13:16:24.523341: I tensorflow/compiler/xla/service/service.cc:169] XLA service 0x2b8efc00fd10 initialized for platform CUDA (this does not guarantee that XLA will be used). Devices:
2023-06-17 13:16:24.523548: I tensorflow/compiler/xla/service/service.cc:177]   StreamExecutor device (0): Tesla V100-SXM2-16GB, Compute Capability 7.0
2023-06-17 13:16:24.540580: I tensorflow/compiler/mlir/tensorflow/utils/dump_mlir_util.cc:269] disabling MLIR crash reproducer, set env var `MLIR_CRASH_REPRODUCER_DIRECTORY` to enable.
2023-06-17 13:16:24.898100: I ./tensorflow/compiler/jit/device_compiler.h:180] Compiled cluster using XLA!  This line is logged at most once for the lifetime of the process.
2023-06-17 13:19:39.141775: I tensorflow/core/common_runtime/executor.cc:1197] [/device:CPU:0] (DEBUG INFO) Executor start aborting (this does not indicate an error and you can ignore this message): INVALID_ARGUMENT: You must feed a value for placeholder tensor 'Placeholder/_6' with dtype uint8 and shape [3664]
	 [[{{node Placeholder/_6}}]]
2023-06-17 13:19:39.142387: I tensorflow/core/common_runtime/executor.cc:1197] [/device:CPU:0] (DEBUG INFO) Executor start aborting (this does not indicate an error and you can ignore this message): INVALID_ARGUMENT: You must feed a value for placeholder tensor 'Placeholder/_7' with dtype uint8 and shape [20004]
	 [[{{node Placeholder/_7}}]]
2023-06-17 18:19:31.071042: I tensorflow/core/common_runtime/executor.cc:1197] [/device:CPU:0] (DEBUG INFO) Executor start aborting (this does not indicate an error and you can ignore this message): INVALID_ARGUMENT: You must feed a value for placeholder tensor 'Placeholder/_7' with dtype uint8 and shape [20004]
	 [[{{node Placeholder/_7}}]]
2023-06-17 18:19:31.071644: I tensorflow/core/common_runtime/executor.cc:1197] [/device:CPU:0] (DEBUG INFO) Executor start aborting (this does not indicate an error and you can ignore this message): INVALID_ARGUMENT: You must feed a value for placeholder tensor 'Placeholder/_7' with dtype uint8 and shape [20004]
	 [[{{node Placeholder/_7}}]]
2023-06-17 18:25:27.276742: I tensorflow/core/common_runtime/executor.cc:1197] [/device:CPU:0] (DEBUG INFO) Executor start aborting (this does not indicate an error and you can ignore this message): INVALID_ARGUMENT: You must feed a value for placeholder tensor 'Placeholder/_1' with dtype string and shape [10000]
	 [[{{node Placeholder/_1}}]]
2023-06-17 18:25:27.277360: I tensorflow/core/common_runtime/executor.cc:1197] [/device:CPU:0] (DEBUG INFO) Executor start aborting (this does not indicate an error and you can ignore this message): INVALID_ARGUMENT: You must feed a value for placeholder tensor 'Placeholder/_1' with dtype string and shape [10000]
	 [[{{node Placeholder/_1}}]]
