DONE WITH READING PAIRS
DONE WITH PREPARING TRAIN DATA
DONE WITH PREPARING VALIDATION DATA
PREPROCESSING DONE!
Testing model output:
(32, 402, 445)
Model: "transformer_model_1"
_________________________________________________________________
 Layer (type)                Output Shape              Param #   
=================================================================
 positional_embedding_layer_  multiple                 3328      
 2 (PositionalEmbeddingLayer                                     
 )                                                               
                                                                 
 encoder_layer_1 (EncoderLay  multiple                 659712    
 er)                                                             
                                                                 
 encoder_layer_2 (EncoderLay  multiple                 659712    
 er)                                                             
                                                                 
 positional_embedding_layer_  multiple                 56960     
 3 (PositionalEmbeddingLayer                                     
 )                                                               
                                                                 
 decoder_layer_1 (DecoderLay  multiple                 1187456   
 er)                                                             
                                                                 
 decoder_layer_2 (DecoderLay  multiple                 1187456   
 er)                                                             
                                                                 
 dense_13 (Dense)            multiple                  57405     
                                                                 
=================================================================
Total params: 3,812,029
Trainable params: 3,812,029
Non-trainable params: 0
_________________________________________________________________
Epoch 1/100
2813/2813 - 373s - loss: 4.1404 - accuracy_function: 0.1843 - val_loss: 4.8025 - val_accuracy_function: 0.0977 - 373s/epoch - 132ms/step
Epoch 2/100
2813/2813 - 345s - loss: 2.7274 - accuracy_function: 0.3701 - val_loss: 2.0223 - val_accuracy_function: 0.4785 - 345s/epoch - 123ms/step
Epoch 3/100
2813/2813 - 343s - loss: 0.9408 - accuracy_function: 0.7177 - val_loss: 0.6084 - val_accuracy_function: 0.7882 - 343s/epoch - 122ms/step
Epoch 4/100
2813/2813 - 344s - loss: 0.5037 - accuracy_function: 0.8264 - val_loss: 0.4303 - val_accuracy_function: 0.8363 - 344s/epoch - 122ms/step
Epoch 5/100
2813/2813 - 343s - loss: 0.3762 - accuracy_function: 0.8621 - val_loss: 0.3912 - val_accuracy_function: 0.8457 - 343s/epoch - 122ms/step
Epoch 6/100
2813/2813 - 343s - loss: 0.3288 - accuracy_function: 0.8768 - val_loss: 0.3757 - val_accuracy_function: 0.8519 - 343s/epoch - 122ms/step
Epoch 7/100
2813/2813 - 344s - loss: 0.2985 - accuracy_function: 0.8870 - val_loss: 0.3470 - val_accuracy_function: 0.8624 - 344s/epoch - 122ms/step
Epoch 8/100
2813/2813 - 343s - loss: 0.2748 - accuracy_function: 0.8954 - val_loss: 0.3298 - val_accuracy_function: 0.8698 - 343s/epoch - 122ms/step
Epoch 9/100
2813/2813 - 344s - loss: 0.2562 - accuracy_function: 0.9021 - val_loss: 0.3126 - val_accuracy_function: 0.8765 - 344s/epoch - 122ms/step
Epoch 10/100
2813/2813 - 343s - loss: 0.2410 - accuracy_function: 0.9079 - val_loss: 0.2975 - val_accuracy_function: 0.8816 - 343s/epoch - 122ms/step
Epoch 11/100
2813/2813 - 343s - loss: 0.2290 - accuracy_function: 0.9125 - val_loss: 0.2888 - val_accuracy_function: 0.8867 - 343s/epoch - 122ms/step
Epoch 12/100
2813/2813 - 343s - loss: 0.2190 - accuracy_function: 0.9161 - val_loss: 0.2799 - val_accuracy_function: 0.8896 - 343s/epoch - 122ms/step
Epoch 13/100
2813/2813 - 343s - loss: 0.2116 - accuracy_function: 0.9189 - val_loss: 0.2736 - val_accuracy_function: 0.8920 - 343s/epoch - 122ms/step
Epoch 14/100
2813/2813 - 343s - loss: 0.2046 - accuracy_function: 0.9214 - val_loss: 0.2711 - val_accuracy_function: 0.8933 - 343s/epoch - 122ms/step
Epoch 15/100
2813/2813 - 343s - loss: 0.1992 - accuracy_function: 0.9235 - val_loss: 0.2667 - val_accuracy_function: 0.8946 - 343s/epoch - 122ms/step
Epoch 16/100
2813/2813 - 343s - loss: 0.1939 - accuracy_function: 0.9254 - val_loss: 0.2653 - val_accuracy_function: 0.8958 - 343s/epoch - 122ms/step
Epoch 17/100
2813/2813 - 343s - loss: 0.1892 - accuracy_function: 0.9271 - val_loss: 0.2598 - val_accuracy_function: 0.8976 - 343s/epoch - 122ms/step
Epoch 18/100
2813/2813 - 343s - loss: 0.1849 - accuracy_function: 0.9288 - val_loss: 0.2591 - val_accuracy_function: 0.8985 - 343s/epoch - 122ms/step
Epoch 19/100
2813/2813 - 343s - loss: 0.1814 - accuracy_function: 0.9302 - val_loss: 0.2569 - val_accuracy_function: 0.8990 - 343s/epoch - 122ms/step
Epoch 20/100
2813/2813 - 343s - loss: 0.1777 - accuracy_function: 0.9315 - val_loss: 0.2597 - val_accuracy_function: 0.8994 - 343s/epoch - 122ms/step
Epoch 21/100
2813/2813 - 343s - loss: 0.1744 - accuracy_function: 0.9327 - val_loss: 0.2545 - val_accuracy_function: 0.9002 - 343s/epoch - 122ms/step
Epoch 22/100
2813/2813 - 343s - loss: 0.1714 - accuracy_function: 0.9338 - val_loss: 0.2528 - val_accuracy_function: 0.9017 - 343s/epoch - 122ms/step
Epoch 23/100
2813/2813 - 343s - loss: 0.1685 - accuracy_function: 0.9350 - val_loss: 0.2526 - val_accuracy_function: 0.9024 - 343s/epoch - 122ms/step
Epoch 24/100
2813/2813 - 343s - loss: 0.1658 - accuracy_function: 0.9360 - val_loss: 0.2474 - val_accuracy_function: 0.9031 - 343s/epoch - 122ms/step
Epoch 25/100
2813/2813 - 343s - loss: 0.1634 - accuracy_function: 0.9368 - val_loss: 0.2488 - val_accuracy_function: 0.9033 - 343s/epoch - 122ms/step
Epoch 26/100
2813/2813 - 343s - loss: 0.1613 - accuracy_function: 0.9376 - val_loss: 0.2490 - val_accuracy_function: 0.9037 - 343s/epoch - 122ms/step
Epoch 27/100
2813/2813 - 343s - loss: 0.1593 - accuracy_function: 0.9383 - val_loss: 0.2478 - val_accuracy_function: 0.9039 - 343s/epoch - 122ms/step
Epoch 28/100
2813/2813 - 343s - loss: 0.1572 - accuracy_function: 0.9392 - val_loss: 0.2468 - val_accuracy_function: 0.9043 - 343s/epoch - 122ms/step
Epoch 29/100
2813/2813 - 343s - loss: 0.1554 - accuracy_function: 0.9398 - val_loss: 0.2446 - val_accuracy_function: 0.9044 - 343s/epoch - 122ms/step
Epoch 30/100
2813/2813 - 343s - loss: 0.1538 - accuracy_function: 0.9405 - val_loss: 0.2443 - val_accuracy_function: 0.9047 - 343s/epoch - 122ms/step
Epoch 31/100
2813/2813 - 343s - loss: 0.1520 - accuracy_function: 0.9411 - val_loss: 0.2473 - val_accuracy_function: 0.9047 - 343s/epoch - 122ms/step
Epoch 32/100
2813/2813 - 343s - loss: 0.1504 - accuracy_function: 0.9417 - val_loss: 0.2459 - val_accuracy_function: 0.9049 - 343s/epoch - 122ms/step
Epoch 33/100
2813/2813 - 343s - loss: 0.1488 - accuracy_function: 0.9423 - val_loss: 0.2438 - val_accuracy_function: 0.9059 - 343s/epoch - 122ms/step
Epoch 34/100
2813/2813 - 343s - loss: 0.1475 - accuracy_function: 0.9429 - val_loss: 0.2451 - val_accuracy_function: 0.9055 - 343s/epoch - 122ms/step
Epoch 35/100
2813/2813 - 343s - loss: 0.1459 - accuracy_function: 0.9434 - val_loss: 0.2472 - val_accuracy_function: 0.9054 - 343s/epoch - 122ms/step
Epoch 36/100
2813/2813 - 344s - loss: 0.1446 - accuracy_function: 0.9440 - val_loss: 0.2465 - val_accuracy_function: 0.9053 - 344s/epoch - 122ms/step
Epoch 37/100
2813/2813 - 343s - loss: 0.1435 - accuracy_function: 0.9444 - val_loss: 0.2459 - val_accuracy_function: 0.9060 - 343s/epoch - 122ms/step
Epoch 38/100
2813/2813 - 343s - loss: 0.1422 - accuracy_function: 0.9449 - val_loss: 0.2466 - val_accuracy_function: 0.9060 - 343s/epoch - 122ms/step
Epoch 39/100
2813/2813 - 343s - loss: 0.1409 - accuracy_function: 0.9453 - val_loss: 0.2466 - val_accuracy_function: 0.9059 - 343s/epoch - 122ms/step
Epoch 40/100
2813/2813 - 343s - loss: 0.1397 - accuracy_function: 0.9458 - val_loss: 0.2451 - val_accuracy_function: 0.9063 - 343s/epoch - 122ms/step
Epoch 41/100
2813/2813 - 343s - loss: 0.1386 - accuracy_function: 0.9463 - val_loss: 0.2423 - val_accuracy_function: 0.9072 - 343s/epoch - 122ms/step
Epoch 42/100
2813/2813 - 343s - loss: 0.1373 - accuracy_function: 0.9467 - val_loss: 0.2437 - val_accuracy_function: 0.9068 - 343s/epoch - 122ms/step
Epoch 43/100
2813/2813 - 343s - loss: 0.1364 - accuracy_function: 0.9471 - val_loss: 0.2440 - val_accuracy_function: 0.9062 - 343s/epoch - 122ms/step
Epoch 44/100
2813/2813 - 343s - loss: 0.1352 - accuracy_function: 0.9476 - val_loss: 0.2455 - val_accuracy_function: 0.9065 - 343s/epoch - 122ms/step
Epoch 45/100
2813/2813 - 343s - loss: 0.1342 - accuracy_function: 0.9479 - val_loss: 0.2455 - val_accuracy_function: 0.9069 - 343s/epoch - 122ms/step
Epoch 46/100
2813/2813 - 343s - loss: 0.1332 - accuracy_function: 0.9484 - val_loss: 0.2456 - val_accuracy_function: 0.9062 - 343s/epoch - 122ms/step
Epoch 47/100
2813/2813 - 344s - loss: 0.1322 - accuracy_function: 0.9487 - val_loss: 0.2442 - val_accuracy_function: 0.9069 - 344s/epoch - 122ms/step
Epoch 48/100
2813/2813 - 343s - loss: 0.1311 - accuracy_function: 0.9491 - val_loss: 0.2430 - val_accuracy_function: 0.9068 - 343s/epoch - 122ms/step
Epoch 49/100
2813/2813 - 343s - loss: 0.1302 - accuracy_function: 0.9495 - val_loss: 0.2408 - val_accuracy_function: 0.9072 - 343s/epoch - 122ms/step
Epoch 50/100
2813/2813 - 343s - loss: 0.1292 - accuracy_function: 0.9499 - val_loss: 0.2438 - val_accuracy_function: 0.9072 - 343s/epoch - 122ms/step
Epoch 51/100
2813/2813 - 343s - loss: 0.1285 - accuracy_function: 0.9501 - val_loss: 0.2466 - val_accuracy_function: 0.9069 - 343s/epoch - 122ms/step
Epoch 52/100
2813/2813 - 343s - loss: 0.1276 - accuracy_function: 0.9505 - val_loss: 0.2417 - val_accuracy_function: 0.9083 - 343s/epoch - 122ms/step
Epoch 53/100
2813/2813 - 343s - loss: 0.1268 - accuracy_function: 0.9508 - val_loss: 0.2455 - val_accuracy_function: 0.9069 - 343s/epoch - 122ms/step
Epoch 54/100
2813/2813 - 343s - loss: 0.1258 - accuracy_function: 0.9511 - val_loss: 0.2522 - val_accuracy_function: 0.9058 - 343s/epoch - 122ms/step
Epoch 55/100
2813/2813 - 343s - loss: 0.1251 - accuracy_function: 0.9514 - val_loss: 0.2463 - val_accuracy_function: 0.9071 - 343s/epoch - 122ms/step
Epoch 56/100
2813/2813 - 343s - loss: 0.1243 - accuracy_function: 0.9517 - val_loss: 0.2454 - val_accuracy_function: 0.9078 - 343s/epoch - 122ms/step
Epoch 57/100
2813/2813 - 344s - loss: 0.1234 - accuracy_function: 0.9521 - val_loss: 0.2488 - val_accuracy_function: 0.9070 - 344s/epoch - 122ms/step
Epoch 58/100
2813/2813 - 343s - loss: 0.1227 - accuracy_function: 0.9524 - val_loss: 0.2466 - val_accuracy_function: 0.9074 - 343s/epoch - 122ms/step
Epoch 59/100
2813/2813 - 343s - loss: 0.1219 - accuracy_function: 0.9527 - val_loss: 0.2480 - val_accuracy_function: 0.9067 - 343s/epoch - 122ms/step
Epoch 60/100
2813/2813 - 343s - loss: 0.1213 - accuracy_function: 0.9529 - val_loss: 0.2434 - val_accuracy_function: 0.9082 - 343s/epoch - 122ms/step
Epoch 61/100
2813/2813 - 343s - loss: 0.1206 - accuracy_function: 0.9532 - val_loss: 0.2476 - val_accuracy_function: 0.9073 - 343s/epoch - 122ms/step
Epoch 62/100
2813/2813 - 343s - loss: 0.1199 - accuracy_function: 0.9534 - val_loss: 0.2507 - val_accuracy_function: 0.9065 - 343s/epoch - 122ms/step
Epoch 63/100
2813/2813 - 344s - loss: 0.1193 - accuracy_function: 0.9537 - val_loss: 0.2482 - val_accuracy_function: 0.9072 - 344s/epoch - 122ms/step
Epoch 64/100
2813/2813 - 343s - loss: 0.1186 - accuracy_function: 0.9539 - val_loss: 0.2505 - val_accuracy_function: 0.9071 - 343s/epoch - 122ms/step
Epoch 65/100
2813/2813 - 343s - loss: 0.1180 - accuracy_function: 0.9541 - val_loss: 0.2493 - val_accuracy_function: 0.9072 - 343s/epoch - 122ms/step
Epoch 66/100
2813/2813 - 344s - loss: 0.1174 - accuracy_function: 0.9544 - val_loss: 0.2509 - val_accuracy_function: 0.9073 - 344s/epoch - 122ms/step
Epoch 67/100
2813/2813 - 345s - loss: 0.1167 - accuracy_function: 0.9547 - val_loss: 0.2508 - val_accuracy_function: 0.9075 - 345s/epoch - 123ms/step
Epoch 68/100
2813/2813 - 343s - loss: 0.1161 - accuracy_function: 0.9549 - val_loss: 0.2507 - val_accuracy_function: 0.9069 - 343s/epoch - 122ms/step
Epoch 69/100
2813/2813 - 344s - loss: 0.1155 - accuracy_function: 0.9552 - val_loss: 0.2543 - val_accuracy_function: 0.9065 - 344s/epoch - 122ms/step
Epoch 70/100
2813/2813 - 344s - loss: 0.1149 - accuracy_function: 0.9554 - val_loss: 0.2522 - val_accuracy_function: 0.9072 - 344s/epoch - 122ms/step
Epoch 71/100
2813/2813 - 344s - loss: 0.1144 - accuracy_function: 0.9556 - val_loss: 0.2522 - val_accuracy_function: 0.9071 - 344s/epoch - 122ms/step
Epoch 72/100
2813/2813 - 344s - loss: 0.1139 - accuracy_function: 0.9557 - val_loss: 0.2531 - val_accuracy_function: 0.9068 - 344s/epoch - 122ms/step
Epoch 73/100
2813/2813 - 344s - loss: 0.1133 - accuracy_function: 0.9560 - val_loss: 0.2520 - val_accuracy_function: 0.9074 - 344s/epoch - 122ms/step
Epoch 74/100
2813/2813 - 343s - loss: 0.1129 - accuracy_function: 0.9562 - val_loss: 0.2560 - val_accuracy_function: 0.9073 - 343s/epoch - 122ms/step
Epoch 75/100
2813/2813 - 344s - loss: 0.1123 - accuracy_function: 0.9564 - val_loss: 0.2536 - val_accuracy_function: 0.9073 - 344s/epoch - 122ms/step
Epoch 76/100
2813/2813 - 343s - loss: 0.1118 - accuracy_function: 0.9566 - val_loss: 0.2518 - val_accuracy_function: 0.9077 - 343s/epoch - 122ms/step
Epoch 77/100
2813/2813 - 344s - loss: 0.1113 - accuracy_function: 0.9568 - val_loss: 0.2568 - val_accuracy_function: 0.9075 - 344s/epoch - 122ms/step
Epoch 78/100
2813/2813 - 344s - loss: 0.1107 - accuracy_function: 0.9570 - val_loss: 0.2565 - val_accuracy_function: 0.9066 - 344s/epoch - 122ms/step
Epoch 79/100
2813/2813 - 344s - loss: 0.1102 - accuracy_function: 0.9572 - val_loss: 0.2569 - val_accuracy_function: 0.9069 - 344s/epoch - 122ms/step
Epoch 80/100
2813/2813 - 344s - loss: 0.1099 - accuracy_function: 0.9574 - val_loss: 0.2548 - val_accuracy_function: 0.9069 - 344s/epoch - 122ms/step
Epoch 81/100
2813/2813 - 343s - loss: 0.1094 - accuracy_function: 0.9576 - val_loss: 0.2569 - val_accuracy_function: 0.9066 - 343s/epoch - 122ms/step
Epoch 82/100
2813/2813 - 344s - loss: 0.1089 - accuracy_function: 0.9577 - val_loss: 0.2589 - val_accuracy_function: 0.9063 - 344s/epoch - 122ms/step
Epoch 83/100
2813/2813 - 343s - loss: 0.1085 - accuracy_function: 0.9578 - val_loss: 0.2579 - val_accuracy_function: 0.9071 - 343s/epoch - 122ms/step
Epoch 84/100
2813/2813 - 344s - loss: 0.1081 - accuracy_function: 0.9581 - val_loss: 0.2529 - val_accuracy_function: 0.9071 - 344s/epoch - 122ms/step
Epoch 85/100
2813/2813 - 344s - loss: 0.1077 - accuracy_function: 0.9582 - val_loss: 0.2580 - val_accuracy_function: 0.9070 - 344s/epoch - 122ms/step
Epoch 86/100
2813/2813 - 344s - loss: 0.1070 - accuracy_function: 0.9585 - val_loss: 0.2626 - val_accuracy_function: 0.9061 - 344s/epoch - 122ms/step
Epoch 87/100
2813/2813 - 344s - loss: 0.1067 - accuracy_function: 0.9585 - val_loss: 0.2600 - val_accuracy_function: 0.9063 - 344s/epoch - 122ms/step
Epoch 88/100
2813/2813 - 344s - loss: 0.1062 - accuracy_function: 0.9588 - val_loss: 0.2621 - val_accuracy_function: 0.9060 - 344s/epoch - 122ms/step
Epoch 89/100
2813/2813 - 345s - loss: 0.1058 - accuracy_function: 0.9589 - val_loss: 0.2604 - val_accuracy_function: 0.9066 - 345s/epoch - 123ms/step
Epoch 90/100
2813/2813 - 344s - loss: 0.1054 - accuracy_function: 0.9591 - val_loss: 0.2623 - val_accuracy_function: 0.9066 - 344s/epoch - 122ms/step
Epoch 91/100
2813/2813 - 345s - loss: 0.1050 - accuracy_function: 0.9592 - val_loss: 0.2612 - val_accuracy_function: 0.9063 - 345s/epoch - 123ms/step
Epoch 92/100
2813/2813 - 344s - loss: 0.1047 - accuracy_function: 0.9594 - val_loss: 0.2611 - val_accuracy_function: 0.9065 - 344s/epoch - 122ms/step
Epoch 93/100
2813/2813 - 344s - loss: 0.1042 - accuracy_function: 0.9595 - val_loss: 0.2588 - val_accuracy_function: 0.9067 - 344s/epoch - 122ms/step
Epoch 94/100
2813/2813 - 344s - loss: 0.1038 - accuracy_function: 0.9597 - val_loss: 0.2593 - val_accuracy_function: 0.9070 - 344s/epoch - 122ms/step
Epoch 95/100
2813/2813 - 344s - loss: 0.1034 - accuracy_function: 0.9599 - val_loss: 0.2618 - val_accuracy_function: 0.9064 - 344s/epoch - 122ms/step
Epoch 96/100
2813/2813 - 344s - loss: 0.1032 - accuracy_function: 0.9600 - val_loss: 0.2596 - val_accuracy_function: 0.9070 - 344s/epoch - 122ms/step
Epoch 97/100
2813/2813 - 344s - loss: 0.1028 - accuracy_function: 0.9601 - val_loss: 0.2598 - val_accuracy_function: 0.9068 - 344s/epoch - 122ms/step
Epoch 98/100
2813/2813 - 344s - loss: 0.1024 - accuracy_function: 0.9603 - val_loss: 0.2635 - val_accuracy_function: 0.9066 - 344s/epoch - 122ms/step
Epoch 99/100
2813/2813 - 344s - loss: 0.1020 - accuracy_function: 0.9605 - val_loss: 0.2638 - val_accuracy_function: 0.9066 - 344s/epoch - 122ms/step
Epoch 100/100
2813/2813 - 344s - loss: 0.1017 - accuracy_function: 0.9605 - val_loss: 0.2661 - val_accuracy_function: 0.9065 - 344s/epoch - 122ms/step



BEST: 0.9083
