DONE WITH READING PAIRS
DONE WITH PREPARING TRAIN DATA
DONE WITH PREPARING VALIDATION DATA
PREPROCESSING DONE!
Testing model output:
(32, 402, 445)
Model: "transformer_model"
_________________________________________________________________
 Layer (type)                Output Shape              Param #   
=================================================================
 positional_embedding_layer   multiple                 3328      
 (PositionalEmbeddingLayer)                                      
                                                                 
 encoder_layer (EncoderLayer  multiple                 396032    
 )                                                               
                                                                 
 encoder_layer_1 (EncoderLay  multiple                 396032    
 er)                                                             
                                                                 
 positional_embedding_layer_  multiple                 56960     
 1 (PositionalEmbeddingLayer                                     
 )                                                               
                                                                 
 decoder_layer (DecoderLayer  multiple                 660096    
 )                                                               
                                                                 
 decoder_layer_1 (DecoderLay  multiple                 660096    
 er)                                                             
                                                                 
 dense_8 (Dense)             multiple                  57405     
                                                                 
=================================================================
Total params: 2,229,949
Trainable params: 2,229,949
Non-trainable params: 0
_________________________________________________________________
Epoch 1/100
2813/2813 - 255s - loss: 4.1689 - accuracy_function: 0.1807 - val_loss: 4.7233 - val_accuracy_function: 0.0956 - 255s/epoch - 91ms/step
Epoch 2/100
2813/2813 - 210s - loss: 2.8852 - accuracy_function: 0.3468 - val_loss: 1.9246 - val_accuracy_function: 0.5052 - 210s/epoch - 75ms/step
Epoch 3/100
2813/2813 - 210s - loss: 1.0237 - accuracy_function: 0.6995 - val_loss: 0.7422 - val_accuracy_function: 0.7504 - 210s/epoch - 75ms/step
Epoch 4/100
2813/2813 - 210s - loss: 0.6511 - accuracy_function: 0.7862 - val_loss: 0.5502 - val_accuracy_function: 0.8035 - 210s/epoch - 75ms/step
Epoch 5/100
2813/2813 - 210s - loss: 0.4951 - accuracy_function: 0.8278 - val_loss: 0.4693 - val_accuracy_function: 0.8240 - 210s/epoch - 75ms/step
Epoch 6/100
2813/2813 - 210s - loss: 0.4122 - accuracy_function: 0.8518 - val_loss: 0.4268 - val_accuracy_function: 0.8376 - 210s/epoch - 75ms/step
Epoch 7/100
2813/2813 - 210s - loss: 0.3626 - accuracy_function: 0.8669 - val_loss: 0.4025 - val_accuracy_function: 0.8449 - 210s/epoch - 74ms/step
Epoch 8/100
2813/2813 - 210s - loss: 0.3250 - accuracy_function: 0.8786 - val_loss: 0.3765 - val_accuracy_function: 0.8520 - 210s/epoch - 75ms/step
Epoch 9/100
2813/2813 - 210s - loss: 0.2956 - accuracy_function: 0.8880 - val_loss: 0.3615 - val_accuracy_function: 0.8584 - 210s/epoch - 75ms/step
Epoch 10/100
2813/2813 - 210s - loss: 0.2757 - accuracy_function: 0.8948 - val_loss: 0.3501 - val_accuracy_function: 0.8636 - 210s/epoch - 75ms/step
Epoch 11/100
2813/2813 - 210s - loss: 0.2612 - accuracy_function: 0.8999 - val_loss: 0.3334 - val_accuracy_function: 0.8689 - 210s/epoch - 75ms/step
Epoch 12/100
2813/2813 - 210s - loss: 0.2490 - accuracy_function: 0.9044 - val_loss: 0.3258 - val_accuracy_function: 0.8717 - 210s/epoch - 75ms/step
Epoch 13/100
2813/2813 - 210s - loss: 0.2400 - accuracy_function: 0.9077 - val_loss: 0.3194 - val_accuracy_function: 0.8751 - 210s/epoch - 75ms/step
Epoch 14/100
2813/2813 - 210s - loss: 0.2323 - accuracy_function: 0.9105 - val_loss: 0.3109 - val_accuracy_function: 0.8786 - 210s/epoch - 74ms/step
Epoch 15/100
2813/2813 - 210s - loss: 0.2259 - accuracy_function: 0.9130 - val_loss: 0.3063 - val_accuracy_function: 0.8799 - 210s/epoch - 75ms/step
Epoch 16/100
2813/2813 - 210s - loss: 0.2200 - accuracy_function: 0.9151 - val_loss: 0.3010 - val_accuracy_function: 0.8830 - 210s/epoch - 75ms/step
Epoch 17/100
2813/2813 - 210s - loss: 0.2149 - accuracy_function: 0.9170 - val_loss: 0.2988 - val_accuracy_function: 0.8838 - 210s/epoch - 75ms/step
Epoch 18/100
2813/2813 - 211s - loss: 0.2107 - accuracy_function: 0.9185 - val_loss: 0.2937 - val_accuracy_function: 0.8859 - 211s/epoch - 75ms/step
Epoch 19/100
2813/2813 - 210s - loss: 0.2066 - accuracy_function: 0.9201 - val_loss: 0.2897 - val_accuracy_function: 0.8869 - 210s/epoch - 75ms/step
Epoch 20/100
2813/2813 - 210s - loss: 0.2028 - accuracy_function: 0.9215 - val_loss: 0.2872 - val_accuracy_function: 0.8876 - 210s/epoch - 75ms/step
Epoch 21/100
2813/2813 - 210s - loss: 0.1998 - accuracy_function: 0.9227 - val_loss: 0.2847 - val_accuracy_function: 0.8891 - 210s/epoch - 75ms/step
Epoch 22/100
2813/2813 - 210s - loss: 0.1966 - accuracy_function: 0.9238 - val_loss: 0.2846 - val_accuracy_function: 0.8898 - 210s/epoch - 75ms/step
Epoch 23/100
2813/2813 - 210s - loss: 0.1945 - accuracy_function: 0.9247 - val_loss: 0.2840 - val_accuracy_function: 0.8893 - 210s/epoch - 75ms/step
Epoch 24/100
2813/2813 - 210s - loss: 0.1918 - accuracy_function: 0.9258 - val_loss: 0.2816 - val_accuracy_function: 0.8907 - 210s/epoch - 75ms/step
Epoch 25/100
2813/2813 - 210s - loss: 0.1893 - accuracy_function: 0.9266 - val_loss: 0.2806 - val_accuracy_function: 0.8907 - 210s/epoch - 75ms/step
Epoch 26/100
2813/2813 - 210s - loss: 0.1873 - accuracy_function: 0.9274 - val_loss: 0.2794 - val_accuracy_function: 0.8910 - 210s/epoch - 75ms/step
Epoch 27/100
2813/2813 - 210s - loss: 0.1851 - accuracy_function: 0.9282 - val_loss: 0.2779 - val_accuracy_function: 0.8920 - 210s/epoch - 75ms/step
Epoch 28/100
2813/2813 - 209s - loss: 0.1833 - accuracy_function: 0.9289 - val_loss: 0.2748 - val_accuracy_function: 0.8933 - 209s/epoch - 74ms/step
Epoch 29/100
2813/2813 - 209s - loss: 0.1815 - accuracy_function: 0.9296 - val_loss: 0.2762 - val_accuracy_function: 0.8928 - 209s/epoch - 74ms/step
Epoch 30/100
2813/2813 - 211s - loss: 0.1799 - accuracy_function: 0.9302 - val_loss: 0.2743 - val_accuracy_function: 0.8933 - 211s/epoch - 75ms/step
Epoch 31/100
2813/2813 - 210s - loss: 0.1782 - accuracy_function: 0.9308 - val_loss: 0.2775 - val_accuracy_function: 0.8930 - 210s/epoch - 75ms/step
Epoch 32/100
2813/2813 - 210s - loss: 0.1770 - accuracy_function: 0.9313 - val_loss: 0.2763 - val_accuracy_function: 0.8939 - 210s/epoch - 74ms/step
Epoch 33/100
2813/2813 - 209s - loss: 0.1756 - accuracy_function: 0.9319 - val_loss: 0.2750 - val_accuracy_function: 0.8942 - 209s/epoch - 74ms/step
Epoch 34/100
2813/2813 - 210s - loss: 0.1741 - accuracy_function: 0.9324 - val_loss: 0.2742 - val_accuracy_function: 0.8944 - 210s/epoch - 75ms/step
Epoch 35/100
2813/2813 - 210s - loss: 0.1728 - accuracy_function: 0.9328 - val_loss: 0.2740 - val_accuracy_function: 0.8940 - 210s/epoch - 75ms/step
Epoch 36/100
2813/2813 - 211s - loss: 0.1717 - accuracy_function: 0.9333 - val_loss: 0.2713 - val_accuracy_function: 0.8949 - 211s/epoch - 75ms/step
Epoch 37/100
2813/2813 - 210s - loss: 0.1705 - accuracy_function: 0.9338 - val_loss: 0.2705 - val_accuracy_function: 0.8953 - 210s/epoch - 75ms/step
Epoch 38/100
2813/2813 - 210s - loss: 0.1694 - accuracy_function: 0.9342 - val_loss: 0.2725 - val_accuracy_function: 0.8949 - 210s/epoch - 75ms/step
Epoch 39/100
2813/2813 - 209s - loss: 0.1683 - accuracy_function: 0.9346 - val_loss: 0.2714 - val_accuracy_function: 0.8957 - 209s/epoch - 74ms/step
Epoch 40/100
2813/2813 - 211s - loss: 0.1675 - accuracy_function: 0.9350 - val_loss: 0.2698 - val_accuracy_function: 0.8961 - 211s/epoch - 75ms/step
Epoch 41/100
2813/2813 - 210s - loss: 0.1663 - accuracy_function: 0.9354 - val_loss: 0.2706 - val_accuracy_function: 0.8960 - 210s/epoch - 75ms/step
Epoch 42/100
2813/2813 - 209s - loss: 0.1653 - accuracy_function: 0.9357 - val_loss: 0.2712 - val_accuracy_function: 0.8954 - 209s/epoch - 74ms/step
Epoch 43/100
2813/2813 - 210s - loss: 0.1644 - accuracy_function: 0.9361 - val_loss: 0.2721 - val_accuracy_function: 0.8955 - 210s/epoch - 75ms/step
Epoch 44/100
2813/2813 - 210s - loss: 0.1636 - accuracy_function: 0.9365 - val_loss: 0.2687 - val_accuracy_function: 0.8967 - 210s/epoch - 75ms/step
Epoch 45/100
2813/2813 - 210s - loss: 0.1628 - accuracy_function: 0.9367 - val_loss: 0.2714 - val_accuracy_function: 0.8950 - 210s/epoch - 74ms/step
Epoch 46/100
2813/2813 - 209s - loss: 0.1618 - accuracy_function: 0.9371 - val_loss: 0.2701 - val_accuracy_function: 0.8959 - 209s/epoch - 74ms/step
Epoch 47/100
2813/2813 - 210s - loss: 0.1610 - accuracy_function: 0.9374 - val_loss: 0.2692 - val_accuracy_function: 0.8965 - 210s/epoch - 75ms/step
Epoch 48/100
2813/2813 - 209s - loss: 0.1601 - accuracy_function: 0.9378 - val_loss: 0.2686 - val_accuracy_function: 0.8972 - 209s/epoch - 74ms/step
Epoch 49/100
2813/2813 - 210s - loss: 0.1595 - accuracy_function: 0.9381 - val_loss: 0.2681 - val_accuracy_function: 0.8970 - 210s/epoch - 75ms/step
Epoch 50/100
2813/2813 - 210s - loss: 0.1588 - accuracy_function: 0.9383 - val_loss: 0.2663 - val_accuracy_function: 0.8974 - 210s/epoch - 75ms/step
Epoch 51/100
2813/2813 - 209s - loss: 0.1580 - accuracy_function: 0.9386 - val_loss: 0.2697 - val_accuracy_function: 0.8968 - 209s/epoch - 74ms/step
Epoch 52/100
2813/2813 - 210s - loss: 0.1573 - accuracy_function: 0.9388 - val_loss: 0.2707 - val_accuracy_function: 0.8976 - 210s/epoch - 75ms/step
Epoch 53/100
2813/2813 - 210s - loss: 0.1567 - accuracy_function: 0.9391 - val_loss: 0.2713 - val_accuracy_function: 0.8963 - 210s/epoch - 74ms/step
Epoch 54/100
2813/2813 - 209s - loss: 0.1559 - accuracy_function: 0.9394 - val_loss: 0.2671 - val_accuracy_function: 0.8976 - 209s/epoch - 74ms/step
Epoch 55/100
2813/2813 - 209s - loss: 0.1552 - accuracy_function: 0.9396 - val_loss: 0.2726 - val_accuracy_function: 0.8969 - 209s/epoch - 74ms/step
Epoch 56/100
2813/2813 - 209s - loss: 0.1547 - accuracy_function: 0.9399 - val_loss: 0.2694 - val_accuracy_function: 0.8968 - 209s/epoch - 74ms/step
Epoch 57/100
2813/2813 - 209s - loss: 0.1540 - accuracy_function: 0.9401 - val_loss: 0.2714 - val_accuracy_function: 0.8972 - 209s/epoch - 74ms/step
Epoch 58/100
2813/2813 - 210s - loss: 0.1535 - accuracy_function: 0.9403 - val_loss: 0.2676 - val_accuracy_function: 0.8981 - 210s/epoch - 75ms/step
Epoch 59/100
2813/2813 - 210s - loss: 0.1530 - accuracy_function: 0.9405 - val_loss: 0.2679 - val_accuracy_function: 0.8977 - 210s/epoch - 75ms/step
Epoch 60/100
2813/2813 - 209s - loss: 0.1524 - accuracy_function: 0.9408 - val_loss: 0.2667 - val_accuracy_function: 0.8978 - 209s/epoch - 74ms/step
Epoch 61/100
2813/2813 - 210s - loss: 0.1518 - accuracy_function: 0.9409 - val_loss: 0.2663 - val_accuracy_function: 0.8976 - 210s/epoch - 75ms/step
Epoch 62/100
2813/2813 - 209s - loss: 0.1513 - accuracy_function: 0.9412 - val_loss: 0.2673 - val_accuracy_function: 0.8978 - 209s/epoch - 74ms/step
Epoch 63/100
2813/2813 - 209s - loss: 0.1508 - accuracy_function: 0.9414 - val_loss: 0.2688 - val_accuracy_function: 0.8973 - 209s/epoch - 74ms/step
Epoch 64/100
2813/2813 - 210s - loss: 0.1503 - accuracy_function: 0.9416 - val_loss: 0.2703 - val_accuracy_function: 0.8972 - 210s/epoch - 75ms/step
Epoch 65/100
2813/2813 - 209s - loss: 0.1497 - accuracy_function: 0.9418 - val_loss: 0.2729 - val_accuracy_function: 0.8969 - 209s/epoch - 74ms/step
Epoch 66/100
2813/2813 - 209s - loss: 0.1492 - accuracy_function: 0.9419 - val_loss: 0.2695 - val_accuracy_function: 0.8979 - 209s/epoch - 74ms/step
Epoch 67/100
2813/2813 - 209s - loss: 0.1488 - accuracy_function: 0.9421 - val_loss: 0.2668 - val_accuracy_function: 0.8979 - 209s/epoch - 74ms/step
Epoch 68/100
2813/2813 - 209s - loss: 0.1484 - accuracy_function: 0.9423 - val_loss: 0.2712 - val_accuracy_function: 0.8972 - 209s/epoch - 74ms/step
Epoch 69/100
2813/2813 - 209s - loss: 0.1479 - accuracy_function: 0.9425 - val_loss: 0.2686 - val_accuracy_function: 0.8977 - 209s/epoch - 74ms/step
Epoch 70/100
2813/2813 - 210s - loss: 0.1474 - accuracy_function: 0.9426 - val_loss: 0.2719 - val_accuracy_function: 0.8980 - 210s/epoch - 75ms/step
Epoch 71/100
2813/2813 - 209s - loss: 0.1469 - accuracy_function: 0.9428 - val_loss: 0.2708 - val_accuracy_function: 0.8971 - 209s/epoch - 74ms/step
Epoch 72/100
2813/2813 - 209s - loss: 0.1466 - accuracy_function: 0.9430 - val_loss: 0.2746 - val_accuracy_function: 0.8968 - 209s/epoch - 74ms/step
Epoch 73/100
2813/2813 - 210s - loss: 0.1461 - accuracy_function: 0.9432 - val_loss: 0.2682 - val_accuracy_function: 0.8984 - 210s/epoch - 75ms/step
Epoch 74/100
2813/2813 - 210s - loss: 0.1455 - accuracy_function: 0.9434 - val_loss: 0.2713 - val_accuracy_function: 0.8979 - 210s/epoch - 75ms/step
Epoch 75/100
2813/2813 - 210s - loss: 0.1454 - accuracy_function: 0.9435 - val_loss: 0.2722 - val_accuracy_function: 0.8974 - 210s/epoch - 75ms/step
Epoch 76/100
2813/2813 - 210s - loss: 0.1449 - accuracy_function: 0.9437 - val_loss: 0.2689 - val_accuracy_function: 0.8985 - 210s/epoch - 75ms/step
Epoch 77/100
2813/2813 - 209s - loss: 0.1447 - accuracy_function: 0.9437 - val_loss: 0.2707 - val_accuracy_function: 0.8974 - 209s/epoch - 74ms/step
Epoch 78/100
2813/2813 - 209s - loss: 0.1441 - accuracy_function: 0.9440 - val_loss: 0.2701 - val_accuracy_function: 0.8974 - 209s/epoch - 74ms/step
Epoch 79/100
2813/2813 - 210s - loss: 0.1437 - accuracy_function: 0.9441 - val_loss: 0.2718 - val_accuracy_function: 0.8977 - 210s/epoch - 74ms/step
Epoch 80/100
2813/2813 - 209s - loss: 0.1435 - accuracy_function: 0.9442 - val_loss: 0.2716 - val_accuracy_function: 0.8977 - 209s/epoch - 74ms/step
Epoch 81/100
2813/2813 - 209s - loss: 0.1430 - accuracy_function: 0.9443 - val_loss: 0.2719 - val_accuracy_function: 0.8979 - 209s/epoch - 74ms/step
Epoch 82/100
2813/2813 - 210s - loss: 0.1426 - accuracy_function: 0.9446 - val_loss: 0.2707 - val_accuracy_function: 0.8979 - 210s/epoch - 75ms/step
Epoch 83/100
2813/2813 - 209s - loss: 0.1423 - accuracy_function: 0.9447 - val_loss: 0.2713 - val_accuracy_function: 0.8980 - 209s/epoch - 74ms/step
Epoch 84/100
2813/2813 - 209s - loss: 0.1419 - accuracy_function: 0.9448 - val_loss: 0.2694 - val_accuracy_function: 0.8981 - 209s/epoch - 74ms/step
Epoch 85/100
2813/2813 - 210s - loss: 0.1415 - accuracy_function: 0.9450 - val_loss: 0.2733 - val_accuracy_function: 0.8978 - 210s/epoch - 74ms/step
Epoch 86/100
2813/2813 - 209s - loss: 0.1413 - accuracy_function: 0.9450 - val_loss: 0.2748 - val_accuracy_function: 0.8971 - 209s/epoch - 74ms/step
Epoch 87/100
2813/2813 - 209s - loss: 0.1410 - accuracy_function: 0.9452 - val_loss: 0.2730 - val_accuracy_function: 0.8977 - 209s/epoch - 74ms/step
Epoch 88/100
2813/2813 - 210s - loss: 0.1404 - accuracy_function: 0.9454 - val_loss: 0.2713 - val_accuracy_function: 0.8983 - 210s/epoch - 75ms/step
Epoch 89/100
2813/2813 - 210s - loss: 0.1403 - accuracy_function: 0.9455 - val_loss: 0.2741 - val_accuracy_function: 0.8971 - 210s/epoch - 74ms/step
Epoch 90/100
2813/2813 - 209s - loss: 0.1398 - accuracy_function: 0.9456 - val_loss: 0.2720 - val_accuracy_function: 0.8980 - 209s/epoch - 74ms/step
Epoch 91/100
2813/2813 - 210s - loss: 0.1397 - accuracy_function: 0.9457 - val_loss: 0.2688 - val_accuracy_function: 0.8982 - 210s/epoch - 74ms/step
Epoch 92/100
2813/2813 - 209s - loss: 0.1394 - accuracy_function: 0.9458 - val_loss: 0.2717 - val_accuracy_function: 0.8980 - 209s/epoch - 74ms/step
Epoch 93/100
2813/2813 - 209s - loss: 0.1391 - accuracy_function: 0.9459 - val_loss: 0.2738 - val_accuracy_function: 0.8976 - 209s/epoch - 74ms/step
Epoch 94/100
2813/2813 - 211s - loss: 0.1388 - accuracy_function: 0.9460 - val_loss: 0.2722 - val_accuracy_function: 0.8982 - 211s/epoch - 75ms/step
Epoch 95/100
2813/2813 - 210s - loss: 0.1384 - accuracy_function: 0.9462 - val_loss: 0.2735 - val_accuracy_function: 0.8979 - 210s/epoch - 75ms/step
Epoch 96/100
2813/2813 - 211s - loss: 0.1382 - accuracy_function: 0.9462 - val_loss: 0.2705 - val_accuracy_function: 0.8985 - 211s/epoch - 75ms/step
Epoch 97/100
2813/2813 - 211s - loss: 0.1379 - accuracy_function: 0.9464 - val_loss: 0.2727 - val_accuracy_function: 0.8982 - 211s/epoch - 75ms/step
Epoch 98/100
2813/2813 - 210s - loss: 0.1375 - accuracy_function: 0.9465 - val_loss: 0.2738 - val_accuracy_function: 0.8970 - 210s/epoch - 75ms/step
Epoch 99/100
2813/2813 - 211s - loss: 0.1374 - accuracy_function: 0.9466 - val_loss: 0.2725 - val_accuracy_function: 0.8980 - 211s/epoch - 75ms/step
Epoch 100/100
2813/2813 - 211s - loss: 0.1371 - accuracy_function: 0.9467 - val_loss: 0.2722 - val_accuracy_function: 0.8978 - 211s/epoch - 75ms/step
0.8985229134559631
