DONE WITH READING PAIRS
DONE WITH PREPARING TRAIN DATA
DONE WITH PREPARING VALIDATION DATA
PREPROCESSING DONE!
Testing model output:
(32, 402, 445)
Model: "transformer_model"
_________________________________________________________________
 Layer (type)                Output Shape              Param #   
=================================================================
 positional_embedding_layer   multiple                 6656      
 (PositionalEmbeddingLayer)                                      
                                                                 
 encoder_layer (EncoderLayer  multiple                 1315840   
 )                                                               
                                                                 
 encoder_layer_1 (EncoderLay  multiple                 1315840   
 er)                                                             
                                                                 
 positional_embedding_layer_  multiple                 113920    
 1 (PositionalEmbeddingLayer                                     
 )                                                               
                                                                 
 decoder_layer (DecoderLayer  multiple                 2368256   
 )                                                               
                                                                 
 decoder_layer_1 (DecoderLay  multiple                 2368256   
 er)                                                             
                                                                 
 dense_8 (Dense)             multiple                  114365    
                                                                 
=================================================================
Total params: 7,603,133
Trainable params: 7,603,133
Non-trainable params: 0
_________________________________________________________________
Epoch 1/100
2813/2813 - 422s - loss: 4.0307 - accuracy_function: 0.1994 - val_loss: 4.2947 - val_accuracy_function: 0.1377 - 422s/epoch - 150ms/step
Epoch 2/100
2813/2813 - 377s - loss: 1.3961 - accuracy_function: 0.6326 - val_loss: 0.6444 - val_accuracy_function: 0.7749 - 377s/epoch - 134ms/step
Epoch 3/100
2813/2813 - 378s - loss: 0.5232 - accuracy_function: 0.8206 - val_loss: 0.5144 - val_accuracy_function: 0.8129 - 378s/epoch - 134ms/step
Epoch 4/100
2813/2813 - 378s - loss: 0.4023 - accuracy_function: 0.8547 - val_loss: 0.4255 - val_accuracy_function: 0.8377 - 378s/epoch - 134ms/step
Epoch 5/100
2813/2813 - 377s - loss: 0.3366 - accuracy_function: 0.8749 - val_loss: 0.3803 - val_accuracy_function: 0.8518 - 377s/epoch - 134ms/step
Epoch 6/100
2813/2813 - 377s - loss: 0.2946 - accuracy_function: 0.8886 - val_loss: 0.3587 - val_accuracy_function: 0.8602 - 377s/epoch - 134ms/step
Epoch 7/100
2813/2813 - 377s - loss: 0.2677 - accuracy_function: 0.8980 - val_loss: 0.3371 - val_accuracy_function: 0.8689 - 377s/epoch - 134ms/step
Epoch 8/100
2813/2813 - 377s - loss: 0.2490 - accuracy_function: 0.9046 - val_loss: 0.3207 - val_accuracy_function: 0.8751 - 377s/epoch - 134ms/step
Epoch 9/100
2813/2813 - 377s - loss: 0.2348 - accuracy_function: 0.9098 - val_loss: 0.3096 - val_accuracy_function: 0.8786 - 377s/epoch - 134ms/step
Epoch 10/100
2813/2813 - 377s - loss: 0.2229 - accuracy_function: 0.9142 - val_loss: 0.3022 - val_accuracy_function: 0.8819 - 377s/epoch - 134ms/step
Epoch 11/100
2813/2813 - 377s - loss: 0.2128 - accuracy_function: 0.9180 - val_loss: 0.2942 - val_accuracy_function: 0.8839 - 377s/epoch - 134ms/step
Epoch 12/100
2813/2813 - 377s - loss: 0.2031 - accuracy_function: 0.9217 - val_loss: 0.2886 - val_accuracy_function: 0.8877 - 377s/epoch - 134ms/step
Epoch 13/100
2813/2813 - 377s - loss: 0.1947 - accuracy_function: 0.9250 - val_loss: 0.2831 - val_accuracy_function: 0.8906 - 377s/epoch - 134ms/step
Epoch 14/100
2813/2813 - 378s - loss: 0.1876 - accuracy_function: 0.9277 - val_loss: 0.2791 - val_accuracy_function: 0.8923 - 378s/epoch - 134ms/step
Epoch 15/100
2813/2813 - 378s - loss: 0.1810 - accuracy_function: 0.9301 - val_loss: 0.2657 - val_accuracy_function: 0.8959 - 378s/epoch - 134ms/step
Epoch 16/100
2813/2813 - 378s - loss: 0.1755 - accuracy_function: 0.9322 - val_loss: 0.2641 - val_accuracy_function: 0.8975 - 378s/epoch - 134ms/step
Epoch 17/100
2813/2813 - 377s - loss: 0.1702 - accuracy_function: 0.9342 - val_loss: 0.2588 - val_accuracy_function: 0.8992 - 377s/epoch - 134ms/step
Epoch 18/100
2813/2813 - 377s - loss: 0.1655 - accuracy_function: 0.9361 - val_loss: 0.2542 - val_accuracy_function: 0.9006 - 377s/epoch - 134ms/step
Epoch 19/100
2813/2813 - 377s - loss: 0.1612 - accuracy_function: 0.9377 - val_loss: 0.2545 - val_accuracy_function: 0.9015 - 377s/epoch - 134ms/step
Epoch 20/100
2813/2813 - 378s - loss: 0.1575 - accuracy_function: 0.9391 - val_loss: 0.2545 - val_accuracy_function: 0.9009 - 378s/epoch - 134ms/step
Epoch 21/100
2813/2813 - 377s - loss: 0.1540 - accuracy_function: 0.9404 - val_loss: 0.2546 - val_accuracy_function: 0.9019 - 377s/epoch - 134ms/step
Epoch 22/100
2813/2813 - 378s - loss: 0.1511 - accuracy_function: 0.9415 - val_loss: 0.2518 - val_accuracy_function: 0.9033 - 378s/epoch - 134ms/step
Epoch 23/100
2813/2813 - 377s - loss: 0.1478 - accuracy_function: 0.9427 - val_loss: 0.2506 - val_accuracy_function: 0.9033 - 377s/epoch - 134ms/step
Epoch 24/100
2813/2813 - 377s - loss: 0.1454 - accuracy_function: 0.9437 - val_loss: 0.2519 - val_accuracy_function: 0.9038 - 377s/epoch - 134ms/step
Epoch 25/100
2813/2813 - 378s - loss: 0.1423 - accuracy_function: 0.9448 - val_loss: 0.2490 - val_accuracy_function: 0.9043 - 378s/epoch - 134ms/step
Epoch 26/100
2813/2813 - 377s - loss: 0.1400 - accuracy_function: 0.9457 - val_loss: 0.2541 - val_accuracy_function: 0.9038 - 377s/epoch - 134ms/step
Epoch 27/100
2813/2813 - 377s - loss: 0.1377 - accuracy_function: 0.9466 - val_loss: 0.2558 - val_accuracy_function: 0.9036 - 377s/epoch - 134ms/step
Epoch 28/100
2813/2813 - 376s - loss: 0.1354 - accuracy_function: 0.9475 - val_loss: 0.2503 - val_accuracy_function: 0.9037 - 376s/epoch - 134ms/step
Epoch 29/100
2813/2813 - 377s - loss: 0.1335 - accuracy_function: 0.9482 - val_loss: 0.2522 - val_accuracy_function: 0.9047 - 377s/epoch - 134ms/step
Epoch 30/100
2813/2813 - 377s - loss: 0.1312 - accuracy_function: 0.9491 - val_loss: 0.2520 - val_accuracy_function: 0.9041 - 377s/epoch - 134ms/step
Epoch 31/100
2813/2813 - 376s - loss: 0.1292 - accuracy_function: 0.9498 - val_loss: 0.2578 - val_accuracy_function: 0.9041 - 376s/epoch - 134ms/step
Epoch 32/100
2813/2813 - 377s - loss: 0.1274 - accuracy_function: 0.9506 - val_loss: 0.2505 - val_accuracy_function: 0.9055 - 377s/epoch - 134ms/step
Epoch 33/100
2813/2813 - 376s - loss: 0.1257 - accuracy_function: 0.9513 - val_loss: 0.2504 - val_accuracy_function: 0.9051 - 376s/epoch - 134ms/step
Epoch 34/100
2813/2813 - 376s - loss: 0.1239 - accuracy_function: 0.9519 - val_loss: 0.2553 - val_accuracy_function: 0.9051 - 376s/epoch - 134ms/step
Epoch 35/100
2813/2813 - 376s - loss: 0.1222 - accuracy_function: 0.9526 - val_loss: 0.2552 - val_accuracy_function: 0.9050 - 376s/epoch - 134ms/step
Epoch 36/100
2813/2813 - 376s - loss: 0.1206 - accuracy_function: 0.9532 - val_loss: 0.2544 - val_accuracy_function: 0.9051 - 376s/epoch - 134ms/step
Epoch 37/100
2813/2813 - 376s - loss: 0.1190 - accuracy_function: 0.9538 - val_loss: 0.2597 - val_accuracy_function: 0.9040 - 376s/epoch - 134ms/step
Epoch 38/100
2813/2813 - 376s - loss: 0.1174 - accuracy_function: 0.9545 - val_loss: 0.2564 - val_accuracy_function: 0.9050 - 376s/epoch - 134ms/step
Epoch 39/100
2813/2813 - 377s - loss: 0.1159 - accuracy_function: 0.9551 - val_loss: 0.2574 - val_accuracy_function: 0.9043 - 377s/epoch - 134ms/step
Epoch 40/100
2813/2813 - 376s - loss: 0.1146 - accuracy_function: 0.9555 - val_loss: 0.2546 - val_accuracy_function: 0.9051 - 376s/epoch - 134ms/step
Epoch 41/100
2813/2813 - 376s - loss: 0.1133 - accuracy_function: 0.9560 - val_loss: 0.2616 - val_accuracy_function: 0.9045 - 376s/epoch - 134ms/step
Epoch 42/100
2813/2813 - 376s - loss: 0.1118 - accuracy_function: 0.9566 - val_loss: 0.2642 - val_accuracy_function: 0.9048 - 376s/epoch - 134ms/step
Epoch 43/100
2813/2813 - 377s - loss: 0.1106 - accuracy_function: 0.9571 - val_loss: 0.2602 - val_accuracy_function: 0.9042 - 377s/epoch - 134ms/step
Epoch 44/100
2813/2813 - 376s - loss: 0.1093 - accuracy_function: 0.9576 - val_loss: 0.2653 - val_accuracy_function: 0.9042 - 376s/epoch - 134ms/step
Epoch 45/100
2813/2813 - 376s - loss: 0.1081 - accuracy_function: 0.9581 - val_loss: 0.2671 - val_accuracy_function: 0.9045 - 376s/epoch - 134ms/step
Epoch 46/100
2813/2813 - 376s - loss: 0.1069 - accuracy_function: 0.9585 - val_loss: 0.2646 - val_accuracy_function: 0.9039 - 376s/epoch - 134ms/step
Epoch 47/100
2813/2813 - 376s - loss: 0.1058 - accuracy_function: 0.9590 - val_loss: 0.2727 - val_accuracy_function: 0.9037 - 376s/epoch - 134ms/step
Epoch 48/100
2813/2813 - 377s - loss: 0.1045 - accuracy_function: 0.9595 - val_loss: 0.2674 - val_accuracy_function: 0.9044 - 377s/epoch - 134ms/step
Epoch 49/100
2813/2813 - 376s - loss: 0.1035 - accuracy_function: 0.9599 - val_loss: 0.2719 - val_accuracy_function: 0.9037 - 376s/epoch - 134ms/step
Epoch 50/100
2813/2813 - 376s - loss: 0.1024 - accuracy_function: 0.9603 - val_loss: 0.2716 - val_accuracy_function: 0.9040 - 376s/epoch - 134ms/step
Epoch 51/100
2813/2813 - 377s - loss: 0.1012 - accuracy_function: 0.9608 - val_loss: 0.2713 - val_accuracy_function: 0.9039 - 377s/epoch - 134ms/step
Epoch 52/100
2813/2813 - 377s - loss: 0.1002 - accuracy_function: 0.9612 - val_loss: 0.2795 - val_accuracy_function: 0.9027 - 377s/epoch - 134ms/step
Epoch 53/100
2813/2813 - 376s - loss: 0.0993 - accuracy_function: 0.9616 - val_loss: 0.2754 - val_accuracy_function: 0.9038 - 376s/epoch - 134ms/step
Epoch 54/100
2813/2813 - 377s - loss: 0.0982 - accuracy_function: 0.9620 - val_loss: 0.2819 - val_accuracy_function: 0.9033 - 377s/epoch - 134ms/step
Epoch 55/100
2813/2813 - 377s - loss: 0.0972 - accuracy_function: 0.9624 - val_loss: 0.2782 - val_accuracy_function: 0.9037 - 377s/epoch - 134ms/step
Epoch 56/100
2813/2813 - 377s - loss: 0.0962 - accuracy_function: 0.9628 - val_loss: 0.2831 - val_accuracy_function: 0.9027 - 377s/epoch - 134ms/step
Epoch 57/100
2813/2813 - 377s - loss: 0.0952 - accuracy_function: 0.9631 - val_loss: 0.2854 - val_accuracy_function: 0.9027 - 377s/epoch - 134ms/step
Epoch 58/100
2813/2813 - 377s - loss: 0.0944 - accuracy_function: 0.9635 - val_loss: 0.2817 - val_accuracy_function: 0.9037 - 377s/epoch - 134ms/step
Epoch 59/100
2813/2813 - 377s - loss: 0.0936 - accuracy_function: 0.9638 - val_loss: 0.2896 - val_accuracy_function: 0.9015 - 377s/epoch - 134ms/step
Epoch 60/100
2813/2813 - 377s - loss: 0.0925 - accuracy_function: 0.9642 - val_loss: 0.2872 - val_accuracy_function: 0.9022 - 377s/epoch - 134ms/step
Epoch 61/100
2813/2813 - 377s - loss: 0.0917 - accuracy_function: 0.9645 - val_loss: 0.2923 - val_accuracy_function: 0.9020 - 377s/epoch - 134ms/step
Epoch 62/100
2813/2813 - 377s - loss: 0.0908 - accuracy_function: 0.9649 - val_loss: 0.2894 - val_accuracy_function: 0.9020 - 377s/epoch - 134ms/step
Epoch 63/100
2813/2813 - 377s - loss: 0.0900 - accuracy_function: 0.9653 - val_loss: 0.2946 - val_accuracy_function: 0.9010 - 377s/epoch - 134ms/step
Epoch 64/100
2813/2813 - 377s - loss: 0.0891 - accuracy_function: 0.9655 - val_loss: 0.2958 - val_accuracy_function: 0.9019 - 377s/epoch - 134ms/step
Epoch 65/100
2813/2813 - 377s - loss: 0.0884 - accuracy_function: 0.9659 - val_loss: 0.3018 - val_accuracy_function: 0.9015 - 377s/epoch - 134ms/step
Epoch 66/100
2813/2813 - 377s - loss: 0.0875 - accuracy_function: 0.9662 - val_loss: 0.3007 - val_accuracy_function: 0.9022 - 377s/epoch - 134ms/step
Epoch 67/100
2813/2813 - 378s - loss: 0.0868 - accuracy_function: 0.9665 - val_loss: 0.3052 - val_accuracy_function: 0.9011 - 378s/epoch - 134ms/step
Epoch 68/100
2813/2813 - 377s - loss: 0.0860 - accuracy_function: 0.9668 - val_loss: 0.3005 - val_accuracy_function: 0.9010 - 377s/epoch - 134ms/step
Epoch 69/100
2813/2813 - 376s - loss: 0.0854 - accuracy_function: 0.9671 - val_loss: 0.3023 - val_accuracy_function: 0.9016 - 376s/epoch - 134ms/step
Epoch 70/100
2813/2813 - 378s - loss: 0.0846 - accuracy_function: 0.9673 - val_loss: 0.3059 - val_accuracy_function: 0.9009 - 378s/epoch - 134ms/step
Epoch 71/100
2813/2813 - 376s - loss: 0.0839 - accuracy_function: 0.9676 - val_loss: 0.3053 - val_accuracy_function: 0.9005 - 376s/epoch - 134ms/step
Epoch 72/100
2813/2813 - 377s - loss: 0.0832 - accuracy_function: 0.9679 - val_loss: 0.3086 - val_accuracy_function: 0.9001 - 377s/epoch - 134ms/step
Epoch 73/100
2813/2813 - 377s - loss: 0.0824 - accuracy_function: 0.9682 - val_loss: 0.3118 - val_accuracy_function: 0.9005 - 377s/epoch - 134ms/step
Epoch 74/100
2813/2813 - 376s - loss: 0.0818 - accuracy_function: 0.9684 - val_loss: 0.3187 - val_accuracy_function: 0.9003 - 376s/epoch - 134ms/step
Epoch 75/100
2813/2813 - 377s - loss: 0.0811 - accuracy_function: 0.9687 - val_loss: 0.3149 - val_accuracy_function: 0.9003 - 377s/epoch - 134ms/step
Epoch 76/100
2813/2813 - 377s - loss: 0.0804 - accuracy_function: 0.9690 - val_loss: 0.3149 - val_accuracy_function: 0.9002 - 377s/epoch - 134ms/step
Epoch 77/100
2813/2813 - 376s - loss: 0.0798 - accuracy_function: 0.9692 - val_loss: 0.3276 - val_accuracy_function: 0.8995 - 376s/epoch - 134ms/step
Epoch 78/100
2813/2813 - 376s - loss: 0.0791 - accuracy_function: 0.9695 - val_loss: 0.3241 - val_accuracy_function: 0.8995 - 376s/epoch - 134ms/step
Epoch 79/100
2813/2813 - 376s - loss: 0.0785 - accuracy_function: 0.9698 - val_loss: 0.3207 - val_accuracy_function: 0.9001 - 376s/epoch - 134ms/step
Epoch 80/100
2813/2813 - 376s - loss: 0.0778 - accuracy_function: 0.9700 - val_loss: 0.3316 - val_accuracy_function: 0.8991 - 376s/epoch - 134ms/step
Epoch 81/100
2813/2813 - 376s - loss: 0.0774 - accuracy_function: 0.9702 - val_loss: 0.3230 - val_accuracy_function: 0.8996 - 376s/epoch - 134ms/step
Epoch 82/100
2813/2813 - 377s - loss: 0.0766 - accuracy_function: 0.9705 - val_loss: 0.3271 - val_accuracy_function: 0.8983 - 377s/epoch - 134ms/step
Epoch 83/100
2813/2813 - 376s - loss: 0.0762 - accuracy_function: 0.9706 - val_loss: 0.3237 - val_accuracy_function: 0.8995 - 376s/epoch - 134ms/step
Epoch 84/100
2813/2813 - 376s - loss: 0.0755 - accuracy_function: 0.9710 - val_loss: 0.3359 - val_accuracy_function: 0.8984 - 376s/epoch - 134ms/step
Epoch 85/100
2813/2813 - 376s - loss: 0.0748 - accuracy_function: 0.9712 - val_loss: 0.3353 - val_accuracy_function: 0.8984 - 376s/epoch - 134ms/step
Epoch 86/100
2813/2813 - 377s - loss: 0.0745 - accuracy_function: 0.9713 - val_loss: 0.3361 - val_accuracy_function: 0.8984 - 377s/epoch - 134ms/step
Epoch 87/100
2813/2813 - 377s - loss: 0.0739 - accuracy_function: 0.9716 - val_loss: 0.3458 - val_accuracy_function: 0.8981 - 377s/epoch - 134ms/step
Epoch 88/100
2813/2813 - 377s - loss: 0.0731 - accuracy_function: 0.9718 - val_loss: 0.3414 - val_accuracy_function: 0.8987 - 377s/epoch - 134ms/step
Epoch 89/100
2813/2813 - 377s - loss: 0.0727 - accuracy_function: 0.9721 - val_loss: 0.3419 - val_accuracy_function: 0.8984 - 377s/epoch - 134ms/step
Epoch 90/100
2813/2813 - 377s - loss: 0.0721 - accuracy_function: 0.9723 - val_loss: 0.3504 - val_accuracy_function: 0.8979 - 377s/epoch - 134ms/step
Epoch 91/100
2813/2813 - 377s - loss: 0.0718 - accuracy_function: 0.9724 - val_loss: 0.3515 - val_accuracy_function: 0.8979 - 377s/epoch - 134ms/step
Epoch 92/100
2813/2813 - 378s - loss: 0.0711 - accuracy_function: 0.9727 - val_loss: 0.3487 - val_accuracy_function: 0.8977 - 378s/epoch - 134ms/step
Epoch 93/100
2813/2813 - 377s - loss: 0.0705 - accuracy_function: 0.9729 - val_loss: 0.3580 - val_accuracy_function: 0.8965 - 377s/epoch - 134ms/step
Epoch 94/100
2813/2813 - 377s - loss: 0.0701 - accuracy_function: 0.9731 - val_loss: 0.3476 - val_accuracy_function: 0.8968 - 377s/epoch - 134ms/step
Epoch 95/100
2813/2813 - 377s - loss: 0.0695 - accuracy_function: 0.9733 - val_loss: 0.3531 - val_accuracy_function: 0.8978 - 377s/epoch - 134ms/step
Epoch 96/100
2813/2813 - 377s - loss: 0.0691 - accuracy_function: 0.9735 - val_loss: 0.3587 - val_accuracy_function: 0.8973 - 377s/epoch - 134ms/step
Epoch 97/100
2813/2813 - 377s - loss: 0.0687 - accuracy_function: 0.9736 - val_loss: 0.3557 - val_accuracy_function: 0.8973 - 377s/epoch - 134ms/step
Epoch 98/100
2813/2813 - 377s - loss: 0.0681 - accuracy_function: 0.9739 - val_loss: 0.3600 - val_accuracy_function: 0.8970 - 377s/epoch - 134ms/step
Epoch 99/100
2813/2813 - 377s - loss: 0.0676 - accuracy_function: 0.9740 - val_loss: 0.3652 - val_accuracy_function: 0.8970 - 377s/epoch - 134ms/step
Epoch 100/100
2813/2813 - 377s - loss: 0.0672 - accuracy_function: 0.9742 - val_loss: 0.3665 - val_accuracy_function: 0.8966 - 377s/epoch - 134ms/step
0.9055433869361877
