DONE WITH READING PAIRS
DONE WITH PREPARING TRAIN DATA
DONE WITH PREPARING VALIDATION DATA
PREPROCESSING DONE!
Testing model output:
(32, 402, 445)
Model: "transformer_model"
_________________________________________________________________
 Layer (type)                Output Shape              Param #   
=================================================================
 positional_embedding_layer   multiple                 6656      
 (PositionalEmbeddingLayer)                                      
                                                                 
 encoder_layer (EncoderLayer  multiple                 2367488   
 )                                                               
                                                                 
 encoder_layer_1 (EncoderLay  multiple                 2367488   
 er)                                                             
                                                                 
 positional_embedding_layer_  multiple                 113920    
 1 (PositionalEmbeddingLayer                                     
 )                                                               
                                                                 
 decoder_layer (DecoderLayer  multiple                 4471552   
 )                                                               
                                                                 
 decoder_layer_1 (DecoderLay  multiple                 4471552   
 er)                                                             
                                                                 
 dense_8 (Dense)             multiple                  114365    
                                                                 
=================================================================
Total params: 13,913,021
Trainable params: 13,913,021
Non-trainable params: 0
_________________________________________________________________
Epoch 1/100
2813/2813 - 702s - loss: 4.0069 - accuracy_function: 0.2028 - val_loss: 4.4439 - val_accuracy_function: 0.1202 - 702s/epoch - 250ms/step
Epoch 2/100
2813/2813 - 665s - loss: 1.5322 - accuracy_function: 0.6063 - val_loss: 0.6607 - val_accuracy_function: 0.7713 - 665s/epoch - 236ms/step
Epoch 3/100
2813/2813 - 665s - loss: 0.4828 - accuracy_function: 0.8331 - val_loss: 0.4375 - val_accuracy_function: 0.8340 - 665s/epoch - 236ms/step
Epoch 4/100
2813/2813 - 666s - loss: 0.3387 - accuracy_function: 0.8757 - val_loss: 0.3366 - val_accuracy_function: 0.8684 - 666s/epoch - 237ms/step
Epoch 5/100
2813/2813 - 666s - loss: 0.2611 - accuracy_function: 0.9013 - val_loss: 0.2948 - val_accuracy_function: 0.8847 - 666s/epoch - 237ms/step
Epoch 6/100
2813/2813 - 665s - loss: 0.2292 - accuracy_function: 0.9127 - val_loss: 0.2807 - val_accuracy_function: 0.8909 - 665s/epoch - 237ms/step
Epoch 7/100
2813/2813 - 665s - loss: 0.2111 - accuracy_function: 0.9192 - val_loss: 0.2664 - val_accuracy_function: 0.8958 - 665s/epoch - 236ms/step
Epoch 8/100
2813/2813 - 665s - loss: 0.1981 - accuracy_function: 0.9239 - val_loss: 0.2624 - val_accuracy_function: 0.8976 - 665s/epoch - 237ms/step
Epoch 9/100
2813/2813 - 665s - loss: 0.1884 - accuracy_function: 0.9274 - val_loss: 0.2613 - val_accuracy_function: 0.8968 - 665s/epoch - 237ms/step
Epoch 10/100
2813/2813 - 666s - loss: 0.1804 - accuracy_function: 0.9303 - val_loss: 0.2538 - val_accuracy_function: 0.9008 - 666s/epoch - 237ms/step
Epoch 11/100
2813/2813 - 665s - loss: 0.1734 - accuracy_function: 0.9330 - val_loss: 0.2515 - val_accuracy_function: 0.9019 - 665s/epoch - 237ms/step
Epoch 12/100
2813/2813 - 666s - loss: 0.1672 - accuracy_function: 0.9353 - val_loss: 0.2488 - val_accuracy_function: 0.9031 - 666s/epoch - 237ms/step
Epoch 13/100
2813/2813 - 666s - loss: 0.1620 - accuracy_function: 0.9372 - val_loss: 0.2477 - val_accuracy_function: 0.9035 - 666s/epoch - 237ms/step
Epoch 14/100
2813/2813 - 665s - loss: 0.1567 - accuracy_function: 0.9392 - val_loss: 0.2436 - val_accuracy_function: 0.9049 - 665s/epoch - 236ms/step
Epoch 15/100
2813/2813 - 666s - loss: 0.1517 - accuracy_function: 0.9412 - val_loss: 0.2414 - val_accuracy_function: 0.9064 - 666s/epoch - 237ms/step
Epoch 16/100
2813/2813 - 664s - loss: 0.1465 - accuracy_function: 0.9431 - val_loss: 0.2436 - val_accuracy_function: 0.9068 - 664s/epoch - 236ms/step
Epoch 17/100
2813/2813 - 665s - loss: 0.1416 - accuracy_function: 0.9451 - val_loss: 0.2369 - val_accuracy_function: 0.9089 - 665s/epoch - 237ms/step
Epoch 18/100
2813/2813 - 665s - loss: 0.1372 - accuracy_function: 0.9468 - val_loss: 0.2380 - val_accuracy_function: 0.9089 - 665s/epoch - 236ms/step
Epoch 19/100
2813/2813 - 665s - loss: 0.1330 - accuracy_function: 0.9484 - val_loss: 0.2364 - val_accuracy_function: 0.9096 - 665s/epoch - 236ms/step
Epoch 20/100
2813/2813 - 666s - loss: 0.1292 - accuracy_function: 0.9499 - val_loss: 0.2318 - val_accuracy_function: 0.9098 - 666s/epoch - 237ms/step
Epoch 21/100
2813/2813 - 665s - loss: 0.1256 - accuracy_function: 0.9513 - val_loss: 0.2343 - val_accuracy_function: 0.9105 - 665s/epoch - 236ms/step
Epoch 22/100
2813/2813 - 665s - loss: 0.1223 - accuracy_function: 0.9526 - val_loss: 0.2347 - val_accuracy_function: 0.9107 - 665s/epoch - 236ms/step
Epoch 23/100
2813/2813 - 665s - loss: 0.1192 - accuracy_function: 0.9538 - val_loss: 0.2364 - val_accuracy_function: 0.9108 - 665s/epoch - 237ms/step
Epoch 24/100
2813/2813 - 665s - loss: 0.1163 - accuracy_function: 0.9549 - val_loss: 0.2378 - val_accuracy_function: 0.9105 - 665s/epoch - 236ms/step
Epoch 25/100
2813/2813 - 665s - loss: 0.1137 - accuracy_function: 0.9559 - val_loss: 0.2349 - val_accuracy_function: 0.9119 - 665s/epoch - 236ms/step
Epoch 26/100
2813/2813 - 665s - loss: 0.1109 - accuracy_function: 0.9570 - val_loss: 0.2404 - val_accuracy_function: 0.9108 - 665s/epoch - 236ms/step
Epoch 27/100
2813/2813 - 665s - loss: 0.1086 - accuracy_function: 0.9579 - val_loss: 0.2428 - val_accuracy_function: 0.9108 - 665s/epoch - 237ms/step
Epoch 28/100
2813/2813 - 665s - loss: 0.1060 - accuracy_function: 0.9589 - val_loss: 0.2411 - val_accuracy_function: 0.9103 - 665s/epoch - 236ms/step
Epoch 29/100
2813/2813 - 665s - loss: 0.1036 - accuracy_function: 0.9599 - val_loss: 0.2413 - val_accuracy_function: 0.9110 - 665s/epoch - 236ms/step
Epoch 30/100
2813/2813 - 666s - loss: 0.1013 - accuracy_function: 0.9607 - val_loss: 0.2489 - val_accuracy_function: 0.9101 - 666s/epoch - 237ms/step
Epoch 31/100
2813/2813 - 666s - loss: 0.0992 - accuracy_function: 0.9616 - val_loss: 0.2518 - val_accuracy_function: 0.9101 - 666s/epoch - 237ms/step
Epoch 32/100
2813/2813 - 666s - loss: 0.0971 - accuracy_function: 0.9625 - val_loss: 0.2496 - val_accuracy_function: 0.9105 - 666s/epoch - 237ms/step
Epoch 33/100
2813/2813 - 666s - loss: 0.0950 - accuracy_function: 0.9632 - val_loss: 0.2531 - val_accuracy_function: 0.9097 - 666s/epoch - 237ms/step
Epoch 34/100
2813/2813 - 666s - loss: 0.0930 - accuracy_function: 0.9640 - val_loss: 0.2569 - val_accuracy_function: 0.9103 - 666s/epoch - 237ms/step
Epoch 35/100
2813/2813 - 666s - loss: 0.0911 - accuracy_function: 0.9647 - val_loss: 0.2632 - val_accuracy_function: 0.9093 - 666s/epoch - 237ms/step
Epoch 36/100
2813/2813 - 666s - loss: 0.0893 - accuracy_function: 0.9655 - val_loss: 0.2611 - val_accuracy_function: 0.9092 - 666s/epoch - 237ms/step
Epoch 37/100
2813/2813 - 666s - loss: 0.0875 - accuracy_function: 0.9662 - val_loss: 0.2698 - val_accuracy_function: 0.9090 - 666s/epoch - 237ms/step
Epoch 38/100
2813/2813 - 666s - loss: 0.0857 - accuracy_function: 0.9669 - val_loss: 0.2664 - val_accuracy_function: 0.9092 - 666s/epoch - 237ms/step
Epoch 39/100
2813/2813 - 666s - loss: 0.0839 - accuracy_function: 0.9676 - val_loss: 0.2743 - val_accuracy_function: 0.9090 - 666s/epoch - 237ms/step
Epoch 40/100
2813/2813 - 666s - loss: 0.0822 - accuracy_function: 0.9683 - val_loss: 0.2752 - val_accuracy_function: 0.9084 - 666s/epoch - 237ms/step
Epoch 41/100
2813/2813 - 666s - loss: 0.0807 - accuracy_function: 0.9689 - val_loss: 0.2842 - val_accuracy_function: 0.9082 - 666s/epoch - 237ms/step
Epoch 42/100
2813/2813 - 666s - loss: 0.0790 - accuracy_function: 0.9695 - val_loss: 0.2857 - val_accuracy_function: 0.9077 - 666s/epoch - 237ms/step
Epoch 43/100
2813/2813 - 666s - loss: 0.0775 - accuracy_function: 0.9701 - val_loss: 0.2907 - val_accuracy_function: 0.9070 - 666s/epoch - 237ms/step
Epoch 44/100
2813/2813 - 666s - loss: 0.0760 - accuracy_function: 0.9707 - val_loss: 0.2909 - val_accuracy_function: 0.9073 - 666s/epoch - 237ms/step
Epoch 45/100
2813/2813 - 666s - loss: 0.0745 - accuracy_function: 0.9713 - val_loss: 0.2959 - val_accuracy_function: 0.9075 - 666s/epoch - 237ms/step
Epoch 46/100
2813/2813 - 666s - loss: 0.0730 - accuracy_function: 0.9719 - val_loss: 0.2982 - val_accuracy_function: 0.9066 - 666s/epoch - 237ms/step
Epoch 47/100
2813/2813 - 666s - loss: 0.0716 - accuracy_function: 0.9724 - val_loss: 0.3010 - val_accuracy_function: 0.9065 - 666s/epoch - 237ms/step
Epoch 48/100
2813/2813 - 666s - loss: 0.0702 - accuracy_function: 0.9730 - val_loss: 0.3071 - val_accuracy_function: 0.9067 - 666s/epoch - 237ms/step
Epoch 49/100
2813/2813 - 666s - loss: 0.0688 - accuracy_function: 0.9736 - val_loss: 0.3084 - val_accuracy_function: 0.9058 - 666s/epoch - 237ms/step
Epoch 50/100
2813/2813 - 667s - loss: 0.0674 - accuracy_function: 0.9741 - val_loss: 0.3142 - val_accuracy_function: 0.9060 - 667s/epoch - 237ms/step
Epoch 51/100
2813/2813 - 666s - loss: 0.0661 - accuracy_function: 0.9746 - val_loss: 0.3224 - val_accuracy_function: 0.9048 - 666s/epoch - 237ms/step
Epoch 52/100
2813/2813 - 666s - loss: 0.0649 - accuracy_function: 0.9751 - val_loss: 0.3231 - val_accuracy_function: 0.9055 - 666s/epoch - 237ms/step
Epoch 53/100
2813/2813 - 666s - loss: 0.0638 - accuracy_function: 0.9755 - val_loss: 0.3337 - val_accuracy_function: 0.9051 - 666s/epoch - 237ms/step
Epoch 54/100
2813/2813 - 667s - loss: 0.0624 - accuracy_function: 0.9761 - val_loss: 0.3352 - val_accuracy_function: 0.9052 - 667s/epoch - 237ms/step
Epoch 55/100
2813/2813 - 666s - loss: 0.0614 - accuracy_function: 0.9765 - val_loss: 0.3381 - val_accuracy_function: 0.9046 - 666s/epoch - 237ms/step
Epoch 56/100
2813/2813 - 666s - loss: 0.0601 - accuracy_function: 0.9769 - val_loss: 0.3456 - val_accuracy_function: 0.9037 - 666s/epoch - 237ms/step
Epoch 57/100
2813/2813 - 666s - loss: 0.0592 - accuracy_function: 0.9773 - val_loss: 0.3479 - val_accuracy_function: 0.9037 - 666s/epoch - 237ms/step
Epoch 58/100
2813/2813 - 666s - loss: 0.0581 - accuracy_function: 0.9778 - val_loss: 0.3555 - val_accuracy_function: 0.9039 - 666s/epoch - 237ms/step
Epoch 59/100
2813/2813 - 666s - loss: 0.0572 - accuracy_function: 0.9781 - val_loss: 0.3599 - val_accuracy_function: 0.9035 - 666s/epoch - 237ms/step
Epoch 60/100
2813/2813 - 665s - loss: 0.0562 - accuracy_function: 0.9786 - val_loss: 0.3654 - val_accuracy_function: 0.9040 - 665s/epoch - 237ms/step
Epoch 61/100
2813/2813 - 661s - loss: 0.0551 - accuracy_function: 0.9789 - val_loss: 0.3715 - val_accuracy_function: 0.9034 - 661s/epoch - 235ms/step
Epoch 62/100
2813/2813 - 661s - loss: 0.0541 - accuracy_function: 0.9794 - val_loss: 0.3694 - val_accuracy_function: 0.9025 - 661s/epoch - 235ms/step
Epoch 63/100
2813/2813 - 664s - loss: 0.0532 - accuracy_function: 0.9797 - val_loss: 0.3773 - val_accuracy_function: 0.9033 - 664s/epoch - 236ms/step
Epoch 64/100
2813/2813 - 664s - loss: 0.0523 - accuracy_function: 0.9801 - val_loss: 0.3782 - val_accuracy_function: 0.9022 - 664s/epoch - 236ms/step
Epoch 65/100
2813/2813 - 664s - loss: 0.0515 - accuracy_function: 0.9804 - val_loss: 0.3840 - val_accuracy_function: 0.9025 - 664s/epoch - 236ms/step
Epoch 66/100
2813/2813 - 664s - loss: 0.0507 - accuracy_function: 0.9807 - val_loss: 0.3887 - val_accuracy_function: 0.9023 - 664s/epoch - 236ms/step
Epoch 67/100
2813/2813 - 664s - loss: 0.0498 - accuracy_function: 0.9811 - val_loss: 0.3932 - val_accuracy_function: 0.9023 - 664s/epoch - 236ms/step
Epoch 68/100
2813/2813 - 664s - loss: 0.0490 - accuracy_function: 0.9814 - val_loss: 0.4022 - val_accuracy_function: 0.9017 - 664s/epoch - 236ms/step
Epoch 69/100
2813/2813 - 665s - loss: 0.0482 - accuracy_function: 0.9817 - val_loss: 0.4060 - val_accuracy_function: 0.9021 - 665s/epoch - 236ms/step
Epoch 70/100
2813/2813 - 664s - loss: 0.0475 - accuracy_function: 0.9820 - val_loss: 0.4062 - val_accuracy_function: 0.9023 - 664s/epoch - 236ms/step
Epoch 71/100
2813/2813 - 664s - loss: 0.0467 - accuracy_function: 0.9823 - val_loss: 0.4143 - val_accuracy_function: 0.9010 - 664s/epoch - 236ms/step
Epoch 72/100
2813/2813 - 664s - loss: 0.0460 - accuracy_function: 0.9826 - val_loss: 0.4131 - val_accuracy_function: 0.9010 - 664s/epoch - 236ms/step
Epoch 73/100
2813/2813 - 664s - loss: 0.0453 - accuracy_function: 0.9829 - val_loss: 0.4224 - val_accuracy_function: 0.9011 - 664s/epoch - 236ms/step
Epoch 74/100
2813/2813 - 664s - loss: 0.0447 - accuracy_function: 0.9831 - val_loss: 0.4315 - val_accuracy_function: 0.9010 - 664s/epoch - 236ms/step
Epoch 75/100
2813/2813 - 665s - loss: 0.0441 - accuracy_function: 0.9834 - val_loss: 0.4292 - val_accuracy_function: 0.9013 - 665s/epoch - 236ms/step
Epoch 76/100
2813/2813 - 664s - loss: 0.0432 - accuracy_function: 0.9837 - val_loss: 0.4305 - val_accuracy_function: 0.9006 - 664s/epoch - 236ms/step
Epoch 77/100
2813/2813 - 664s - loss: 0.0427 - accuracy_function: 0.9839 - val_loss: 0.4325 - val_accuracy_function: 0.9010 - 664s/epoch - 236ms/step
Epoch 78/100
2813/2813 - 664s - loss: 0.0421 - accuracy_function: 0.9841 - val_loss: 0.4450 - val_accuracy_function: 0.9009 - 664s/epoch - 236ms/step
Epoch 79/100
2813/2813 - 664s - loss: 0.0415 - accuracy_function: 0.9844 - val_loss: 0.4460 - val_accuracy_function: 0.9002 - 664s/epoch - 236ms/step
Epoch 80/100
2813/2813 - 664s - loss: 0.0409 - accuracy_function: 0.9846 - val_loss: 0.4533 - val_accuracy_function: 0.9004 - 664s/epoch - 236ms/step
Epoch 81/100
2813/2813 - 664s - loss: 0.0404 - accuracy_function: 0.9849 - val_loss: 0.4512 - val_accuracy_function: 0.9009 - 664s/epoch - 236ms/step
Epoch 82/100
2813/2813 - 664s - loss: 0.0397 - accuracy_function: 0.9851 - val_loss: 0.4569 - val_accuracy_function: 0.8998 - 664s/epoch - 236ms/step
Epoch 83/100
2813/2813 - 664s - loss: 0.0394 - accuracy_function: 0.9852 - val_loss: 0.4661 - val_accuracy_function: 0.9004 - 664s/epoch - 236ms/step
Epoch 84/100
2813/2813 - 664s - loss: 0.0388 - accuracy_function: 0.9855 - val_loss: 0.4626 - val_accuracy_function: 0.9000 - 664s/epoch - 236ms/step
Epoch 85/100
2813/2813 - 664s - loss: 0.0382 - accuracy_function: 0.9857 - val_loss: 0.4674 - val_accuracy_function: 0.9001 - 664s/epoch - 236ms/step
Epoch 86/100
2813/2813 - 663s - loss: 0.0378 - accuracy_function: 0.9859 - val_loss: 0.4662 - val_accuracy_function: 0.9000 - 663s/epoch - 236ms/step
Epoch 87/100
2813/2813 - 664s - loss: 0.0372 - accuracy_function: 0.9861 - val_loss: 0.4788 - val_accuracy_function: 0.8999 - 664s/epoch - 236ms/step
Epoch 88/100
2813/2813 - 663s - loss: 0.0368 - accuracy_function: 0.9862 - val_loss: 0.4815 - val_accuracy_function: 0.8996 - 663s/epoch - 236ms/step
Epoch 89/100
2813/2813 - 664s - loss: 0.0363 - accuracy_function: 0.9865 - val_loss: 0.4839 - val_accuracy_function: 0.8997 - 664s/epoch - 236ms/step
Epoch 90/100
2813/2813 - 664s - loss: 0.0359 - accuracy_function: 0.9866 - val_loss: 0.4924 - val_accuracy_function: 0.8995 - 664s/epoch - 236ms/step
Epoch 91/100
2813/2813 - 664s - loss: 0.0354 - accuracy_function: 0.9868 - val_loss: 0.4921 - val_accuracy_function: 0.8996 - 664s/epoch - 236ms/step
Epoch 92/100
2813/2813 - 664s - loss: 0.0350 - accuracy_function: 0.9870 - val_loss: 0.4982 - val_accuracy_function: 0.8990 - 664s/epoch - 236ms/step
Epoch 93/100
2813/2813 - 664s - loss: 0.0346 - accuracy_function: 0.9872 - val_loss: 0.4950 - val_accuracy_function: 0.8989 - 664s/epoch - 236ms/step
Epoch 94/100
2813/2813 - 664s - loss: 0.0342 - accuracy_function: 0.9873 - val_loss: 0.5024 - val_accuracy_function: 0.8989 - 664s/epoch - 236ms/step
Epoch 95/100
2813/2813 - 665s - loss: 0.0339 - accuracy_function: 0.9875 - val_loss: 0.5061 - val_accuracy_function: 0.8987 - 665s/epoch - 236ms/step
Epoch 96/100
2813/2813 - 664s - loss: 0.0334 - accuracy_function: 0.9877 - val_loss: 0.5065 - val_accuracy_function: 0.8996 - 664s/epoch - 236ms/step
Epoch 97/100
2813/2813 - 664s - loss: 0.0330 - accuracy_function: 0.9878 - val_loss: 0.5139 - val_accuracy_function: 0.8988 - 664s/epoch - 236ms/step
Epoch 98/100
2813/2813 - 664s - loss: 0.0327 - accuracy_function: 0.9879 - val_loss: 0.5171 - val_accuracy_function: 0.8983 - 664s/epoch - 236ms/step
Epoch 99/100
2813/2813 - 664s - loss: 0.0323 - accuracy_function: 0.9881 - val_loss: 0.5165 - val_accuracy_function: 0.8992 - 664s/epoch - 236ms/step
Epoch 100/100
2813/2813 - 664s - loss: 0.0319 - accuracy_function: 0.9882 - val_loss: 0.5199 - val_accuracy_function: 0.8991 - 664s/epoch - 236ms/step
0.9119000434875488
