DONE WITH READING PAIRS
DONE WITH PREPARING TRAIN DATA
DONE WITH PREPARING VALIDATION DATA
PREPROCESSING DONE!
Testing model output:
(32, 402, 445)
Model: "transformer_model"
_________________________________________________________________
 Layer (type)                Output Shape              Param #   
=================================================================
 positional_embedding_layer   multiple                 3328      
 (PositionalEmbeddingLayer)                                      
                                                                 
 encoder_layer (EncoderLayer  multiple                 1187072   
 )                                                               
                                                                 
 encoder_layer_1 (EncoderLay  multiple                 1187072   
 er)                                                             
                                                                 
 positional_embedding_layer_  multiple                 56960     
 1 (PositionalEmbeddingLayer                                     
 )                                                               
                                                                 
 decoder_layer (DecoderLayer  multiple                 2242176   
 )                                                               
                                                                 
 decoder_layer_1 (DecoderLay  multiple                 2242176   
 er)                                                             
                                                                 
 dense_8 (Dense)             multiple                  57405     
                                                                 
=================================================================
Total params: 6,976,189
Trainable params: 6,976,189
Non-trainable params: 0
_________________________________________________________________
Epoch 1/100
2813/2813 - 656s - loss: 4.1148 - accuracy_function: 0.1876 - val_loss: 4.6532 - val_accuracy_function: 0.1034 - 656s/epoch - 233ms/step
Epoch 2/100
2813/2813 - 617s - loss: 2.8241 - accuracy_function: 0.3547 - val_loss: 2.5093 - val_accuracy_function: 0.3846 - 617s/epoch - 219ms/step
Epoch 3/100
2813/2813 - 618s - loss: 1.0208 - accuracy_function: 0.7003 - val_loss: 0.6083 - val_accuracy_function: 0.7882 - 618s/epoch - 220ms/step
Epoch 4/100
2813/2813 - 618s - loss: 0.5069 - accuracy_function: 0.8260 - val_loss: 0.4257 - val_accuracy_function: 0.8373 - 618s/epoch - 220ms/step
Epoch 5/100
2813/2813 - 618s - loss: 0.3708 - accuracy_function: 0.8645 - val_loss: 0.3640 - val_accuracy_function: 0.8562 - 618s/epoch - 220ms/step
Epoch 6/100
2813/2813 - 617s - loss: 0.3090 - accuracy_function: 0.8844 - val_loss: 0.3478 - val_accuracy_function: 0.8641 - 617s/epoch - 219ms/step
Epoch 7/100
2813/2813 - 618s - loss: 0.2700 - accuracy_function: 0.8981 - val_loss: 0.3107 - val_accuracy_function: 0.8785 - 618s/epoch - 220ms/step
Epoch 8/100
2813/2813 - 617s - loss: 0.2431 - accuracy_function: 0.9075 - val_loss: 0.2922 - val_accuracy_function: 0.8851 - 617s/epoch - 219ms/step
Epoch 9/100
2813/2813 - 618s - loss: 0.2246 - accuracy_function: 0.9142 - val_loss: 0.2805 - val_accuracy_function: 0.8894 - 618s/epoch - 220ms/step
Epoch 10/100
2813/2813 - 618s - loss: 0.2123 - accuracy_function: 0.9187 - val_loss: 0.2715 - val_accuracy_function: 0.8931 - 618s/epoch - 220ms/step
Epoch 11/100
2813/2813 - 618s - loss: 0.2032 - accuracy_function: 0.9220 - val_loss: 0.2653 - val_accuracy_function: 0.8963 - 618s/epoch - 220ms/step
Epoch 12/100
2813/2813 - 618s - loss: 0.1950 - accuracy_function: 0.9251 - val_loss: 0.2599 - val_accuracy_function: 0.8975 - 618s/epoch - 220ms/step
Epoch 13/100
2813/2813 - 617s - loss: 0.1884 - accuracy_function: 0.9276 - val_loss: 0.2620 - val_accuracy_function: 0.8973 - 617s/epoch - 219ms/step
Epoch 14/100
2813/2813 - 617s - loss: 0.1824 - accuracy_function: 0.9297 - val_loss: 0.2601 - val_accuracy_function: 0.8998 - 617s/epoch - 219ms/step
Epoch 15/100
2813/2813 - 618s - loss: 0.1773 - accuracy_function: 0.9317 - val_loss: 0.2535 - val_accuracy_function: 0.9006 - 618s/epoch - 220ms/step
Epoch 16/100
2813/2813 - 618s - loss: 0.1723 - accuracy_function: 0.9335 - val_loss: 0.2547 - val_accuracy_function: 0.9002 - 618s/epoch - 220ms/step
Epoch 17/100
2813/2813 - 619s - loss: 0.1680 - accuracy_function: 0.9352 - val_loss: 0.2494 - val_accuracy_function: 0.9035 - 619s/epoch - 220ms/step
Epoch 18/100
2813/2813 - 618s - loss: 0.1635 - accuracy_function: 0.9369 - val_loss: 0.2470 - val_accuracy_function: 0.9037 - 618s/epoch - 220ms/step
Epoch 19/100
2813/2813 - 617s - loss: 0.1596 - accuracy_function: 0.9384 - val_loss: 0.2471 - val_accuracy_function: 0.9045 - 617s/epoch - 219ms/step
Epoch 20/100
2813/2813 - 620s - loss: 0.1561 - accuracy_function: 0.9398 - val_loss: 0.2442 - val_accuracy_function: 0.9050 - 620s/epoch - 220ms/step
Epoch 21/100
2813/2813 - 619s - loss: 0.1529 - accuracy_function: 0.9410 - val_loss: 0.2437 - val_accuracy_function: 0.9057 - 619s/epoch - 220ms/step
Epoch 22/100
2813/2813 - 617s - loss: 0.1498 - accuracy_function: 0.9422 - val_loss: 0.2464 - val_accuracy_function: 0.9063 - 617s/epoch - 219ms/step
Epoch 23/100
2813/2813 - 617s - loss: 0.1471 - accuracy_function: 0.9432 - val_loss: 0.2392 - val_accuracy_function: 0.9073 - 617s/epoch - 219ms/step
Epoch 24/100
2813/2813 - 617s - loss: 0.1444 - accuracy_function: 0.9442 - val_loss: 0.2401 - val_accuracy_function: 0.9072 - 617s/epoch - 219ms/step
Epoch 25/100
2813/2813 - 617s - loss: 0.1419 - accuracy_function: 0.9452 - val_loss: 0.2401 - val_accuracy_function: 0.9078 - 617s/epoch - 219ms/step
Epoch 26/100
2813/2813 - 618s - loss: 0.1394 - accuracy_function: 0.9462 - val_loss: 0.2441 - val_accuracy_function: 0.9069 - 618s/epoch - 220ms/step
Epoch 27/100
2813/2813 - 618s - loss: 0.1373 - accuracy_function: 0.9470 - val_loss: 0.2421 - val_accuracy_function: 0.9077 - 618s/epoch - 220ms/step
Epoch 28/100
2813/2813 - 617s - loss: 0.1353 - accuracy_function: 0.9478 - val_loss: 0.2410 - val_accuracy_function: 0.9068 - 617s/epoch - 219ms/step
Epoch 29/100
2813/2813 - 617s - loss: 0.1332 - accuracy_function: 0.9486 - val_loss: 0.2426 - val_accuracy_function: 0.9077 - 617s/epoch - 219ms/step
Epoch 30/100
2813/2813 - 617s - loss: 0.1313 - accuracy_function: 0.9493 - val_loss: 0.2487 - val_accuracy_function: 0.9070 - 617s/epoch - 219ms/step
Epoch 31/100
2813/2813 - 617s - loss: 0.1295 - accuracy_function: 0.9500 - val_loss: 0.2434 - val_accuracy_function: 0.9075 - 617s/epoch - 219ms/step
Epoch 32/100
2813/2813 - 618s - loss: 0.1277 - accuracy_function: 0.9508 - val_loss: 0.2499 - val_accuracy_function: 0.9067 - 618s/epoch - 220ms/step
Epoch 33/100
2813/2813 - 617s - loss: 0.1260 - accuracy_function: 0.9513 - val_loss: 0.2479 - val_accuracy_function: 0.9079 - 617s/epoch - 219ms/step
Epoch 34/100
2813/2813 - 617s - loss: 0.1244 - accuracy_function: 0.9520 - val_loss: 0.2500 - val_accuracy_function: 0.9068 - 617s/epoch - 219ms/step
Epoch 35/100
2813/2813 - 617s - loss: 0.1227 - accuracy_function: 0.9527 - val_loss: 0.2494 - val_accuracy_function: 0.9078 - 617s/epoch - 219ms/step
Epoch 36/100
2813/2813 - 618s - loss: 0.1213 - accuracy_function: 0.9532 - val_loss: 0.2500 - val_accuracy_function: 0.9069 - 618s/epoch - 220ms/step
Epoch 37/100
2813/2813 - 618s - loss: 0.1198 - accuracy_function: 0.9538 - val_loss: 0.2558 - val_accuracy_function: 0.9081 - 618s/epoch - 220ms/step
Epoch 38/100
2813/2813 - 617s - loss: 0.1182 - accuracy_function: 0.9544 - val_loss: 0.2512 - val_accuracy_function: 0.9069 - 617s/epoch - 219ms/step
Epoch 39/100
2813/2813 - 618s - loss: 0.1169 - accuracy_function: 0.9549 - val_loss: 0.2555 - val_accuracy_function: 0.9071 - 618s/epoch - 220ms/step
Epoch 40/100
2813/2813 - 617s - loss: 0.1155 - accuracy_function: 0.9554 - val_loss: 0.2546 - val_accuracy_function: 0.9076 - 617s/epoch - 219ms/step
Epoch 41/100
2813/2813 - 618s - loss: 0.1143 - accuracy_function: 0.9559 - val_loss: 0.2576 - val_accuracy_function: 0.9064 - 618s/epoch - 220ms/step
Epoch 42/100
2813/2813 - 618s - loss: 0.1129 - accuracy_function: 0.9565 - val_loss: 0.2616 - val_accuracy_function: 0.9060 - 618s/epoch - 220ms/step
Epoch 43/100
2813/2813 - 617s - loss: 0.1113 - accuracy_function: 0.9571 - val_loss: 0.2580 - val_accuracy_function: 0.9073 - 617s/epoch - 219ms/step
Epoch 44/100
2813/2813 - 617s - loss: 0.1099 - accuracy_function: 0.9576 - val_loss: 0.2580 - val_accuracy_function: 0.9071 - 617s/epoch - 219ms/step
Epoch 45/100
2813/2813 - 618s - loss: 0.1087 - accuracy_function: 0.9580 - val_loss: 0.2635 - val_accuracy_function: 0.9067 - 618s/epoch - 220ms/step
Epoch 46/100
2813/2813 - 617s - loss: 0.1074 - accuracy_function: 0.9586 - val_loss: 0.2613 - val_accuracy_function: 0.9067 - 617s/epoch - 219ms/step
Epoch 47/100
2813/2813 - 617s - loss: 0.1060 - accuracy_function: 0.9591 - val_loss: 0.2650 - val_accuracy_function: 0.9064 - 617s/epoch - 219ms/step
Epoch 48/100
2813/2813 - 617s - loss: 0.1048 - accuracy_function: 0.9595 - val_loss: 0.2631 - val_accuracy_function: 0.9072 - 617s/epoch - 219ms/step
Epoch 49/100
2813/2813 - 618s - loss: 0.1036 - accuracy_function: 0.9600 - val_loss: 0.2625 - val_accuracy_function: 0.9064 - 618s/epoch - 220ms/step
Epoch 50/100
2813/2813 - 617s - loss: 0.1024 - accuracy_function: 0.9605 - val_loss: 0.2677 - val_accuracy_function: 0.9059 - 617s/epoch - 219ms/step
Epoch 51/100
2813/2813 - 617s - loss: 0.1012 - accuracy_function: 0.9609 - val_loss: 0.2710 - val_accuracy_function: 0.9047 - 617s/epoch - 219ms/step
Epoch 52/100
2813/2813 - 617s - loss: 0.1000 - accuracy_function: 0.9613 - val_loss: 0.2688 - val_accuracy_function: 0.9055 - 617s/epoch - 219ms/step
Epoch 53/100
2813/2813 - 617s - loss: 0.0989 - accuracy_function: 0.9618 - val_loss: 0.2730 - val_accuracy_function: 0.9050 - 617s/epoch - 219ms/step
Epoch 54/100
2813/2813 - 617s - loss: 0.0977 - accuracy_function: 0.9622 - val_loss: 0.2743 - val_accuracy_function: 0.9044 - 617s/epoch - 219ms/step
Epoch 55/100
2813/2813 - 617s - loss: 0.0969 - accuracy_function: 0.9625 - val_loss: 0.2763 - val_accuracy_function: 0.9056 - 617s/epoch - 219ms/step
Epoch 56/100
2813/2813 - 617s - loss: 0.0958 - accuracy_function: 0.9629 - val_loss: 0.2770 - val_accuracy_function: 0.9051 - 617s/epoch - 219ms/step
Epoch 57/100
2813/2813 - 617s - loss: 0.0947 - accuracy_function: 0.9634 - val_loss: 0.2813 - val_accuracy_function: 0.9052 - 617s/epoch - 220ms/step
Epoch 58/100
2813/2813 - 617s - loss: 0.0939 - accuracy_function: 0.9638 - val_loss: 0.2850 - val_accuracy_function: 0.9044 - 617s/epoch - 219ms/step
Epoch 59/100
2813/2813 - 617s - loss: 0.0928 - accuracy_function: 0.9641 - val_loss: 0.2797 - val_accuracy_function: 0.9049 - 617s/epoch - 219ms/step
Epoch 60/100
2813/2813 - 617s - loss: 0.0918 - accuracy_function: 0.9645 - val_loss: 0.2880 - val_accuracy_function: 0.9043 - 617s/epoch - 219ms/step
Epoch 61/100
2813/2813 - 618s - loss: 0.0910 - accuracy_function: 0.9649 - val_loss: 0.2867 - val_accuracy_function: 0.9044 - 618s/epoch - 220ms/step
Epoch 62/100
2813/2813 - 617s - loss: 0.0900 - accuracy_function: 0.9652 - val_loss: 0.2858 - val_accuracy_function: 0.9040 - 617s/epoch - 219ms/step
Epoch 63/100
2813/2813 - 617s - loss: 0.0890 - accuracy_function: 0.9656 - val_loss: 0.2939 - val_accuracy_function: 0.9036 - 617s/epoch - 219ms/step
Epoch 64/100
2813/2813 - 617s - loss: 0.0881 - accuracy_function: 0.9660 - val_loss: 0.2936 - val_accuracy_function: 0.9037 - 617s/epoch - 219ms/step
Epoch 65/100
2813/2813 - 617s - loss: 0.0872 - accuracy_function: 0.9663 - val_loss: 0.2953 - val_accuracy_function: 0.9035 - 617s/epoch - 219ms/step
Epoch 66/100
2813/2813 - 617s - loss: 0.0862 - accuracy_function: 0.9667 - val_loss: 0.3032 - val_accuracy_function: 0.9029 - 617s/epoch - 219ms/step
Epoch 67/100
2813/2813 - 617s - loss: 0.0855 - accuracy_function: 0.9670 - val_loss: 0.2984 - val_accuracy_function: 0.9037 - 617s/epoch - 219ms/step
Epoch 68/100
2813/2813 - 617s - loss: 0.0845 - accuracy_function: 0.9673 - val_loss: 0.3022 - val_accuracy_function: 0.9038 - 617s/epoch - 219ms/step
Epoch 69/100
2813/2813 - 617s - loss: 0.0837 - accuracy_function: 0.9677 - val_loss: 0.3108 - val_accuracy_function: 0.9032 - 617s/epoch - 219ms/step
Epoch 70/100
2813/2813 - 617s - loss: 0.0829 - accuracy_function: 0.9680 - val_loss: 0.3072 - val_accuracy_function: 0.9032 - 617s/epoch - 220ms/step
Epoch 71/100
2813/2813 - 617s - loss: 0.0820 - accuracy_function: 0.9683 - val_loss: 0.3055 - val_accuracy_function: 0.9033 - 617s/epoch - 219ms/step
Epoch 72/100
2813/2813 - 617s - loss: 0.0812 - accuracy_function: 0.9686 - val_loss: 0.3106 - val_accuracy_function: 0.9025 - 617s/epoch - 219ms/step
Epoch 73/100
2813/2813 - 617s - loss: 0.0804 - accuracy_function: 0.9690 - val_loss: 0.3141 - val_accuracy_function: 0.9023 - 617s/epoch - 219ms/step
Epoch 74/100
2813/2813 - 617s - loss: 0.0796 - accuracy_function: 0.9692 - val_loss: 0.3182 - val_accuracy_function: 0.9022 - 617s/epoch - 219ms/step
Epoch 75/100
2813/2813 - 617s - loss: 0.0789 - accuracy_function: 0.9696 - val_loss: 0.3209 - val_accuracy_function: 0.9023 - 617s/epoch - 219ms/step
Epoch 76/100
2813/2813 - 617s - loss: 0.0782 - accuracy_function: 0.9698 - val_loss: 0.3241 - val_accuracy_function: 0.9027 - 617s/epoch - 219ms/step
Epoch 77/100
2813/2813 - 617s - loss: 0.0776 - accuracy_function: 0.9701 - val_loss: 0.3146 - val_accuracy_function: 0.9025 - 617s/epoch - 219ms/step
Epoch 78/100
2813/2813 - 617s - loss: 0.0768 - accuracy_function: 0.9704 - val_loss: 0.3224 - val_accuracy_function: 0.9015 - 617s/epoch - 219ms/step
Epoch 79/100
2813/2813 - 617s - loss: 0.0760 - accuracy_function: 0.9707 - val_loss: 0.3202 - val_accuracy_function: 0.9023 - 617s/epoch - 219ms/step
Epoch 80/100
2813/2813 - 618s - loss: 0.0754 - accuracy_function: 0.9709 - val_loss: 0.3289 - val_accuracy_function: 0.9020 - 618s/epoch - 220ms/step
Epoch 81/100
2813/2813 - 617s - loss: 0.0749 - accuracy_function: 0.9711 - val_loss: 0.3282 - val_accuracy_function: 0.9015 - 617s/epoch - 219ms/step
Epoch 82/100
2813/2813 - 618s - loss: 0.0742 - accuracy_function: 0.9713 - val_loss: 0.3403 - val_accuracy_function: 0.9007 - 618s/epoch - 220ms/step
Epoch 83/100
2813/2813 - 617s - loss: 0.0736 - accuracy_function: 0.9716 - val_loss: 0.3369 - val_accuracy_function: 0.9016 - 617s/epoch - 219ms/step
Epoch 84/100
2813/2813 - 617s - loss: 0.0730 - accuracy_function: 0.9719 - val_loss: 0.3460 - val_accuracy_function: 0.9000 - 617s/epoch - 219ms/step
Epoch 85/100
2813/2813 - 617s - loss: 0.0722 - accuracy_function: 0.9722 - val_loss: 0.3448 - val_accuracy_function: 0.8999 - 617s/epoch - 219ms/step
Epoch 86/100
2813/2813 - 618s - loss: 0.0717 - accuracy_function: 0.9724 - val_loss: 0.3380 - val_accuracy_function: 0.9009 - 618s/epoch - 220ms/step
Epoch 87/100
2813/2813 - 616s - loss: 0.0711 - accuracy_function: 0.9726 - val_loss: 0.3372 - val_accuracy_function: 0.9010 - 616s/epoch - 219ms/step
Epoch 88/100
2813/2813 - 617s - loss: 0.0705 - accuracy_function: 0.9728 - val_loss: 0.3477 - val_accuracy_function: 0.9000 - 617s/epoch - 219ms/step
Epoch 89/100
2813/2813 - 616s - loss: 0.0700 - accuracy_function: 0.9730 - val_loss: 0.3537 - val_accuracy_function: 0.9000 - 616s/epoch - 219ms/step
Epoch 90/100
2813/2813 - 617s - loss: 0.0696 - accuracy_function: 0.9732 - val_loss: 0.3561 - val_accuracy_function: 0.9000 - 617s/epoch - 219ms/step
Epoch 91/100
2813/2813 - 617s - loss: 0.0691 - accuracy_function: 0.9734 - val_loss: 0.3512 - val_accuracy_function: 0.9005 - 617s/epoch - 219ms/step
Epoch 92/100
2813/2813 - 616s - loss: 0.0684 - accuracy_function: 0.9736 - val_loss: 0.3538 - val_accuracy_function: 0.8996 - 616s/epoch - 219ms/step
Epoch 93/100
2813/2813 - 617s - loss: 0.0679 - accuracy_function: 0.9739 - val_loss: 0.3602 - val_accuracy_function: 0.8996 - 617s/epoch - 219ms/step
Epoch 94/100
2813/2813 - 616s - loss: 0.0673 - accuracy_function: 0.9741 - val_loss: 0.3569 - val_accuracy_function: 0.9001 - 616s/epoch - 219ms/step
Epoch 95/100
2813/2813 - 617s - loss: 0.0669 - accuracy_function: 0.9742 - val_loss: 0.3524 - val_accuracy_function: 0.8998 - 617s/epoch - 219ms/step
Epoch 96/100
2813/2813 - 616s - loss: 0.0664 - accuracy_function: 0.9744 - val_loss: 0.3658 - val_accuracy_function: 0.8998 - 616s/epoch - 219ms/step
Epoch 97/100
2813/2813 - 617s - loss: 0.0661 - accuracy_function: 0.9746 - val_loss: 0.3712 - val_accuracy_function: 0.8993 - 617s/epoch - 219ms/step
Epoch 98/100
2813/2813 - 616s - loss: 0.0655 - accuracy_function: 0.9748 - val_loss: 0.3711 - val_accuracy_function: 0.8992 - 616s/epoch - 219ms/step
Epoch 99/100
2813/2813 - 617s - loss: 0.0651 - accuracy_function: 0.9750 - val_loss: 0.3765 - val_accuracy_function: 0.8998 - 617s/epoch - 219ms/step
Epoch 100/100
2813/2813 - 617s - loss: 0.0646 - accuracy_function: 0.9752 - val_loss: 0.3714 - val_accuracy_function: 0.8988 - 617s/epoch - 219ms/step
