DONE WITH READING PAIRS
DONE WITH PREPARING TRAIN DATA
DONE WITH PREPARING VALIDATION DATA
PREPROCESSING DONE!
Testing model output:
(32, 402, 445)
Model: "transformer_model"
_________________________________________________________________
 Layer (type)                Output Shape              Param #   
=================================================================
 positional_embedding_layer   multiple                 6656      
 (PositionalEmbeddingLayer)                                      
                                                                 
 encoder_layer (EncoderLayer  multiple                 4470784   
 )                                                               
                                                                 
 encoder_layer_1 (EncoderLay  multiple                 4470784   
 er)                                                             
                                                                 
 positional_embedding_layer_  multiple                 113920    
 1 (PositionalEmbeddingLayer                                     
 )                                                               
                                                                 
 decoder_layer (DecoderLayer  multiple                 8678144   
 )                                                               
                                                                 
 decoder_layer_1 (DecoderLay  multiple                 8678144   
 er)                                                             
                                                                 
 dense_8 (Dense)             multiple                  114365    
                                                                 
=================================================================
Total params: 26,532,797
Trainable params: 26,532,797
Non-trainable params: 0
_________________________________________________________________
Epoch 1/100
2813/2813 - 1275s - loss: 3.9339 - accuracy_function: 0.2112 - val_loss: 4.1803 - val_accuracy_function: 0.1453 - 1275s/epoch - 453ms/step
Epoch 2/100
2813/2813 - 1247s - loss: 1.6202 - accuracy_function: 0.5840 - val_loss: 0.6120 - val_accuracy_function: 0.7835 - 1247s/epoch - 443ms/step
Epoch 3/100
2813/2813 - 1247s - loss: 0.4548 - accuracy_function: 0.8407 - val_loss: 0.4131 - val_accuracy_function: 0.8411 - 1247s/epoch - 443ms/step
Epoch 4/100
2813/2813 - 1247s - loss: 0.3058 - accuracy_function: 0.8855 - val_loss: 0.3187 - val_accuracy_function: 0.8747 - 1247s/epoch - 443ms/step
Epoch 5/100
2813/2813 - 1249s - loss: 0.2418 - accuracy_function: 0.9082 - val_loss: 0.2780 - val_accuracy_function: 0.8903 - 1249s/epoch - 444ms/step
Epoch 6/100
2813/2813 - 1251s - loss: 0.2138 - accuracy_function: 0.9183 - val_loss: 0.2629 - val_accuracy_function: 0.8965 - 1251s/epoch - 445ms/step
Epoch 7/100
2813/2813 - 1251s - loss: 0.1960 - accuracy_function: 0.9249 - val_loss: 0.2542 - val_accuracy_function: 0.9009 - 1251s/epoch - 445ms/step
Epoch 8/100
2813/2813 - 1251s - loss: 0.1828 - accuracy_function: 0.9297 - val_loss: 0.2516 - val_accuracy_function: 0.9016 - 1251s/epoch - 445ms/step
Epoch 9/100
2813/2813 - 1250s - loss: 0.1724 - accuracy_function: 0.9336 - val_loss: 0.2439 - val_accuracy_function: 0.9059 - 1250s/epoch - 445ms/step
Epoch 10/100
2813/2813 - 1251s - loss: 0.1639 - accuracy_function: 0.9367 - val_loss: 0.2367 - val_accuracy_function: 0.9070 - 1251s/epoch - 445ms/step
Epoch 11/100
2813/2813 - 1251s - loss: 0.1569 - accuracy_function: 0.9394 - val_loss: 0.2330 - val_accuracy_function: 0.9094 - 1251s/epoch - 445ms/step
Epoch 12/100
2813/2813 - 1250s - loss: 0.1509 - accuracy_function: 0.9415 - val_loss: 0.2314 - val_accuracy_function: 0.9093 - 1250s/epoch - 444ms/step
Epoch 13/100
2813/2813 - 1251s - loss: 0.1455 - accuracy_function: 0.9436 - val_loss: 0.2285 - val_accuracy_function: 0.9112 - 1251s/epoch - 445ms/step
Epoch 14/100
2813/2813 - 1251s - loss: 0.1404 - accuracy_function: 0.9456 - val_loss: 0.2278 - val_accuracy_function: 0.9121 - 1251s/epoch - 445ms/step
Epoch 15/100
2813/2813 - 1250s - loss: 0.1358 - accuracy_function: 0.9474 - val_loss: 0.2274 - val_accuracy_function: 0.9120 - 1250s/epoch - 444ms/step
Epoch 16/100
2813/2813 - 1250s - loss: 0.1315 - accuracy_function: 0.9490 - val_loss: 0.2325 - val_accuracy_function: 0.9118 - 1250s/epoch - 444ms/step
Epoch 17/100
2813/2813 - 1251s - loss: 0.1274 - accuracy_function: 0.9506 - val_loss: 0.2330 - val_accuracy_function: 0.9125 - 1251s/epoch - 445ms/step
Epoch 18/100
2813/2813 - 1252s - loss: 0.1234 - accuracy_function: 0.9521 - val_loss: 0.2274 - val_accuracy_function: 0.9125 - 1252s/epoch - 445ms/step
Epoch 19/100
2813/2813 - 1251s - loss: 0.1199 - accuracy_function: 0.9534 - val_loss: 0.2276 - val_accuracy_function: 0.9136 - 1251s/epoch - 445ms/step
Epoch 20/100
2813/2813 - 1252s - loss: 0.1164 - accuracy_function: 0.9548 - val_loss: 0.2338 - val_accuracy_function: 0.9126 - 1252s/epoch - 445ms/step
Epoch 21/100
2813/2813 - 1251s - loss: 0.1129 - accuracy_function: 0.9561 - val_loss: 0.2385 - val_accuracy_function: 0.9119 - 1251s/epoch - 445ms/step
Epoch 22/100
2813/2813 - 1251s - loss: 0.1095 - accuracy_function: 0.9575 - val_loss: 0.2400 - val_accuracy_function: 0.9122 - 1251s/epoch - 445ms/step
Epoch 23/100
2813/2813 - 1252s - loss: 0.1064 - accuracy_function: 0.9587 - val_loss: 0.2390 - val_accuracy_function: 0.9128 - 1252s/epoch - 445ms/step
Epoch 24/100
2813/2813 - 1251s - loss: 0.1033 - accuracy_function: 0.9599 - val_loss: 0.2409 - val_accuracy_function: 0.9128 - 1251s/epoch - 445ms/step
Epoch 25/100
2813/2813 - 1251s - loss: 0.1003 - accuracy_function: 0.9610 - val_loss: 0.2435 - val_accuracy_function: 0.9120 - 1251s/epoch - 445ms/step
Epoch 26/100
2813/2813 - 1251s - loss: 0.0975 - accuracy_function: 0.9622 - val_loss: 0.2501 - val_accuracy_function: 0.9125 - 1251s/epoch - 445ms/step
Epoch 27/100
2813/2813 - 1252s - loss: 0.0947 - accuracy_function: 0.9633 - val_loss: 0.2536 - val_accuracy_function: 0.9119 - 1252s/epoch - 445ms/step
Epoch 28/100
2813/2813 - 1251s - loss: 0.0920 - accuracy_function: 0.9644 - val_loss: 0.2570 - val_accuracy_function: 0.9115 - 1251s/epoch - 445ms/step
Epoch 29/100
2813/2813 - 1261s - loss: 0.0894 - accuracy_function: 0.9653 - val_loss: 0.2635 - val_accuracy_function: 0.9104 - 1261s/epoch - 448ms/step
Epoch 30/100
2813/2813 - 1264s - loss: 0.0867 - accuracy_function: 0.9664 - val_loss: 0.2661 - val_accuracy_function: 0.9106 - 1264s/epoch - 449ms/step
Epoch 31/100
2813/2813 - 1261s - loss: 0.0844 - accuracy_function: 0.9673 - val_loss: 0.2709 - val_accuracy_function: 0.9102 - 1261s/epoch - 448ms/step
Epoch 32/100
2813/2813 - 1260s - loss: 0.0819 - accuracy_function: 0.9683 - val_loss: 0.2806 - val_accuracy_function: 0.9099 - 1260s/epoch - 448ms/step
Epoch 33/100
2813/2813 - 1262s - loss: 0.0796 - accuracy_function: 0.9692 - val_loss: 0.2764 - val_accuracy_function: 0.9097 - 1262s/epoch - 448ms/step
Epoch 34/100
2813/2813 - 1262s - loss: 0.0773 - accuracy_function: 0.9701 - val_loss: 0.2849 - val_accuracy_function: 0.9097 - 1262s/epoch - 449ms/step
Epoch 35/100
2813/2813 - 1260s - loss: 0.0752 - accuracy_function: 0.9710 - val_loss: 0.2916 - val_accuracy_function: 0.9089 - 1260s/epoch - 448ms/step
Epoch 36/100
2813/2813 - 1262s - loss: 0.0732 - accuracy_function: 0.9718 - val_loss: 0.2915 - val_accuracy_function: 0.9088 - 1262s/epoch - 448ms/step
Epoch 37/100
2813/2813 - 1262s - loss: 0.0711 - accuracy_function: 0.9726 - val_loss: 0.3027 - val_accuracy_function: 0.9070 - 1262s/epoch - 448ms/step
Epoch 38/100
2813/2813 - 1263s - loss: 0.0692 - accuracy_function: 0.9734 - val_loss: 0.3004 - val_accuracy_function: 0.9081 - 1263s/epoch - 449ms/step
Epoch 39/100
2813/2813 - 1255s - loss: 0.0674 - accuracy_function: 0.9740 - val_loss: 0.3140 - val_accuracy_function: 0.9078 - 1255s/epoch - 446ms/step
Epoch 40/100
2813/2813 - 1251s - loss: 0.0654 - accuracy_function: 0.9748 - val_loss: 0.3194 - val_accuracy_function: 0.9072 - 1251s/epoch - 445ms/step
Epoch 41/100
2813/2813 - 1251s - loss: 0.0637 - accuracy_function: 0.9755 - val_loss: 0.3276 - val_accuracy_function: 0.9063 - 1251s/epoch - 445ms/step
Epoch 42/100
2813/2813 - 1252s - loss: 0.0621 - accuracy_function: 0.9762 - val_loss: 0.3356 - val_accuracy_function: 0.9060 - 1252s/epoch - 445ms/step
Epoch 43/100
2813/2813 - 1251s - loss: 0.0604 - accuracy_function: 0.9769 - val_loss: 0.3405 - val_accuracy_function: 0.9062 - 1251s/epoch - 445ms/step
Epoch 44/100
2813/2813 - 1251s - loss: 0.0588 - accuracy_function: 0.9775 - val_loss: 0.3489 - val_accuracy_function: 0.9064 - 1251s/epoch - 445ms/step
Epoch 45/100
2813/2813 - 1251s - loss: 0.0574 - accuracy_function: 0.9781 - val_loss: 0.3475 - val_accuracy_function: 0.9061 - 1251s/epoch - 445ms/step
Epoch 46/100
2813/2813 - 1250s - loss: 0.0559 - accuracy_function: 0.9786 - val_loss: 0.3653 - val_accuracy_function: 0.9060 - 1250s/epoch - 445ms/step
Epoch 47/100
2813/2813 - 1250s - loss: 0.0545 - accuracy_function: 0.9792 - val_loss: 0.3696 - val_accuracy_function: 0.9050 - 1250s/epoch - 445ms/step
Epoch 48/100
2813/2813 - 1246s - loss: 0.0531 - accuracy_function: 0.9797 - val_loss: 0.3734 - val_accuracy_function: 0.9048 - 1246s/epoch - 443ms/step
Epoch 49/100
2813/2813 - 1242s - loss: 0.0520 - accuracy_function: 0.9802 - val_loss: 0.3773 - val_accuracy_function: 0.9052 - 1242s/epoch - 441ms/step
Epoch 50/100
2813/2813 - 1242s - loss: 0.0505 - accuracy_function: 0.9808 - val_loss: 0.3854 - val_accuracy_function: 0.9049 - 1242s/epoch - 442ms/step
Epoch 51/100
2813/2813 - 1242s - loss: 0.0495 - accuracy_function: 0.9812 - val_loss: 0.3862 - val_accuracy_function: 0.9051 - 1242s/epoch - 442ms/step
Epoch 52/100
2813/2813 - 1243s - loss: 0.0483 - accuracy_function: 0.9817 - val_loss: 0.3990 - val_accuracy_function: 0.9043 - 1243s/epoch - 442ms/step
Epoch 53/100
2813/2813 - 1242s - loss: 0.0471 - accuracy_function: 0.9821 - val_loss: 0.4066 - val_accuracy_function: 0.9035 - 1242s/epoch - 442ms/step
Epoch 54/100
2813/2813 - 1243s - loss: 0.0460 - accuracy_function: 0.9826 - val_loss: 0.4131 - val_accuracy_function: 0.9029 - 1243s/epoch - 442ms/step
Epoch 55/100
2813/2813 - 1240s - loss: 0.0451 - accuracy_function: 0.9829 - val_loss: 0.4153 - val_accuracy_function: 0.9035 - 1240s/epoch - 441ms/step
Epoch 56/100
2813/2813 - 1241s - loss: 0.0440 - accuracy_function: 0.9834 - val_loss: 0.4294 - val_accuracy_function: 0.9037 - 1241s/epoch - 441ms/step
Epoch 57/100
2813/2813 - 1242s - loss: 0.0431 - accuracy_function: 0.9837 - val_loss: 0.4351 - val_accuracy_function: 0.9028 - 1242s/epoch - 442ms/step
Epoch 58/100
2813/2813 - 1242s - loss: 0.0422 - accuracy_function: 0.9841 - val_loss: 0.4244 - val_accuracy_function: 0.9036 - 1242s/epoch - 442ms/step
Epoch 59/100
2813/2813 - 1241s - loss: 0.0411 - accuracy_function: 0.9845 - val_loss: 0.4398 - val_accuracy_function: 0.9033 - 1241s/epoch - 441ms/step
Epoch 60/100
2813/2813 - 1242s - loss: 0.0402 - accuracy_function: 0.9849 - val_loss: 0.4538 - val_accuracy_function: 0.9027 - 1242s/epoch - 441ms/step
Epoch 61/100
2813/2813 - 1241s - loss: 0.0394 - accuracy_function: 0.9852 - val_loss: 0.4497 - val_accuracy_function: 0.9027 - 1241s/epoch - 441ms/step
Epoch 62/100
2813/2813 - 1242s - loss: 0.0387 - accuracy_function: 0.9855 - val_loss: 0.4631 - val_accuracy_function: 0.9020 - 1242s/epoch - 442ms/step
Epoch 63/100
2813/2813 - 1241s - loss: 0.0378 - accuracy_function: 0.9858 - val_loss: 0.4551 - val_accuracy_function: 0.9034 - 1241s/epoch - 441ms/step
Epoch 64/100
2813/2813 - 1240s - loss: 0.0369 - accuracy_function: 0.9862 - val_loss: 0.4602 - val_accuracy_function: 0.9021 - 1240s/epoch - 441ms/step
Epoch 65/100
2813/2813 - 1242s - loss: 0.0364 - accuracy_function: 0.9864 - val_loss: 0.4765 - val_accuracy_function: 0.9022 - 1242s/epoch - 441ms/step
Epoch 66/100
2813/2813 - 1242s - loss: 0.0357 - accuracy_function: 0.9867 - val_loss: 0.4843 - val_accuracy_function: 0.9021 - 1242s/epoch - 441ms/step
Epoch 67/100
2813/2813 - 1242s - loss: 0.0349 - accuracy_function: 0.9870 - val_loss: 0.4833 - val_accuracy_function: 0.9010 - 1242s/epoch - 441ms/step
Epoch 68/100
2813/2813 - 1242s - loss: 0.0342 - accuracy_function: 0.9873 - val_loss: 0.4939 - val_accuracy_function: 0.9022 - 1242s/epoch - 442ms/step
Epoch 69/100
2813/2813 - 1240s - loss: 0.0336 - accuracy_function: 0.9875 - val_loss: 0.4940 - val_accuracy_function: 0.9020 - 1240s/epoch - 441ms/step
Epoch 70/100
2813/2813 - 1240s - loss: 0.0331 - accuracy_function: 0.9877 - val_loss: 0.5009 - val_accuracy_function: 0.9019 - 1240s/epoch - 441ms/step
Epoch 71/100
2813/2813 - 1239s - loss: 0.0325 - accuracy_function: 0.9879 - val_loss: 0.5043 - val_accuracy_function: 0.9017 - 1239s/epoch - 441ms/step
Epoch 72/100
2813/2813 - 1240s - loss: 0.0319 - accuracy_function: 0.9882 - val_loss: 0.5057 - val_accuracy_function: 0.9025 - 1240s/epoch - 441ms/step
Epoch 73/100
2813/2813 - 1240s - loss: 0.0313 - accuracy_function: 0.9884 - val_loss: 0.5140 - val_accuracy_function: 0.9014 - 1240s/epoch - 441ms/step
Epoch 74/100
2813/2813 - 1239s - loss: 0.0309 - accuracy_function: 0.9886 - val_loss: 0.5237 - val_accuracy_function: 0.9014 - 1239s/epoch - 441ms/step
Epoch 75/100
2813/2813 - 1240s - loss: 0.0303 - accuracy_function: 0.9888 - val_loss: 0.5228 - val_accuracy_function: 0.9015 - 1240s/epoch - 441ms/step
Epoch 76/100
2813/2813 - 1239s - loss: 0.0298 - accuracy_function: 0.9890 - val_loss: 0.5286 - val_accuracy_function: 0.9023 - 1239s/epoch - 441ms/step
Epoch 77/100
2813/2813 - 1240s - loss: 0.0294 - accuracy_function: 0.9892 - val_loss: 0.5360 - val_accuracy_function: 0.9013 - 1240s/epoch - 441ms/step
Epoch 78/100
2813/2813 - 1240s - loss: 0.0289 - accuracy_function: 0.9893 - val_loss: 0.5392 - val_accuracy_function: 0.9013 - 1240s/epoch - 441ms/step
Epoch 79/100
2813/2813 - 1239s - loss: 0.0285 - accuracy_function: 0.9895 - val_loss: 0.5478 - val_accuracy_function: 0.9016 - 1239s/epoch - 441ms/step
Epoch 80/100
2813/2813 - 1239s - loss: 0.0280 - accuracy_function: 0.9897 - val_loss: 0.5506 - val_accuracy_function: 0.9008 - 1239s/epoch - 441ms/step
Epoch 81/100
2813/2813 - 1239s - loss: 0.0277 - accuracy_function: 0.9899 - val_loss: 0.5555 - val_accuracy_function: 0.9008 - 1239s/epoch - 441ms/step
Epoch 82/100
2813/2813 - 1240s - loss: 0.0272 - accuracy_function: 0.9900 - val_loss: 0.5583 - val_accuracy_function: 0.9008 - 1240s/epoch - 441ms/step
Epoch 83/100
2813/2813 - 1240s - loss: 0.0268 - accuracy_function: 0.9902 - val_loss: 0.5630 - val_accuracy_function: 0.9015 - 1240s/epoch - 441ms/step
Epoch 84/100
2813/2813 - 1239s - loss: 0.0264 - accuracy_function: 0.9903 - val_loss: 0.5680 - val_accuracy_function: 0.9016 - 1239s/epoch - 441ms/step
Epoch 85/100
2813/2813 - 1240s - loss: 0.0260 - accuracy_function: 0.9905 - val_loss: 0.5645 - val_accuracy_function: 0.9012 - 1240s/epoch - 441ms/step
Epoch 86/100
2813/2813 - 1240s - loss: 0.0257 - accuracy_function: 0.9906 - val_loss: 0.5767 - val_accuracy_function: 0.9011 - 1240s/epoch - 441ms/step
Epoch 87/100
2813/2813 - 1240s - loss: 0.0253 - accuracy_function: 0.9908 - val_loss: 0.5771 - val_accuracy_function: 0.9010 - 1240s/epoch - 441ms/step
Epoch 88/100
2813/2813 - 1240s - loss: 0.0249 - accuracy_function: 0.9909 - val_loss: 0.5877 - val_accuracy_function: 0.9013 - 1240s/epoch - 441ms/step
Epoch 89/100
2813/2813 - 1239s - loss: 0.0246 - accuracy_function: 0.9911 - val_loss: 0.5855 - val_accuracy_function: 0.9011 - 1239s/epoch - 441ms/step
Epoch 90/100
2813/2813 - 1240s - loss: 0.0243 - accuracy_function: 0.9912 - val_loss: 0.5926 - val_accuracy_function: 0.9005 - 1240s/epoch - 441ms/step
Epoch 91/100
2813/2813 - 1239s - loss: 0.0239 - accuracy_function: 0.9913 - val_loss: 0.6004 - val_accuracy_function: 0.9007 - 1239s/epoch - 441ms/step
Epoch 92/100
2813/2813 - 1240s - loss: 0.0237 - accuracy_function: 0.9914 - val_loss: 0.6111 - val_accuracy_function: 0.9005 - 1240s/epoch - 441ms/step
Epoch 93/100
2813/2813 - 1240s - loss: 0.0234 - accuracy_function: 0.9915 - val_loss: 0.6076 - val_accuracy_function: 0.9006 - 1240s/epoch - 441ms/step
Epoch 94/100
2813/2813 - 1240s - loss: 0.0229 - accuracy_function: 0.9917 - val_loss: 0.6124 - val_accuracy_function: 0.9011 - 1240s/epoch - 441ms/step
Epoch 95/100
2813/2813 - 1239s - loss: 0.0228 - accuracy_function: 0.9918 - val_loss: 0.6154 - val_accuracy_function: 0.9007 - 1239s/epoch - 441ms/step
Epoch 96/100
2813/2813 - 1239s - loss: 0.0225 - accuracy_function: 0.9918 - val_loss: 0.6200 - val_accuracy_function: 0.9001 - 1239s/epoch - 441ms/step
Epoch 97/100
2813/2813 - 1239s - loss: 0.0222 - accuracy_function: 0.9920 - val_loss: 0.6250 - val_accuracy_function: 0.8999 - 1239s/epoch - 441ms/step
Epoch 98/100
2813/2813 - 1240s - loss: 0.0219 - accuracy_function: 0.9921 - val_loss: 0.6321 - val_accuracy_function: 0.9003 - 1240s/epoch - 441ms/step
Epoch 99/100
2813/2813 - 1240s - loss: 0.0217 - accuracy_function: 0.9922 - val_loss: 0.6289 - val_accuracy_function: 0.9010 - 1240s/epoch - 441ms/step
Epoch 100/100
2813/2813 - 1240s - loss: 0.0213 - accuracy_function: 0.9923 - val_loss: 0.6354 - val_accuracy_function: 0.9008 - 1240s/epoch - 441ms/step
BEST MODEL VALIDATION ACCURACY:
0.9135550260543823
