DONE WITH READING PAIRS
DONE WITH PREPARING TRAIN DATA
DONE WITH PREPARING VALIDATION DATA
PREPROCESSING DONE!
Testing model output:
(32, 402, 445)
Model: "transformer_model_1"
_________________________________________________________________
 Layer (type)                Output Shape              Param #   
=================================================================
 positional_embedding_layer_  multiple                 3328      
 2 (PositionalEmbeddingLayer                                     
 )                                                               
                                                                 
 encoder_layer_2 (EncoderLay  multiple                 396032    
 er)                                                             
                                                                 
 encoder_layer_3 (EncoderLay  multiple                 396032    
 er)                                                             
                                                                 
 encoder_layer_4 (EncoderLay  multiple                 396032    
 er)                                                             
                                                                 
 positional_embedding_layer_  multiple                 56960     
 3 (PositionalEmbeddingLayer                                     
 )                                                               
                                                                 
 decoder_layer_2 (DecoderLay  multiple                 660096    
 er)                                                             
                                                                 
 decoder_layer_3 (DecoderLay  multiple                 660096    
 er)                                                             
                                                                 
 decoder_layer_4 (DecoderLay  multiple                 660096    
 er)                                                             
                                                                 
 dense_21 (Dense)            multiple                  57405     
                                                                 
=================================================================
Total params: 3,286,077
Trainable params: 3,286,077
Non-trainable params: 0
_________________________________________________________________
Epoch 1/100
2813/2813 - 346s - loss: 4.1226 - accuracy_function: 0.1861 - val_loss: 4.7488 - val_accuracy_function: 0.1027 - 346s/epoch - 123ms/step
Epoch 2/100
2813/2813 - 306s - loss: 3.2141 - accuracy_function: 0.2937 - val_loss: 4.4417 - val_accuracy_function: 0.1410 - 306s/epoch - 109ms/step
Epoch 3/100
2813/2813 - 306s - loss: 2.7446 - accuracy_function: 0.3658 - val_loss: 4.0106 - val_accuracy_function: 0.1872 - 306s/epoch - 109ms/step
Epoch 4/100
2813/2813 - 306s - loss: 2.1370 - accuracy_function: 0.4755 - val_loss: 2.5305 - val_accuracy_function: 0.3713 - 306s/epoch - 109ms/step
Epoch 5/100
2813/2813 - 306s - loss: 1.1251 - accuracy_function: 0.6833 - val_loss: 0.8596 - val_accuracy_function: 0.7350 - 306s/epoch - 109ms/step
Epoch 6/100
2813/2813 - 306s - loss: 0.6896 - accuracy_function: 0.7810 - val_loss: 0.6121 - val_accuracy_function: 0.7890 - 306s/epoch - 109ms/step
Epoch 7/100
2813/2813 - 306s - loss: 0.5518 - accuracy_function: 0.8148 - val_loss: 0.6358 - val_accuracy_function: 0.7819 - 306s/epoch - 109ms/step
Epoch 8/100
2813/2813 - 307s - loss: 0.4691 - accuracy_function: 0.8369 - val_loss: 0.5157 - val_accuracy_function: 0.8121 - 307s/epoch - 109ms/step
Epoch 9/100
2813/2813 - 306s - loss: 0.4174 - accuracy_function: 0.8515 - val_loss: 0.4750 - val_accuracy_function: 0.8234 - 306s/epoch - 109ms/step
Epoch 10/100
2813/2813 - 306s - loss: 0.3781 - accuracy_function: 0.8630 - val_loss: 0.4474 - val_accuracy_function: 0.8320 - 306s/epoch - 109ms/step
Epoch 11/100
2813/2813 - 306s - loss: 0.3440 - accuracy_function: 0.8733 - val_loss: 0.4243 - val_accuracy_function: 0.8399 - 306s/epoch - 109ms/step
Epoch 12/100
2813/2813 - 306s - loss: 0.3148 - accuracy_function: 0.8824 - val_loss: 0.4083 - val_accuracy_function: 0.8447 - 306s/epoch - 109ms/step
Epoch 13/100
2813/2813 - 306s - loss: 0.2938 - accuracy_function: 0.8892 - val_loss: 0.3903 - val_accuracy_function: 0.8508 - 306s/epoch - 109ms/step
Epoch 14/100
2813/2813 - 306s - loss: 0.2779 - accuracy_function: 0.8946 - val_loss: 0.3740 - val_accuracy_function: 0.8572 - 306s/epoch - 109ms/step
Epoch 15/100
2813/2813 - 307s - loss: 0.2647 - accuracy_function: 0.8992 - val_loss: 0.3555 - val_accuracy_function: 0.8617 - 307s/epoch - 109ms/step
Epoch 16/100
2813/2813 - 306s - loss: 0.2529 - accuracy_function: 0.9034 - val_loss: 0.3457 - val_accuracy_function: 0.8657 - 306s/epoch - 109ms/step
Epoch 17/100
2813/2813 - 305s - loss: 0.2429 - accuracy_function: 0.9070 - val_loss: 0.3402 - val_accuracy_function: 0.8689 - 305s/epoch - 109ms/step
Epoch 18/100
2813/2813 - 306s - loss: 0.2342 - accuracy_function: 0.9102 - val_loss: 0.3356 - val_accuracy_function: 0.8708 - 306s/epoch - 109ms/step
Epoch 19/100
2813/2813 - 306s - loss: 0.2274 - accuracy_function: 0.9127 - val_loss: 0.3263 - val_accuracy_function: 0.8742 - 306s/epoch - 109ms/step
Epoch 20/100
2813/2813 - 306s - loss: 0.2208 - accuracy_function: 0.9152 - val_loss: 0.3256 - val_accuracy_function: 0.8743 - 306s/epoch - 109ms/step
Epoch 21/100
2813/2813 - 306s - loss: 0.2152 - accuracy_function: 0.9172 - val_loss: 0.3152 - val_accuracy_function: 0.8778 - 306s/epoch - 109ms/step
Epoch 22/100
2813/2813 - 306s - loss: 0.2096 - accuracy_function: 0.9193 - val_loss: 0.3122 - val_accuracy_function: 0.8785 - 306s/epoch - 109ms/step
Epoch 23/100
2813/2813 - 306s - loss: 0.2050 - accuracy_function: 0.9212 - val_loss: 0.3041 - val_accuracy_function: 0.8823 - 306s/epoch - 109ms/step
Epoch 24/100
2813/2813 - 308s - loss: 0.2007 - accuracy_function: 0.9228 - val_loss: 0.3029 - val_accuracy_function: 0.8830 - 308s/epoch - 109ms/step
Epoch 25/100
2813/2813 - 306s - loss: 0.1967 - accuracy_function: 0.9242 - val_loss: 0.2994 - val_accuracy_function: 0.8851 - 306s/epoch - 109ms/step
Epoch 26/100
2813/2813 - 306s - loss: 0.1932 - accuracy_function: 0.9256 - val_loss: 0.2989 - val_accuracy_function: 0.8854 - 306s/epoch - 109ms/step
Epoch 27/100
2813/2813 - 307s - loss: 0.1902 - accuracy_function: 0.9269 - val_loss: 0.2953 - val_accuracy_function: 0.8857 - 307s/epoch - 109ms/step
Epoch 28/100
2813/2813 - 306s - loss: 0.1871 - accuracy_function: 0.9280 - val_loss: 0.2928 - val_accuracy_function: 0.8872 - 306s/epoch - 109ms/step
Epoch 29/100
2813/2813 - 306s - loss: 0.1847 - accuracy_function: 0.9288 - val_loss: 0.2901 - val_accuracy_function: 0.8887 - 306s/epoch - 109ms/step
Epoch 30/100
2813/2813 - 306s - loss: 0.1822 - accuracy_function: 0.9299 - val_loss: 0.2915 - val_accuracy_function: 0.8885 - 306s/epoch - 109ms/step
Epoch 31/100
2813/2813 - 305s - loss: 0.1796 - accuracy_function: 0.9308 - val_loss: 0.2949 - val_accuracy_function: 0.8885 - 305s/epoch - 109ms/step
Epoch 32/100
2813/2813 - 306s - loss: 0.1775 - accuracy_function: 0.9316 - val_loss: 0.2865 - val_accuracy_function: 0.8898 - 306s/epoch - 109ms/step
Epoch 33/100
2813/2813 - 306s - loss: 0.1754 - accuracy_function: 0.9325 - val_loss: 0.2844 - val_accuracy_function: 0.8907 - 306s/epoch - 109ms/step
Epoch 34/100
2813/2813 - 305s - loss: 0.1733 - accuracy_function: 0.9332 - val_loss: 0.2879 - val_accuracy_function: 0.8904 - 305s/epoch - 109ms/step
Epoch 35/100
2813/2813 - 305s - loss: 0.1713 - accuracy_function: 0.9340 - val_loss: 0.2917 - val_accuracy_function: 0.8894 - 305s/epoch - 109ms/step
Epoch 36/100
2813/2813 - 306s - loss: 0.1698 - accuracy_function: 0.9346 - val_loss: 0.2865 - val_accuracy_function: 0.8913 - 306s/epoch - 109ms/step
Epoch 37/100
2813/2813 - 306s - loss: 0.1678 - accuracy_function: 0.9353 - val_loss: 0.2879 - val_accuracy_function: 0.8916 - 306s/epoch - 109ms/step
Epoch 38/100
2813/2813 - 305s - loss: 0.1664 - accuracy_function: 0.9359 - val_loss: 0.2893 - val_accuracy_function: 0.8912 - 305s/epoch - 109ms/step
Epoch 39/100
2813/2813 - 306s - loss: 0.1648 - accuracy_function: 0.9365 - val_loss: 0.2801 - val_accuracy_function: 0.8924 - 306s/epoch - 109ms/step
Epoch 40/100
2813/2813 - 306s - loss: 0.1633 - accuracy_function: 0.9370 - val_loss: 0.2850 - val_accuracy_function: 0.8923 - 306s/epoch - 109ms/step
Epoch 41/100
2813/2813 - 306s - loss: 0.1618 - accuracy_function: 0.9376 - val_loss: 0.2891 - val_accuracy_function: 0.8922 - 306s/epoch - 109ms/step
Epoch 42/100
2813/2813 - 305s - loss: 0.1603 - accuracy_function: 0.9382 - val_loss: 0.2855 - val_accuracy_function: 0.8931 - 305s/epoch - 109ms/step
Epoch 43/100
2813/2813 - 305s - loss: 0.1592 - accuracy_function: 0.9386 - val_loss: 0.2834 - val_accuracy_function: 0.8925 - 305s/epoch - 109ms/step
Epoch 44/100
2813/2813 - 306s - loss: 0.1580 - accuracy_function: 0.9391 - val_loss: 0.2812 - val_accuracy_function: 0.8933 - 306s/epoch - 109ms/step
Epoch 45/100
2813/2813 - 305s - loss: 0.1567 - accuracy_function: 0.9396 - val_loss: 0.2852 - val_accuracy_function: 0.8930 - 305s/epoch - 109ms/step
Epoch 46/100
2813/2813 - 306s - loss: 0.1555 - accuracy_function: 0.9401 - val_loss: 0.2814 - val_accuracy_function: 0.8931 - 306s/epoch - 109ms/step
Epoch 47/100
2813/2813 - 305s - loss: 0.1544 - accuracy_function: 0.9405 - val_loss: 0.2822 - val_accuracy_function: 0.8938 - 305s/epoch - 109ms/step
Epoch 48/100
2813/2813 - 306s - loss: 0.1533 - accuracy_function: 0.9409 - val_loss: 0.2809 - val_accuracy_function: 0.8939 - 306s/epoch - 109ms/step
Epoch 49/100
2813/2813 - 305s - loss: 0.1523 - accuracy_function: 0.9413 - val_loss: 0.2820 - val_accuracy_function: 0.8941 - 305s/epoch - 108ms/step
Epoch 50/100
2813/2813 - 305s - loss: 0.1510 - accuracy_function: 0.9418 - val_loss: 0.2858 - val_accuracy_function: 0.8935 - 305s/epoch - 109ms/step
Epoch 51/100
2813/2813 - 306s - loss: 0.1502 - accuracy_function: 0.9421 - val_loss: 0.2864 - val_accuracy_function: 0.8938 - 306s/epoch - 109ms/step
Epoch 52/100
2813/2813 - 306s - loss: 0.1492 - accuracy_function: 0.9425 - val_loss: 0.2855 - val_accuracy_function: 0.8933 - 306s/epoch - 109ms/step
Epoch 53/100
2813/2813 - 305s - loss: 0.1483 - accuracy_function: 0.9428 - val_loss: 0.2835 - val_accuracy_function: 0.8942 - 305s/epoch - 108ms/step
Epoch 54/100
2813/2813 - 305s - loss: 0.1472 - accuracy_function: 0.9433 - val_loss: 0.2854 - val_accuracy_function: 0.8943 - 305s/epoch - 108ms/step
Epoch 55/100
2813/2813 - 305s - loss: 0.1464 - accuracy_function: 0.9435 - val_loss: 0.2850 - val_accuracy_function: 0.8942 - 305s/epoch - 109ms/step
Epoch 56/100
2813/2813 - 307s - loss: 0.1453 - accuracy_function: 0.9439 - val_loss: 0.2832 - val_accuracy_function: 0.8948 - 307s/epoch - 109ms/step
Epoch 57/100
2813/2813 - 306s - loss: 0.1445 - accuracy_function: 0.9444 - val_loss: 0.2838 - val_accuracy_function: 0.8948 - 306s/epoch - 109ms/step
Epoch 58/100
2813/2813 - 306s - loss: 0.1437 - accuracy_function: 0.9446 - val_loss: 0.2835 - val_accuracy_function: 0.8943 - 306s/epoch - 109ms/step
Epoch 59/100
2813/2813 - 306s - loss: 0.1428 - accuracy_function: 0.9449 - val_loss: 0.2839 - val_accuracy_function: 0.8950 - 306s/epoch - 109ms/step
Epoch 60/100
2813/2813 - 306s - loss: 0.1420 - accuracy_function: 0.9453 - val_loss: 0.2829 - val_accuracy_function: 0.8955 - 306s/epoch - 109ms/step
Epoch 61/100
2813/2813 - 305s - loss: 0.1413 - accuracy_function: 0.9456 - val_loss: 0.2841 - val_accuracy_function: 0.8955 - 305s/epoch - 109ms/step
Epoch 62/100
2813/2813 - 305s - loss: 0.1404 - accuracy_function: 0.9459 - val_loss: 0.2875 - val_accuracy_function: 0.8950 - 305s/epoch - 109ms/step
Epoch 63/100
2813/2813 - 305s - loss: 0.1396 - accuracy_function: 0.9462 - val_loss: 0.2858 - val_accuracy_function: 0.8946 - 305s/epoch - 108ms/step
Epoch 64/100
2813/2813 - 306s - loss: 0.1388 - accuracy_function: 0.9465 - val_loss: 0.2889 - val_accuracy_function: 0.8936 - 306s/epoch - 109ms/step
Epoch 65/100
2813/2813 - 306s - loss: 0.1382 - accuracy_function: 0.9467 - val_loss: 0.2797 - val_accuracy_function: 0.8961 - 306s/epoch - 109ms/step
Epoch 66/100
2813/2813 - 305s - loss: 0.1373 - accuracy_function: 0.9470 - val_loss: 0.2850 - val_accuracy_function: 0.8961 - 305s/epoch - 108ms/step
Epoch 67/100
2813/2813 - 305s - loss: 0.1366 - accuracy_function: 0.9474 - val_loss: 0.2847 - val_accuracy_function: 0.8947 - 305s/epoch - 108ms/step
Epoch 68/100
2813/2813 - 305s - loss: 0.1358 - accuracy_function: 0.9476 - val_loss: 0.2872 - val_accuracy_function: 0.8948 - 305s/epoch - 109ms/step
Epoch 69/100
2813/2813 - 306s - loss: 0.1353 - accuracy_function: 0.9479 - val_loss: 0.2859 - val_accuracy_function: 0.8951 - 306s/epoch - 109ms/step
Epoch 70/100
2813/2813 - 305s - loss: 0.1345 - accuracy_function: 0.9482 - val_loss: 0.2873 - val_accuracy_function: 0.8953 - 305s/epoch - 108ms/step
Epoch 71/100
2813/2813 - 306s - loss: 0.1340 - accuracy_function: 0.9484 - val_loss: 0.2873 - val_accuracy_function: 0.8958 - 306s/epoch - 109ms/step
Epoch 72/100
2813/2813 - 306s - loss: 0.1332 - accuracy_function: 0.9487 - val_loss: 0.2864 - val_accuracy_function: 0.8947 - 306s/epoch - 109ms/step
Epoch 73/100
2813/2813 - 307s - loss: 0.1324 - accuracy_function: 0.9490 - val_loss: 0.2825 - val_accuracy_function: 0.8956 - 307s/epoch - 109ms/step
Epoch 74/100
2813/2813 - 307s - loss: 0.1317 - accuracy_function: 0.9492 - val_loss: 0.2923 - val_accuracy_function: 0.8950 - 307s/epoch - 109ms/step
Epoch 75/100
2813/2813 - 307s - loss: 0.1311 - accuracy_function: 0.9495 - val_loss: 0.2902 - val_accuracy_function: 0.8951 - 307s/epoch - 109ms/step
Epoch 76/100
2813/2813 - 307s - loss: 0.1304 - accuracy_function: 0.9497 - val_loss: 0.2934 - val_accuracy_function: 0.8939 - 307s/epoch - 109ms/step
Epoch 77/100
2813/2813 - 307s - loss: 0.1296 - accuracy_function: 0.9500 - val_loss: 0.2858 - val_accuracy_function: 0.8959 - 307s/epoch - 109ms/step
Epoch 78/100
2813/2813 - 307s - loss: 0.1289 - accuracy_function: 0.9503 - val_loss: 0.2915 - val_accuracy_function: 0.8950 - 307s/epoch - 109ms/step
Epoch 79/100
2813/2813 - 307s - loss: 0.1284 - accuracy_function: 0.9505 - val_loss: 0.2952 - val_accuracy_function: 0.8939 - 307s/epoch - 109ms/step
Epoch 80/100
2813/2813 - 307s - loss: 0.1275 - accuracy_function: 0.9508 - val_loss: 0.2911 - val_accuracy_function: 0.8947 - 307s/epoch - 109ms/step
Epoch 81/100
2813/2813 - 308s - loss: 0.1270 - accuracy_function: 0.9510 - val_loss: 0.2903 - val_accuracy_function: 0.8955 - 308s/epoch - 110ms/step
Epoch 82/100
2813/2813 - 307s - loss: 0.1264 - accuracy_function: 0.9513 - val_loss: 0.2967 - val_accuracy_function: 0.8945 - 307s/epoch - 109ms/step
Epoch 83/100
2813/2813 - 307s - loss: 0.1259 - accuracy_function: 0.9515 - val_loss: 0.2919 - val_accuracy_function: 0.8954 - 307s/epoch - 109ms/step
Epoch 84/100
2813/2813 - 307s - loss: 0.1254 - accuracy_function: 0.9517 - val_loss: 0.2967 - val_accuracy_function: 0.8944 - 307s/epoch - 109ms/step
Epoch 85/100
2813/2813 - 308s - loss: 0.1247 - accuracy_function: 0.9519 - val_loss: 0.2939 - val_accuracy_function: 0.8956 - 308s/epoch - 109ms/step
Epoch 86/100
2813/2813 - 307s - loss: 0.1242 - accuracy_function: 0.9521 - val_loss: 0.2977 - val_accuracy_function: 0.8948 - 307s/epoch - 109ms/step
Epoch 87/100
2813/2813 - 307s - loss: 0.1237 - accuracy_function: 0.9523 - val_loss: 0.2991 - val_accuracy_function: 0.8948 - 307s/epoch - 109ms/step
Epoch 88/100
2813/2813 - 307s - loss: 0.1232 - accuracy_function: 0.9525 - val_loss: 0.2935 - val_accuracy_function: 0.8950 - 307s/epoch - 109ms/step
Epoch 89/100
2813/2813 - 307s - loss: 0.1227 - accuracy_function: 0.9528 - val_loss: 0.2974 - val_accuracy_function: 0.8942 - 307s/epoch - 109ms/step
Epoch 90/100
2813/2813 - 308s - loss: 0.1223 - accuracy_function: 0.9529 - val_loss: 0.2944 - val_accuracy_function: 0.8951 - 308s/epoch - 109ms/step
Epoch 91/100
2813/2813 - 307s - loss: 0.1217 - accuracy_function: 0.9530 - val_loss: 0.2936 - val_accuracy_function: 0.8952 - 307s/epoch - 109ms/step
Epoch 92/100
2813/2813 - 308s - loss: 0.1213 - accuracy_function: 0.9533 - val_loss: 0.3033 - val_accuracy_function: 0.8939 - 308s/epoch - 109ms/step
Epoch 93/100
2813/2813 - 307s - loss: 0.1207 - accuracy_function: 0.9535 - val_loss: 0.2961 - val_accuracy_function: 0.8954 - 307s/epoch - 109ms/step
Epoch 94/100
2813/2813 - 307s - loss: 0.1203 - accuracy_function: 0.9536 - val_loss: 0.2994 - val_accuracy_function: 0.8947 - 307s/epoch - 109ms/step
Epoch 95/100
2813/2813 - 307s - loss: 0.1198 - accuracy_function: 0.9538 - val_loss: 0.2942 - val_accuracy_function: 0.8950 - 307s/epoch - 109ms/step
Epoch 96/100
2813/2813 - 307s - loss: 0.1194 - accuracy_function: 0.9540 - val_loss: 0.2993 - val_accuracy_function: 0.8946 - 307s/epoch - 109ms/step
Epoch 97/100
2813/2813 - 308s - loss: 0.1190 - accuracy_function: 0.9542 - val_loss: 0.3013 - val_accuracy_function: 0.8947 - 308s/epoch - 109ms/step
Epoch 98/100
2813/2813 - 307s - loss: 0.1185 - accuracy_function: 0.9543 - val_loss: 0.2994 - val_accuracy_function: 0.8948 - 307s/epoch - 109ms/step
Epoch 99/100
2813/2813 - 308s - loss: 0.1182 - accuracy_function: 0.9544 - val_loss: 0.3036 - val_accuracy_function: 0.8948 - 308s/epoch - 109ms/step
Epoch 100/100
2813/2813 - 307s - loss: 0.1176 - accuracy_function: 0.9547 - val_loss: 0.3022 - val_accuracy_function: 0.8948 - 307s/epoch - 109ms/step
0.8960533142089844
NEW MODEL
