DONE WITH READING PAIRS
DONE WITH PREPARING TRAIN DATA
DONE WITH PREPARING VALIDATION DATA
PREPROCESSING DONE!
Testing model output:
(32, 402, 445)
Model: "transformer_model"
_________________________________________________________________
 Layer (type)                Output Shape              Param #   
=================================================================
 positional_embedding_layer   multiple                 6656      
 (PositionalEmbeddingLayer)                                      
                                                                 
 encoder_layer (EncoderLayer  multiple                 1315840   
 )                                                               
                                                                 
 encoder_layer_1 (EncoderLay  multiple                 1315840   
 er)                                                             
                                                                 
 encoder_layer_2 (EncoderLay  multiple                 1315840   
 er)                                                             
                                                                 
 positional_embedding_layer_  multiple                 113920    
 1 (PositionalEmbeddingLayer                                     
 )                                                               
                                                                 
 decoder_layer (DecoderLayer  multiple                 2368256   
 )                                                               
                                                                 
 decoder_layer_1 (DecoderLay  multiple                 2368256   
 er)                                                             
                                                                 
 decoder_layer_2 (DecoderLay  multiple                 2368256   
 er)                                                             
                                                                 
 dense_12 (Dense)            multiple                  114365    
                                                                 
=================================================================
Total params: 11,287,229
Trainable params: 11,287,229
Non-trainable params: 0
_________________________________________________________________
Epoch 1/100
2813/2813 - 612s - loss: 3.9336 - accuracy_function: 0.2120 - val_loss: 4.1314 - val_accuracy_function: 0.1592 - 612s/epoch - 218ms/step
Epoch 2/100
2813/2813 - 563s - loss: 1.6746 - accuracy_function: 0.5723 - val_loss: 0.6751 - val_accuracy_function: 0.7700 - 563s/epoch - 200ms/step
Epoch 3/100
2813/2813 - 563s - loss: 0.5342 - accuracy_function: 0.8174 - val_loss: 0.5028 - val_accuracy_function: 0.8159 - 563s/epoch - 200ms/step
Epoch 4/100
2813/2813 - 562s - loss: 0.3944 - accuracy_function: 0.8570 - val_loss: 0.4354 - val_accuracy_function: 0.8348 - 562s/epoch - 200ms/step
Epoch 5/100
2813/2813 - 562s - loss: 0.3221 - accuracy_function: 0.8798 - val_loss: 0.3805 - val_accuracy_function: 0.8533 - 562s/epoch - 200ms/step
Epoch 6/100
2813/2813 - 561s - loss: 0.2725 - accuracy_function: 0.8964 - val_loss: 0.3496 - val_accuracy_function: 0.8649 - 561s/epoch - 200ms/step
Epoch 7/100
2813/2813 - 562s - loss: 0.2427 - accuracy_function: 0.9070 - val_loss: 0.3305 - val_accuracy_function: 0.8736 - 562s/epoch - 200ms/step
Epoch 8/100
2813/2813 - 562s - loss: 0.2238 - accuracy_function: 0.9139 - val_loss: 0.3018 - val_accuracy_function: 0.8822 - 562s/epoch - 200ms/step
Epoch 9/100
2813/2813 - 562s - loss: 0.2105 - accuracy_function: 0.9189 - val_loss: 0.2954 - val_accuracy_function: 0.8848 - 562s/epoch - 200ms/step
Epoch 10/100
2813/2813 - 562s - loss: 0.1989 - accuracy_function: 0.9232 - val_loss: 0.2846 - val_accuracy_function: 0.8890 - 562s/epoch - 200ms/step
Epoch 11/100
2813/2813 - 562s - loss: 0.1880 - accuracy_function: 0.9273 - val_loss: 0.2812 - val_accuracy_function: 0.8904 - 562s/epoch - 200ms/step
Epoch 12/100
2813/2813 - 563s - loss: 0.1791 - accuracy_function: 0.9308 - val_loss: 0.2692 - val_accuracy_function: 0.8955 - 563s/epoch - 200ms/step
Epoch 13/100
2813/2813 - 562s - loss: 0.1716 - accuracy_function: 0.9336 - val_loss: 0.2654 - val_accuracy_function: 0.8980 - 562s/epoch - 200ms/step
Epoch 14/100
2813/2813 - 562s - loss: 0.1648 - accuracy_function: 0.9363 - val_loss: 0.2601 - val_accuracy_function: 0.8993 - 562s/epoch - 200ms/step
Epoch 15/100
2813/2813 - 562s - loss: 0.1590 - accuracy_function: 0.9385 - val_loss: 0.2608 - val_accuracy_function: 0.8997 - 562s/epoch - 200ms/step
Epoch 16/100
2813/2813 - 563s - loss: 0.1539 - accuracy_function: 0.9405 - val_loss: 0.2545 - val_accuracy_function: 0.9018 - 563s/epoch - 200ms/step
Epoch 17/100
2813/2813 - 561s - loss: 0.1493 - accuracy_function: 0.9422 - val_loss: 0.2554 - val_accuracy_function: 0.9013 - 561s/epoch - 199ms/step
Epoch 18/100
2813/2813 - 562s - loss: 0.1450 - accuracy_function: 0.9439 - val_loss: 0.2581 - val_accuracy_function: 0.9017 - 562s/epoch - 200ms/step
Epoch 19/100
2813/2813 - 562s - loss: 0.1410 - accuracy_function: 0.9454 - val_loss: 0.2589 - val_accuracy_function: 0.9020 - 562s/epoch - 200ms/step
Epoch 20/100
2813/2813 - 562s - loss: 0.1374 - accuracy_function: 0.9468 - val_loss: 0.2575 - val_accuracy_function: 0.9024 - 562s/epoch - 200ms/step
Epoch 21/100
2813/2813 - 563s - loss: 0.1339 - accuracy_function: 0.9482 - val_loss: 0.2589 - val_accuracy_function: 0.9032 - 563s/epoch - 200ms/step
Epoch 22/100
2813/2813 - 563s - loss: 0.1306 - accuracy_function: 0.9494 - val_loss: 0.2636 - val_accuracy_function: 0.9024 - 563s/epoch - 200ms/step
Epoch 23/100
2813/2813 - 561s - loss: 0.1276 - accuracy_function: 0.9505 - val_loss: 0.2607 - val_accuracy_function: 0.9029 - 561s/epoch - 200ms/step
Epoch 24/100
2813/2813 - 561s - loss: 0.1246 - accuracy_function: 0.9518 - val_loss: 0.2630 - val_accuracy_function: 0.9016 - 561s/epoch - 200ms/step
Epoch 25/100
2813/2813 - 561s - loss: 0.1218 - accuracy_function: 0.9528 - val_loss: 0.2620 - val_accuracy_function: 0.9028 - 561s/epoch - 200ms/step
Epoch 26/100
2813/2813 - 562s - loss: 0.1190 - accuracy_function: 0.9540 - val_loss: 0.2658 - val_accuracy_function: 0.9026 - 562s/epoch - 200ms/step
Epoch 27/100
2813/2813 - 562s - loss: 0.1164 - accuracy_function: 0.9550 - val_loss: 0.2616 - val_accuracy_function: 0.9033 - 562s/epoch - 200ms/step
Epoch 28/100
2813/2813 - 562s - loss: 0.1139 - accuracy_function: 0.9560 - val_loss: 0.2651 - val_accuracy_function: 0.9031 - 562s/epoch - 200ms/step
Epoch 29/100
2813/2813 - 562s - loss: 0.1115 - accuracy_function: 0.9569 - val_loss: 0.2657 - val_accuracy_function: 0.9028 - 562s/epoch - 200ms/step
Epoch 30/100
2813/2813 - 562s - loss: 0.1091 - accuracy_function: 0.9578 - val_loss: 0.2779 - val_accuracy_function: 0.9019 - 562s/epoch - 200ms/step
Epoch 31/100
2813/2813 - 562s - loss: 0.1066 - accuracy_function: 0.9587 - val_loss: 0.2748 - val_accuracy_function: 0.9025 - 562s/epoch - 200ms/step
Epoch 32/100
2813/2813 - 562s - loss: 0.1045 - accuracy_function: 0.9595 - val_loss: 0.2825 - val_accuracy_function: 0.9014 - 562s/epoch - 200ms/step
Epoch 33/100
2813/2813 - 562s - loss: 0.1023 - accuracy_function: 0.9605 - val_loss: 0.2803 - val_accuracy_function: 0.9014 - 562s/epoch - 200ms/step
Epoch 34/100
2813/2813 - 562s - loss: 0.1002 - accuracy_function: 0.9612 - val_loss: 0.2804 - val_accuracy_function: 0.9015 - 562s/epoch - 200ms/step
Epoch 35/100
2813/2813 - 561s - loss: 0.0981 - accuracy_function: 0.9621 - val_loss: 0.2960 - val_accuracy_function: 0.9003 - 561s/epoch - 200ms/step
Epoch 36/100
2813/2813 - 560s - loss: 0.0959 - accuracy_function: 0.9630 - val_loss: 0.2876 - val_accuracy_function: 0.9013 - 560s/epoch - 199ms/step
Epoch 37/100
2813/2813 - 561s - loss: 0.0939 - accuracy_function: 0.9637 - val_loss: 0.2986 - val_accuracy_function: 0.9003 - 561s/epoch - 199ms/step
Epoch 38/100
2813/2813 - 562s - loss: 0.0919 - accuracy_function: 0.9645 - val_loss: 0.2936 - val_accuracy_function: 0.9015 - 562s/epoch - 200ms/step
Epoch 39/100
2813/2813 - 561s - loss: 0.0900 - accuracy_function: 0.9652 - val_loss: 0.3004 - val_accuracy_function: 0.9008 - 561s/epoch - 200ms/step
Epoch 40/100
2813/2813 - 561s - loss: 0.0882 - accuracy_function: 0.9659 - val_loss: 0.2966 - val_accuracy_function: 0.9004 - 561s/epoch - 199ms/step
Epoch 41/100
2813/2813 - 561s - loss: 0.0864 - accuracy_function: 0.9667 - val_loss: 0.3063 - val_accuracy_function: 0.9008 - 561s/epoch - 199ms/step
Epoch 42/100
2813/2813 - 561s - loss: 0.0844 - accuracy_function: 0.9674 - val_loss: 0.3060 - val_accuracy_function: 0.9003 - 561s/epoch - 199ms/step
Epoch 43/100
2813/2813 - 561s - loss: 0.0829 - accuracy_function: 0.9680 - val_loss: 0.3084 - val_accuracy_function: 0.9004 - 561s/epoch - 199ms/step
Epoch 44/100
2813/2813 - 561s - loss: 0.0813 - accuracy_function: 0.9686 - val_loss: 0.3087 - val_accuracy_function: 0.9004 - 561s/epoch - 200ms/step
Epoch 45/100
2813/2813 - 561s - loss: 0.0797 - accuracy_function: 0.9693 - val_loss: 0.3184 - val_accuracy_function: 0.8997 - 561s/epoch - 200ms/step
Epoch 46/100
2813/2813 - 561s - loss: 0.0781 - accuracy_function: 0.9699 - val_loss: 0.3252 - val_accuracy_function: 0.8998 - 561s/epoch - 200ms/step
Epoch 47/100
2813/2813 - 562s - loss: 0.0765 - accuracy_function: 0.9705 - val_loss: 0.3294 - val_accuracy_function: 0.8989 - 562s/epoch - 200ms/step
Epoch 48/100
2813/2813 - 561s - loss: 0.0753 - accuracy_function: 0.9710 - val_loss: 0.3289 - val_accuracy_function: 0.8986 - 561s/epoch - 199ms/step
Epoch 49/100
2813/2813 - 562s - loss: 0.0738 - accuracy_function: 0.9716 - val_loss: 0.3267 - val_accuracy_function: 0.8982 - 562s/epoch - 200ms/step
Epoch 50/100
2813/2813 - 561s - loss: 0.0725 - accuracy_function: 0.9721 - val_loss: 0.3365 - val_accuracy_function: 0.8990 - 561s/epoch - 199ms/step
Epoch 51/100
2813/2813 - 561s - loss: 0.0710 - accuracy_function: 0.9727 - val_loss: 0.3407 - val_accuracy_function: 0.8985 - 561s/epoch - 199ms/step
Epoch 52/100
2813/2813 - 561s - loss: 0.0699 - accuracy_function: 0.9732 - val_loss: 0.3490 - val_accuracy_function: 0.8976 - 561s/epoch - 199ms/step
Epoch 53/100
2813/2813 - 562s - loss: 0.0684 - accuracy_function: 0.9737 - val_loss: 0.3501 - val_accuracy_function: 0.8977 - 562s/epoch - 200ms/step
Epoch 54/100
2813/2813 - 561s - loss: 0.0673 - accuracy_function: 0.9742 - val_loss: 0.3531 - val_accuracy_function: 0.8979 - 561s/epoch - 200ms/step
Epoch 55/100
2813/2813 - 561s - loss: 0.0661 - accuracy_function: 0.9746 - val_loss: 0.3603 - val_accuracy_function: 0.8974 - 561s/epoch - 200ms/step
Epoch 56/100
2813/2813 - 561s - loss: 0.0648 - accuracy_function: 0.9751 - val_loss: 0.3606 - val_accuracy_function: 0.8982 - 561s/epoch - 200ms/step
Epoch 57/100
2813/2813 - 561s - loss: 0.0637 - accuracy_function: 0.9756 - val_loss: 0.3697 - val_accuracy_function: 0.8972 - 561s/epoch - 199ms/step
Epoch 58/100
2813/2813 - 560s - loss: 0.0627 - accuracy_function: 0.9760 - val_loss: 0.3736 - val_accuracy_function: 0.8967 - 560s/epoch - 199ms/step
Epoch 59/100
2813/2813 - 561s - loss: 0.0616 - accuracy_function: 0.9764 - val_loss: 0.3855 - val_accuracy_function: 0.8963 - 561s/epoch - 199ms/step
Epoch 60/100
2813/2813 - 561s - loss: 0.0605 - accuracy_function: 0.9768 - val_loss: 0.3893 - val_accuracy_function: 0.8949 - 561s/epoch - 199ms/step
Epoch 61/100
2813/2813 - 561s - loss: 0.0598 - accuracy_function: 0.9771 - val_loss: 0.3805 - val_accuracy_function: 0.8970 - 561s/epoch - 199ms/step
Epoch 62/100
2813/2813 - 561s - loss: 0.0586 - accuracy_function: 0.9776 - val_loss: 0.3875 - val_accuracy_function: 0.8963 - 561s/epoch - 200ms/step
Epoch 63/100
2813/2813 - 560s - loss: 0.0576 - accuracy_function: 0.9779 - val_loss: 0.4038 - val_accuracy_function: 0.8956 - 560s/epoch - 199ms/step
Epoch 64/100
2813/2813 - 560s - loss: 0.0567 - accuracy_function: 0.9783 - val_loss: 0.4003 - val_accuracy_function: 0.8958 - 560s/epoch - 199ms/step
Epoch 65/100
2813/2813 - 560s - loss: 0.0559 - accuracy_function: 0.9786 - val_loss: 0.4006 - val_accuracy_function: 0.8960 - 560s/epoch - 199ms/step
Epoch 66/100
2813/2813 - 561s - loss: 0.0550 - accuracy_function: 0.9790 - val_loss: 0.4103 - val_accuracy_function: 0.8954 - 561s/epoch - 199ms/step
Epoch 67/100
2813/2813 - 561s - loss: 0.0542 - accuracy_function: 0.9793 - val_loss: 0.4138 - val_accuracy_function: 0.8959 - 561s/epoch - 199ms/step
Epoch 68/100
2813/2813 - 560s - loss: 0.0535 - accuracy_function: 0.9797 - val_loss: 0.4121 - val_accuracy_function: 0.8949 - 560s/epoch - 199ms/step
Epoch 69/100
2813/2813 - 560s - loss: 0.0525 - accuracy_function: 0.9800 - val_loss: 0.4239 - val_accuracy_function: 0.8949 - 560s/epoch - 199ms/step
Epoch 70/100
2813/2813 - 562s - loss: 0.0516 - accuracy_function: 0.9803 - val_loss: 0.4308 - val_accuracy_function: 0.8937 - 562s/epoch - 200ms/step
Epoch 71/100
2813/2813 - 564s - loss: 0.0511 - accuracy_function: 0.9806 - val_loss: 0.4345 - val_accuracy_function: 0.8946 - 564s/epoch - 200ms/step
Epoch 72/100
2813/2813 - 564s - loss: 0.0503 - accuracy_function: 0.9809 - val_loss: 0.4288 - val_accuracy_function: 0.8941 - 564s/epoch - 200ms/step
Epoch 73/100
2813/2813 - 564s - loss: 0.0495 - accuracy_function: 0.9812 - val_loss: 0.4414 - val_accuracy_function: 0.8944 - 564s/epoch - 200ms/step
Epoch 74/100
2813/2813 - 564s - loss: 0.0489 - accuracy_function: 0.9815 - val_loss: 0.4440 - val_accuracy_function: 0.8942 - 564s/epoch - 200ms/step
Epoch 75/100
2813/2813 - 564s - loss: 0.0482 - accuracy_function: 0.9817 - val_loss: 0.4516 - val_accuracy_function: 0.8935 - 564s/epoch - 200ms/step
Epoch 76/100
2813/2813 - 563s - loss: 0.0474 - accuracy_function: 0.9820 - val_loss: 0.4469 - val_accuracy_function: 0.8943 - 563s/epoch - 200ms/step
Epoch 77/100
2813/2813 - 563s - loss: 0.0468 - accuracy_function: 0.9823 - val_loss: 0.4601 - val_accuracy_function: 0.8931 - 563s/epoch - 200ms/step
Epoch 78/100
2813/2813 - 564s - loss: 0.0462 - accuracy_function: 0.9825 - val_loss: 0.4586 - val_accuracy_function: 0.8932 - 564s/epoch - 200ms/step
Epoch 79/100
2813/2813 - 564s - loss: 0.0456 - accuracy_function: 0.9828 - val_loss: 0.4665 - val_accuracy_function: 0.8942 - 564s/epoch - 200ms/step
Epoch 80/100
2813/2813 - 564s - loss: 0.0450 - accuracy_function: 0.9830 - val_loss: 0.4672 - val_accuracy_function: 0.8937 - 564s/epoch - 201ms/step
Epoch 81/100
2813/2813 - 564s - loss: 0.0444 - accuracy_function: 0.9832 - val_loss: 0.4715 - val_accuracy_function: 0.8936 - 564s/epoch - 201ms/step
Epoch 82/100
2813/2813 - 564s - loss: 0.0438 - accuracy_function: 0.9834 - val_loss: 0.4831 - val_accuracy_function: 0.8924 - 564s/epoch - 200ms/step
Epoch 83/100
2813/2813 - 564s - loss: 0.0433 - accuracy_function: 0.9837 - val_loss: 0.4753 - val_accuracy_function: 0.8936 - 564s/epoch - 200ms/step
Epoch 84/100
2813/2813 - 564s - loss: 0.0427 - accuracy_function: 0.9839 - val_loss: 0.4811 - val_accuracy_function: 0.8926 - 564s/epoch - 200ms/step
Epoch 85/100
2813/2813 - 564s - loss: 0.0422 - accuracy_function: 0.9841 - val_loss: 0.4957 - val_accuracy_function: 0.8926 - 564s/epoch - 201ms/step
Epoch 86/100
2813/2813 - 564s - loss: 0.0417 - accuracy_function: 0.9843 - val_loss: 0.4917 - val_accuracy_function: 0.8938 - 564s/epoch - 201ms/step
Epoch 87/100
2813/2813 - 565s - loss: 0.0413 - accuracy_function: 0.9845 - val_loss: 0.4950 - val_accuracy_function: 0.8925 - 565s/epoch - 201ms/step
Epoch 88/100
2813/2813 - 564s - loss: 0.0406 - accuracy_function: 0.9847 - val_loss: 0.5016 - val_accuracy_function: 0.8933 - 564s/epoch - 200ms/step
Epoch 89/100
2813/2813 - 564s - loss: 0.0402 - accuracy_function: 0.9849 - val_loss: 0.5098 - val_accuracy_function: 0.8931 - 564s/epoch - 201ms/step
Epoch 90/100
2813/2813 - 564s - loss: 0.0397 - accuracy_function: 0.9850 - val_loss: 0.5090 - val_accuracy_function: 0.8928 - 564s/epoch - 201ms/step
Epoch 91/100
2813/2813 - 564s - loss: 0.0393 - accuracy_function: 0.9853 - val_loss: 0.5164 - val_accuracy_function: 0.8918 - 564s/epoch - 201ms/step
Epoch 92/100
2813/2813 - 565s - loss: 0.0388 - accuracy_function: 0.9855 - val_loss: 0.5279 - val_accuracy_function: 0.8923 - 565s/epoch - 201ms/step
Epoch 93/100
2813/2813 - 565s - loss: 0.0384 - accuracy_function: 0.9856 - val_loss: 0.5263 - val_accuracy_function: 0.8912 - 565s/epoch - 201ms/step
Epoch 94/100
2813/2813 - 565s - loss: 0.0381 - accuracy_function: 0.9858 - val_loss: 0.5237 - val_accuracy_function: 0.8918 - 565s/epoch - 201ms/step
Epoch 95/100
2813/2813 - 564s - loss: 0.0375 - accuracy_function: 0.9860 - val_loss: 0.5302 - val_accuracy_function: 0.8919 - 564s/epoch - 201ms/step
Epoch 96/100
2813/2813 - 564s - loss: 0.0372 - accuracy_function: 0.9861 - val_loss: 0.5326 - val_accuracy_function: 0.8922 - 564s/epoch - 201ms/step
Epoch 97/100
2813/2813 - 564s - loss: 0.0367 - accuracy_function: 0.9863 - val_loss: 0.5354 - val_accuracy_function: 0.8924 - 564s/epoch - 200ms/step
Epoch 98/100
2813/2813 - 564s - loss: 0.0362 - accuracy_function: 0.9865 - val_loss: 0.5436 - val_accuracy_function: 0.8920 - 564s/epoch - 201ms/step
Epoch 99/100
2813/2813 - 565s - loss: 0.0360 - accuracy_function: 0.9866 - val_loss: 0.5382 - val_accuracy_function: 0.8916 - 565s/epoch - 201ms/step
Epoch 100/100
2813/2813 - 564s - loss: 0.0356 - accuracy_function: 0.9867 - val_loss: 0.5437 - val_accuracy_function: 0.8917 - 564s/epoch - 200ms/step
BEST MODEL VALIDATION ACCURACY:
0.9033172130584717
