DONE WITH READING PAIRS
DONE WITH PREPARING TRAIN DATA
DONE WITH PREPARING VALIDATION DATA
PREPROCESSING DONE!
Testing model output:
(32, 402, 445)
Model: "transformer_model"
_________________________________________________________________
 Layer (type)                Output Shape              Param #   
=================================================================
 positional_embedding_layer   multiple                 3328      
 (PositionalEmbeddingLayer)                                      
                                                                 
 encoder_layer (EncoderLayer  multiple                 659712    
 )                                                               
                                                                 
 encoder_layer_1 (EncoderLay  multiple                 659712    
 er)                                                             
                                                                 
 encoder_layer_2 (EncoderLay  multiple                 659712    
 er)                                                             
                                                                 
 encoder_layer_3 (EncoderLay  multiple                 659712    
 er)                                                             
                                                                 
 encoder_layer_4 (EncoderLay  multiple                 659712    
 er)                                                             
                                                                 
 positional_embedding_layer_  multiple                 56960     
 1 (PositionalEmbeddingLayer                                     
 )                                                               
                                                                 
 decoder_layer (DecoderLayer  multiple                 1187456   
 )                                                               
                                                                 
 decoder_layer_1 (DecoderLay  multiple                 1187456   
 er)                                                             
                                                                 
 decoder_layer_2 (DecoderLay  multiple                 1187456   
 er)                                                             
                                                                 
 decoder_layer_3 (DecoderLay  multiple                 1187456   
 er)                                                             
                                                                 
 decoder_layer_4 (DecoderLay  multiple                 1187456   
 er)                                                             
                                                                 
 dense_20 (Dense)            multiple                  57405     
                                                                 
=================================================================
Total params: 9,353,533
Trainable params: 9,353,533
Non-trainable params: 0
_________________________________________________________________
Epoch 1/100
2813/2813 - 898s - loss: 4.0404 - accuracy_function: 0.1948 - val_loss: 4.6172 - val_accuracy_function: 0.1091 - 898s/epoch - 319ms/step
Epoch 2/100
2813/2813 - 834s - loss: 3.2469 - accuracy_function: 0.2860 - val_loss: 4.5241 - val_accuracy_function: 0.1297 - 834s/epoch - 297ms/step
Epoch 3/100
2813/2813 - 834s - loss: 2.8211 - accuracy_function: 0.3490 - val_loss: 4.2244 - val_accuracy_function: 0.1631 - 834s/epoch - 296ms/step
Epoch 4/100
2813/2813 - 835s - loss: 2.5493 - accuracy_function: 0.3926 - val_loss: 4.1409 - val_accuracy_function: 0.1815 - 835s/epoch - 297ms/step
Epoch 5/100
2813/2813 - 834s - loss: 2.3630 - accuracy_function: 0.4236 - val_loss: 4.1994 - val_accuracy_function: 0.1833 - 834s/epoch - 296ms/step
Epoch 6/100
2813/2813 - 833s - loss: 2.2301 - accuracy_function: 0.4464 - val_loss: 4.1644 - val_accuracy_function: 0.1928 - 833s/epoch - 296ms/step
Epoch 7/100
2813/2813 - 834s - loss: 2.1207 - accuracy_function: 0.4653 - val_loss: 4.1022 - val_accuracy_function: 0.1960 - 834s/epoch - 296ms/step
Epoch 8/100
2813/2813 - 833s - loss: 2.0305 - accuracy_function: 0.4810 - val_loss: 4.1965 - val_accuracy_function: 0.2067 - 833s/epoch - 296ms/step
Epoch 9/100
2813/2813 - 833s - loss: 1.9554 - accuracy_function: 0.4946 - val_loss: 4.2604 - val_accuracy_function: 0.2029 - 833s/epoch - 296ms/step
Epoch 10/100
2813/2813 - 833s - loss: 1.8902 - accuracy_function: 0.5065 - val_loss: 4.4311 - val_accuracy_function: 0.2020 - 833s/epoch - 296ms/step
Epoch 11/100
2813/2813 - 833s - loss: 1.8356 - accuracy_function: 0.5166 - val_loss: 4.4454 - val_accuracy_function: 0.2121 - 833s/epoch - 296ms/step
Epoch 12/100
2813/2813 - 833s - loss: 1.7865 - accuracy_function: 0.5263 - val_loss: 4.4715 - val_accuracy_function: 0.2097 - 833s/epoch - 296ms/step
Epoch 13/100
2813/2813 - 834s - loss: 1.7429 - accuracy_function: 0.5347 - val_loss: 4.5401 - val_accuracy_function: 0.2093 - 834s/epoch - 296ms/step
Epoch 14/100
2813/2813 - 832s - loss: 1.7028 - accuracy_function: 0.5428 - val_loss: 4.7026 - val_accuracy_function: 0.2125 - 832s/epoch - 296ms/step
Epoch 15/100
2813/2813 - 830s - loss: 1.6694 - accuracy_function: 0.5499 - val_loss: 4.7163 - val_accuracy_function: 0.2119 - 830s/epoch - 295ms/step
Epoch 16/100
2813/2813 - 831s - loss: 1.6374 - accuracy_function: 0.5567 - val_loss: 4.7592 - val_accuracy_function: 0.2052 - 831s/epoch - 295ms/step
Epoch 17/100
2813/2813 - 830s - loss: 1.6087 - accuracy_function: 0.5629 - val_loss: 4.7288 - val_accuracy_function: 0.2154 - 830s/epoch - 295ms/step
Epoch 18/100
2813/2813 - 830s - loss: 1.5807 - accuracy_function: 0.5689 - val_loss: 4.7739 - val_accuracy_function: 0.2112 - 830s/epoch - 295ms/step
Epoch 19/100
2813/2813 - 830s - loss: 1.5571 - accuracy_function: 0.5743 - val_loss: 4.8908 - val_accuracy_function: 0.2125 - 830s/epoch - 295ms/step
Epoch 20/100
2813/2813 - 831s - loss: 1.5334 - accuracy_function: 0.5796 - val_loss: 4.8806 - val_accuracy_function: 0.2140 - 831s/epoch - 295ms/step
Epoch 21/100
2813/2813 - 830s - loss: 1.5121 - accuracy_function: 0.5845 - val_loss: 4.8958 - val_accuracy_function: 0.2153 - 830s/epoch - 295ms/step
Epoch 22/100
2813/2813 - 831s - loss: 1.4922 - accuracy_function: 0.5891 - val_loss: 4.8944 - val_accuracy_function: 0.2168 - 831s/epoch - 296ms/step
Epoch 23/100
2813/2813 - 830s - loss: 1.4724 - accuracy_function: 0.5937 - val_loss: 4.8963 - val_accuracy_function: 0.2182 - 830s/epoch - 295ms/step
Epoch 24/100
2813/2813 - 830s - loss: 1.4546 - accuracy_function: 0.5979 - val_loss: 5.0427 - val_accuracy_function: 0.2102 - 830s/epoch - 295ms/step
Epoch 25/100
2813/2813 - 830s - loss: 1.4370 - accuracy_function: 0.6019 - val_loss: 5.0701 - val_accuracy_function: 0.2150 - 830s/epoch - 295ms/step
Epoch 26/100
2813/2813 - 831s - loss: 1.4217 - accuracy_function: 0.6056 - val_loss: 5.0869 - val_accuracy_function: 0.2160 - 831s/epoch - 295ms/step
Epoch 27/100
2813/2813 - 830s - loss: 1.4054 - accuracy_function: 0.6093 - val_loss: 5.0116 - val_accuracy_function: 0.2114 - 830s/epoch - 295ms/step
Epoch 28/100
2813/2813 - 830s - loss: 1.3914 - accuracy_function: 0.6127 - val_loss: 5.0858 - val_accuracy_function: 0.2167 - 830s/epoch - 295ms/step
Epoch 29/100
2813/2813 - 830s - loss: 1.3770 - accuracy_function: 0.6162 - val_loss: 5.1101 - val_accuracy_function: 0.2179 - 830s/epoch - 295ms/step
Epoch 30/100
2813/2813 - 831s - loss: 1.3630 - accuracy_function: 0.6194 - val_loss: 5.1635 - val_accuracy_function: 0.2131 - 831s/epoch - 295ms/step
Epoch 31/100
2813/2813 - 830s - loss: 1.3509 - accuracy_function: 0.6225 - val_loss: 5.1105 - val_accuracy_function: 0.2206 - 830s/epoch - 295ms/step
Epoch 32/100
2813/2813 - 830s - loss: 1.3390 - accuracy_function: 0.6255 - val_loss: 5.1351 - val_accuracy_function: 0.2162 - 830s/epoch - 295ms/step
Epoch 33/100
2813/2813 - 830s - loss: 1.3267 - accuracy_function: 0.6284 - val_loss: 5.0896 - val_accuracy_function: 0.2161 - 830s/epoch - 295ms/step
Epoch 34/100
2813/2813 - 830s - loss: 1.3153 - accuracy_function: 0.6311 - val_loss: 5.0794 - val_accuracy_function: 0.2206 - 830s/epoch - 295ms/step
Epoch 35/100
2813/2813 - 831s - loss: 1.3043 - accuracy_function: 0.6338 - val_loss: 5.1328 - val_accuracy_function: 0.2182 - 831s/epoch - 295ms/step
Epoch 36/100
2813/2813 - 830s - loss: 1.2943 - accuracy_function: 0.6364 - val_loss: 5.1614 - val_accuracy_function: 0.2184 - 830s/epoch - 295ms/step
Epoch 37/100
2813/2813 - 830s - loss: 1.2844 - accuracy_function: 0.6388 - val_loss: 5.2353 - val_accuracy_function: 0.2168 - 830s/epoch - 295ms/step
Epoch 38/100
2813/2813 - 830s - loss: 1.2743 - accuracy_function: 0.6411 - val_loss: 5.2342 - val_accuracy_function: 0.2160 - 830s/epoch - 295ms/step
Epoch 39/100
2813/2813 - 830s - loss: 1.2650 - accuracy_function: 0.6435 - val_loss: 5.1131 - val_accuracy_function: 0.2183 - 830s/epoch - 295ms/step
Epoch 40/100
2813/2813 - 831s - loss: 1.2558 - accuracy_function: 0.6458 - val_loss: 5.1708 - val_accuracy_function: 0.2169 - 831s/epoch - 295ms/step
Epoch 41/100
2813/2813 - 830s - loss: 1.2472 - accuracy_function: 0.6479 - val_loss: 5.1118 - val_accuracy_function: 0.2202 - 830s/epoch - 295ms/step
Epoch 42/100
2813/2813 - 831s - loss: 1.2390 - accuracy_function: 0.6500 - val_loss: 5.1739 - val_accuracy_function: 0.2203 - 831s/epoch - 295ms/step
Epoch 43/100
2813/2813 - 830s - loss: 1.2302 - accuracy_function: 0.6522 - val_loss: 5.2393 - val_accuracy_function: 0.2210 - 830s/epoch - 295ms/step
Epoch 44/100
2813/2813 - 830s - loss: 1.2224 - accuracy_function: 0.6541 - val_loss: 5.2479 - val_accuracy_function: 0.2194 - 830s/epoch - 295ms/step
Epoch 45/100
2813/2813 - 830s - loss: 1.2146 - accuracy_function: 0.6560 - val_loss: 5.2633 - val_accuracy_function: 0.2198 - 830s/epoch - 295ms/step
Epoch 46/100
2813/2813 - 831s - loss: 1.2070 - accuracy_function: 0.6580 - val_loss: 5.2104 - val_accuracy_function: 0.2205 - 831s/epoch - 295ms/step
Epoch 47/100
2813/2813 - 831s - loss: 1.1998 - accuracy_function: 0.6597 - val_loss: 5.3031 - val_accuracy_function: 0.2197 - 831s/epoch - 295ms/step
Epoch 48/100
2813/2813 - 830s - loss: 1.1929 - accuracy_function: 0.6615 - val_loss: 5.3326 - val_accuracy_function: 0.2202 - 830s/epoch - 295ms/step
Epoch 49/100
2813/2813 - 830s - loss: 1.1855 - accuracy_function: 0.6634 - val_loss: 5.3001 - val_accuracy_function: 0.2191 - 830s/epoch - 295ms/step
Epoch 50/100
2813/2813 - 830s - loss: 1.1790 - accuracy_function: 0.6650 - val_loss: 5.2736 - val_accuracy_function: 0.2201 - 830s/epoch - 295ms/step
Epoch 51/100
2813/2813 - 830s - loss: 1.1725 - accuracy_function: 0.6667 - val_loss: 5.2203 - val_accuracy_function: 0.2203 - 830s/epoch - 295ms/step
Epoch 52/100
2813/2813 - 830s - loss: 1.1666 - accuracy_function: 0.6681 - val_loss: 5.3630 - val_accuracy_function: 0.2192 - 830s/epoch - 295ms/step
Epoch 53/100
2813/2813 - 830s - loss: 1.1601 - accuracy_function: 0.6698 - val_loss: 5.3735 - val_accuracy_function: 0.2192 - 830s/epoch - 295ms/step
Epoch 54/100
2813/2813 - 830s - loss: 1.1544 - accuracy_function: 0.6712 - val_loss: 5.2660 - val_accuracy_function: 0.2210 - 830s/epoch - 295ms/step
Epoch 55/100
2813/2813 - 831s - loss: 1.1479 - accuracy_function: 0.6729 - val_loss: 5.3164 - val_accuracy_function: 0.2191 - 831s/epoch - 295ms/step
Epoch 56/100
2813/2813 - 832s - loss: 1.1424 - accuracy_function: 0.6743 - val_loss: 5.2934 - val_accuracy_function: 0.2192 - 832s/epoch - 296ms/step
Epoch 57/100
2813/2813 - 835s - loss: 1.1371 - accuracy_function: 0.6757 - val_loss: 5.2688 - val_accuracy_function: 0.2206 - 835s/epoch - 297ms/step
Epoch 58/100
2813/2813 - 835s - loss: 1.1311 - accuracy_function: 0.6771 - val_loss: 5.3819 - val_accuracy_function: 0.2181 - 835s/epoch - 297ms/step
Epoch 59/100
2813/2813 - 834s - loss: 1.1255 - accuracy_function: 0.6787 - val_loss: 5.4336 - val_accuracy_function: 0.2196 - 834s/epoch - 297ms/step
Epoch 60/100
2813/2813 - 835s - loss: 1.1206 - accuracy_function: 0.6799 - val_loss: 5.4502 - val_accuracy_function: 0.2208 - 835s/epoch - 297ms/step
Epoch 61/100
2813/2813 - 835s - loss: 1.1153 - accuracy_function: 0.6812 - val_loss: 5.3853 - val_accuracy_function: 0.2219 - 835s/epoch - 297ms/step
Epoch 62/100
2813/2813 - 835s - loss: 1.1108 - accuracy_function: 0.6823 - val_loss: 5.4032 - val_accuracy_function: 0.2182 - 835s/epoch - 297ms/step
Epoch 63/100
2813/2813 - 835s - loss: 1.1055 - accuracy_function: 0.6838 - val_loss: 5.3656 - val_accuracy_function: 0.2194 - 835s/epoch - 297ms/step
Epoch 64/100
2813/2813 - 835s - loss: 1.1012 - accuracy_function: 0.6848 - val_loss: 5.3303 - val_accuracy_function: 0.2207 - 835s/epoch - 297ms/step
Epoch 65/100
2813/2813 - 835s - loss: 1.0964 - accuracy_function: 0.6860 - val_loss: 5.3075 - val_accuracy_function: 0.2239 - 835s/epoch - 297ms/step
Epoch 66/100
2813/2813 - 835s - loss: 1.0915 - accuracy_function: 0.6873 - val_loss: 5.3335 - val_accuracy_function: 0.2218 - 835s/epoch - 297ms/step
Epoch 67/100
2813/2813 - 835s - loss: 1.0875 - accuracy_function: 0.6884 - val_loss: 5.3164 - val_accuracy_function: 0.2237 - 835s/epoch - 297ms/step
Epoch 68/100
2813/2813 - 835s - loss: 1.0828 - accuracy_function: 0.6894 - val_loss: 5.3861 - val_accuracy_function: 0.2202 - 835s/epoch - 297ms/step
Epoch 69/100
2813/2813 - 835s - loss: 1.0783 - accuracy_function: 0.6906 - val_loss: 5.3725 - val_accuracy_function: 0.2214 - 835s/epoch - 297ms/step
Epoch 70/100
2813/2813 - 832s - loss: 1.0745 - accuracy_function: 0.6916 - val_loss: 5.3456 - val_accuracy_function: 0.2208 - 832s/epoch - 296ms/step
Epoch 71/100
2813/2813 - 830s - loss: 1.0702 - accuracy_function: 0.6927 - val_loss: 5.3532 - val_accuracy_function: 0.2203 - 830s/epoch - 295ms/step
Epoch 72/100
2813/2813 - 831s - loss: 1.0663 - accuracy_function: 0.6938 - val_loss: 5.3800 - val_accuracy_function: 0.2212 - 831s/epoch - 295ms/step
Epoch 73/100
2813/2813 - 830s - loss: 1.0627 - accuracy_function: 0.6947 - val_loss: 5.4235 - val_accuracy_function: 0.2203 - 830s/epoch - 295ms/step
Epoch 74/100
2813/2813 - 831s - loss: 1.0585 - accuracy_function: 0.6958 - val_loss: 5.3459 - val_accuracy_function: 0.2183 - 831s/epoch - 295ms/step
Epoch 75/100
2813/2813 - 830s - loss: 1.0549 - accuracy_function: 0.6967 - val_loss: 5.4163 - val_accuracy_function: 0.2202 - 830s/epoch - 295ms/step
Epoch 76/100
2813/2813 - 830s - loss: 1.0511 - accuracy_function: 0.6976 - val_loss: 5.4112 - val_accuracy_function: 0.2219 - 830s/epoch - 295ms/step
Epoch 77/100
2813/2813 - 831s - loss: 1.0473 - accuracy_function: 0.6987 - val_loss: 5.3540 - val_accuracy_function: 0.2195 - 831s/epoch - 295ms/step
Epoch 78/100
2813/2813 - 832s - loss: 1.0434 - accuracy_function: 0.6997 - val_loss: 5.4020 - val_accuracy_function: 0.2223 - 832s/epoch - 296ms/step
Epoch 79/100
2813/2813 - 831s - loss: 1.0405 - accuracy_function: 0.7003 - val_loss: 5.3739 - val_accuracy_function: 0.2207 - 831s/epoch - 295ms/step
Epoch 80/100
2813/2813 - 831s - loss: 1.0368 - accuracy_function: 0.7014 - val_loss: 5.3448 - val_accuracy_function: 0.2174 - 831s/epoch - 295ms/step
Epoch 81/100
2813/2813 - 831s - loss: 1.0333 - accuracy_function: 0.7022 - val_loss: 5.4038 - val_accuracy_function: 0.2194 - 831s/epoch - 295ms/step
Epoch 82/100
2813/2813 - 830s - loss: 1.0301 - accuracy_function: 0.7032 - val_loss: 5.3667 - val_accuracy_function: 0.2160 - 830s/epoch - 295ms/step
Epoch 83/100
2813/2813 - 830s - loss: 1.0267 - accuracy_function: 0.7041 - val_loss: 5.3773 - val_accuracy_function: 0.2187 - 830s/epoch - 295ms/step
Epoch 84/100
2813/2813 - 831s - loss: 1.0231 - accuracy_function: 0.7050 - val_loss: 5.3253 - val_accuracy_function: 0.2201 - 831s/epoch - 295ms/step
Epoch 85/100
2813/2813 - 832s - loss: 1.0203 - accuracy_function: 0.7058 - val_loss: 5.4394 - val_accuracy_function: 0.2195 - 832s/epoch - 296ms/step
Epoch 86/100
2813/2813 - 831s - loss: 1.0174 - accuracy_function: 0.7065 - val_loss: 5.3831 - val_accuracy_function: 0.2207 - 831s/epoch - 295ms/step
Epoch 87/100
2813/2813 - 830s - loss: 1.0145 - accuracy_function: 0.7074 - val_loss: 5.4518 - val_accuracy_function: 0.2177 - 830s/epoch - 295ms/step
Epoch 88/100
2813/2813 - 830s - loss: 1.0114 - accuracy_function: 0.7080 - val_loss: 5.4323 - val_accuracy_function: 0.2199 - 830s/epoch - 295ms/step
Epoch 89/100
2813/2813 - 831s - loss: 1.0083 - accuracy_function: 0.7090 - val_loss: 5.3456 - val_accuracy_function: 0.2189 - 831s/epoch - 295ms/step
Epoch 90/100
2813/2813 - 830s - loss: 1.0054 - accuracy_function: 0.7096 - val_loss: 5.4040 - val_accuracy_function: 0.2180 - 830s/epoch - 295ms/step
Epoch 91/100
2813/2813 - 830s - loss: 1.0024 - accuracy_function: 0.7105 - val_loss: 5.3041 - val_accuracy_function: 0.2188 - 830s/epoch - 295ms/step
Epoch 92/100
2813/2813 - 831s - loss: 0.9994 - accuracy_function: 0.7112 - val_loss: 5.4576 - val_accuracy_function: 0.2179 - 831s/epoch - 295ms/step
Epoch 93/100
2813/2813 - 831s - loss: 0.9973 - accuracy_function: 0.7118 - val_loss: 5.4217 - val_accuracy_function: 0.2163 - 831s/epoch - 295ms/step
Epoch 94/100
2813/2813 - 830s - loss: 0.9937 - accuracy_function: 0.7127 - val_loss: 5.3889 - val_accuracy_function: 0.2175 - 830s/epoch - 295ms/step
Epoch 95/100
2813/2813 - 830s - loss: 0.9915 - accuracy_function: 0.7132 - val_loss: 5.4101 - val_accuracy_function: 0.2187 - 830s/epoch - 295ms/step
Epoch 96/100
2813/2813 - 830s - loss: 0.9892 - accuracy_function: 0.7139 - val_loss: 5.4119 - val_accuracy_function: 0.2177 - 830s/epoch - 295ms/step
Epoch 97/100
2813/2813 - 830s - loss: 0.9860 - accuracy_function: 0.7148 - val_loss: 5.3744 - val_accuracy_function: 0.2162 - 830s/epoch - 295ms/step
Epoch 98/100
2813/2813 - 830s - loss: 0.9836 - accuracy_function: 0.7153 - val_loss: 5.4912 - val_accuracy_function: 0.2165 - 830s/epoch - 295ms/step
Epoch 99/100
2813/2813 - 830s - loss: 0.9808 - accuracy_function: 0.7161 - val_loss: 5.4818 - val_accuracy_function: 0.2168 - 830s/epoch - 295ms/step
Epoch 100/100
2813/2813 - 830s - loss: 0.9784 - accuracy_function: 0.7167 - val_loss: 5.4450 - val_accuracy_function: 0.2183 - 830s/epoch - 295ms/step
