DONE WITH READING PAIRS
DONE WITH PREPARING TRAIN DATA
DONE WITH PREPARING VALIDATION DATA
PREPROCESSING DONE!
Testing model output:
(32, 402, 445)
Model: "transformer_model"
_________________________________________________________________
 Layer (type)                Output Shape              Param #   
=================================================================
 positional_embedding_layer   multiple                 3328      
 (PositionalEmbeddingLayer)                                      
                                                                 
 encoder_layer (EncoderLayer  multiple                 659712    
 )                                                               
                                                                 
 positional_embedding_layer_  multiple                 56960     
 1 (PositionalEmbeddingLayer                                     
 )                                                               
                                                                 
 decoder_layer (DecoderLayer  multiple                 1187456   
 )                                                               
                                                                 
 dense_4 (Dense)             multiple                  57405     
                                                                 
=================================================================
Total params: 1,964,861
Trainable params: 1,964,861
Non-trainable params: 0
_________________________________________________________________
Epoch 1/100
2813/2813 - 217s - loss: 4.2481 - accuracy_function: 0.1711 - val_loss: 4.7926 - val_accuracy_function: 0.0941 - 217s/epoch - 77ms/step
Epoch 2/100
2813/2813 - 182s - loss: 2.5961 - accuracy_function: 0.4024 - val_loss: 1.0096 - val_accuracy_function: 0.6976 - 182s/epoch - 65ms/step
Epoch 3/100
2813/2813 - 182s - loss: 0.8405 - accuracy_function: 0.7435 - val_loss: 0.5230 - val_accuracy_function: 0.8120 - 182s/epoch - 65ms/step
Epoch 4/100
2813/2813 - 181s - loss: 0.5940 - accuracy_function: 0.8035 - val_loss: 0.4660 - val_accuracy_function: 0.8271 - 181s/epoch - 64ms/step
Epoch 5/100
2813/2813 - 182s - loss: 0.5155 - accuracy_function: 0.8243 - val_loss: 0.4462 - val_accuracy_function: 0.8319 - 182s/epoch - 65ms/step
Epoch 6/100
2813/2813 - 182s - loss: 0.4585 - accuracy_function: 0.8406 - val_loss: 0.4061 - val_accuracy_function: 0.8428 - 182s/epoch - 65ms/step
Epoch 7/100
2813/2813 - 181s - loss: 0.4197 - accuracy_function: 0.8522 - val_loss: 0.3852 - val_accuracy_function: 0.8505 - 181s/epoch - 64ms/step
Epoch 8/100
2813/2813 - 182s - loss: 0.3965 - accuracy_function: 0.8595 - val_loss: 0.3710 - val_accuracy_function: 0.8564 - 182s/epoch - 65ms/step
Epoch 9/100
2813/2813 - 182s - loss: 0.3797 - accuracy_function: 0.8646 - val_loss: 0.3625 - val_accuracy_function: 0.8590 - 182s/epoch - 65ms/step
Epoch 10/100
2813/2813 - 182s - loss: 0.3676 - accuracy_function: 0.8684 - val_loss: 0.3555 - val_accuracy_function: 0.8619 - 182s/epoch - 65ms/step
Epoch 11/100
2813/2813 - 181s - loss: 0.3574 - accuracy_function: 0.8716 - val_loss: 0.3533 - val_accuracy_function: 0.8624 - 181s/epoch - 64ms/step
Epoch 12/100
2813/2813 - 182s - loss: 0.3491 - accuracy_function: 0.8742 - val_loss: 0.3471 - val_accuracy_function: 0.8648 - 182s/epoch - 65ms/step
Epoch 13/100
2813/2813 - 182s - loss: 0.3421 - accuracy_function: 0.8764 - val_loss: 0.3444 - val_accuracy_function: 0.8652 - 182s/epoch - 65ms/step
Epoch 14/100
2813/2813 - 182s - loss: 0.3355 - accuracy_function: 0.8785 - val_loss: 0.3434 - val_accuracy_function: 0.8651 - 182s/epoch - 65ms/step
Epoch 15/100
2813/2813 - 181s - loss: 0.3299 - accuracy_function: 0.8803 - val_loss: 0.3366 - val_accuracy_function: 0.8691 - 181s/epoch - 64ms/step
Epoch 16/100
2813/2813 - 181s - loss: 0.3244 - accuracy_function: 0.8821 - val_loss: 0.3325 - val_accuracy_function: 0.8698 - 181s/epoch - 64ms/step
Epoch 17/100
2813/2813 - 182s - loss: 0.3195 - accuracy_function: 0.8836 - val_loss: 0.3285 - val_accuracy_function: 0.8711 - 182s/epoch - 65ms/step
Epoch 18/100
2813/2813 - 182s - loss: 0.3154 - accuracy_function: 0.8849 - val_loss: 0.3288 - val_accuracy_function: 0.8716 - 182s/epoch - 65ms/step
Epoch 19/100
2813/2813 - 182s - loss: 0.3114 - accuracy_function: 0.8862 - val_loss: 0.3263 - val_accuracy_function: 0.8722 - 182s/epoch - 65ms/step
Epoch 20/100
2813/2813 - 182s - loss: 0.3079 - accuracy_function: 0.8873 - val_loss: 0.3221 - val_accuracy_function: 0.8738 - 182s/epoch - 65ms/step
Epoch 21/100
2813/2813 - 182s - loss: 0.3044 - accuracy_function: 0.8885 - val_loss: 0.3212 - val_accuracy_function: 0.8738 - 182s/epoch - 65ms/step
Epoch 22/100
2813/2813 - 182s - loss: 0.3016 - accuracy_function: 0.8894 - val_loss: 0.3218 - val_accuracy_function: 0.8741 - 182s/epoch - 65ms/step
Epoch 23/100
2813/2813 - 182s - loss: 0.2988 - accuracy_function: 0.8903 - val_loss: 0.3194 - val_accuracy_function: 0.8745 - 182s/epoch - 65ms/step
Epoch 24/100
2813/2813 - 181s - loss: 0.2961 - accuracy_function: 0.8911 - val_loss: 0.3161 - val_accuracy_function: 0.8758 - 181s/epoch - 64ms/step
Epoch 25/100
2813/2813 - 182s - loss: 0.2941 - accuracy_function: 0.8918 - val_loss: 0.3161 - val_accuracy_function: 0.8758 - 182s/epoch - 65ms/step
Epoch 26/100
2813/2813 - 181s - loss: 0.2921 - accuracy_function: 0.8925 - val_loss: 0.3160 - val_accuracy_function: 0.8760 - 181s/epoch - 64ms/step
Epoch 27/100
2813/2813 - 181s - loss: 0.2898 - accuracy_function: 0.8932 - val_loss: 0.3121 - val_accuracy_function: 0.8769 - 181s/epoch - 64ms/step
Epoch 28/100
2813/2813 - 181s - loss: 0.2880 - accuracy_function: 0.8939 - val_loss: 0.3149 - val_accuracy_function: 0.8767 - 181s/epoch - 64ms/step
Epoch 29/100
2813/2813 - 182s - loss: 0.2860 - accuracy_function: 0.8945 - val_loss: 0.3113 - val_accuracy_function: 0.8775 - 182s/epoch - 65ms/step
Epoch 30/100
2813/2813 - 181s - loss: 0.2842 - accuracy_function: 0.8950 - val_loss: 0.3123 - val_accuracy_function: 0.8777 - 181s/epoch - 64ms/step
Epoch 31/100
2813/2813 - 182s - loss: 0.2825 - accuracy_function: 0.8956 - val_loss: 0.3095 - val_accuracy_function: 0.8788 - 182s/epoch - 65ms/step
Epoch 32/100
2813/2813 - 181s - loss: 0.2812 - accuracy_function: 0.8961 - val_loss: 0.3098 - val_accuracy_function: 0.8779 - 181s/epoch - 64ms/step
Epoch 33/100
2813/2813 - 182s - loss: 0.2796 - accuracy_function: 0.8965 - val_loss: 0.3095 - val_accuracy_function: 0.8774 - 182s/epoch - 65ms/step
Epoch 34/100
2813/2813 - 182s - loss: 0.2783 - accuracy_function: 0.8970 - val_loss: 0.3103 - val_accuracy_function: 0.8777 - 182s/epoch - 65ms/step
Epoch 35/100
2813/2813 - 182s - loss: 0.2771 - accuracy_function: 0.8974 - val_loss: 0.3084 - val_accuracy_function: 0.8783 - 182s/epoch - 65ms/step
Epoch 36/100
2813/2813 - 182s - loss: 0.2757 - accuracy_function: 0.8979 - val_loss: 0.3054 - val_accuracy_function: 0.8801 - 182s/epoch - 65ms/step
Epoch 37/100
2813/2813 - 182s - loss: 0.2746 - accuracy_function: 0.8983 - val_loss: 0.3087 - val_accuracy_function: 0.8790 - 182s/epoch - 65ms/step
Epoch 38/100
2813/2813 - 182s - loss: 0.2735 - accuracy_function: 0.8987 - val_loss: 0.3075 - val_accuracy_function: 0.8793 - 182s/epoch - 65ms/step
Epoch 39/100
2813/2813 - 182s - loss: 0.2724 - accuracy_function: 0.8990 - val_loss: 0.3075 - val_accuracy_function: 0.8787 - 182s/epoch - 65ms/step
Epoch 40/100
2813/2813 - 181s - loss: 0.2715 - accuracy_function: 0.8993 - val_loss: 0.3061 - val_accuracy_function: 0.8793 - 181s/epoch - 64ms/step
Epoch 41/100
2813/2813 - 181s - loss: 0.2705 - accuracy_function: 0.8997 - val_loss: 0.3077 - val_accuracy_function: 0.8795 - 181s/epoch - 65ms/step
Epoch 42/100
2813/2813 - 182s - loss: 0.2695 - accuracy_function: 0.9000 - val_loss: 0.3056 - val_accuracy_function: 0.8797 - 182s/epoch - 65ms/step
Epoch 43/100
2813/2813 - 181s - loss: 0.2685 - accuracy_function: 0.9003 - val_loss: 0.3075 - val_accuracy_function: 0.8783 - 181s/epoch - 64ms/step
Epoch 44/100
2813/2813 - 181s - loss: 0.2675 - accuracy_function: 0.9007 - val_loss: 0.3026 - val_accuracy_function: 0.8814 - 181s/epoch - 64ms/step
Epoch 45/100
2813/2813 - 182s - loss: 0.2667 - accuracy_function: 0.9010 - val_loss: 0.3053 - val_accuracy_function: 0.8803 - 182s/epoch - 65ms/step
Epoch 46/100
2813/2813 - 182s - loss: 0.2663 - accuracy_function: 0.9011 - val_loss: 0.3036 - val_accuracy_function: 0.8804 - 182s/epoch - 65ms/step
Epoch 47/100
2813/2813 - 181s - loss: 0.2654 - accuracy_function: 0.9014 - val_loss: 0.3068 - val_accuracy_function: 0.8792 - 181s/epoch - 64ms/step
Epoch 48/100
2813/2813 - 181s - loss: 0.2646 - accuracy_function: 0.9017 - val_loss: 0.3055 - val_accuracy_function: 0.8794 - 181s/epoch - 64ms/step
Epoch 49/100
2813/2813 - 181s - loss: 0.2637 - accuracy_function: 0.9019 - val_loss: 0.3019 - val_accuracy_function: 0.8814 - 181s/epoch - 65ms/step
Epoch 50/100
2813/2813 - 182s - loss: 0.2633 - accuracy_function: 0.9021 - val_loss: 0.3056 - val_accuracy_function: 0.8802 - 182s/epoch - 65ms/step
Epoch 51/100
2813/2813 - 182s - loss: 0.2623 - accuracy_function: 0.9024 - val_loss: 0.3028 - val_accuracy_function: 0.8806 - 182s/epoch - 65ms/step
Epoch 52/100
2813/2813 - 181s - loss: 0.2616 - accuracy_function: 0.9026 - val_loss: 0.3028 - val_accuracy_function: 0.8807 - 181s/epoch - 64ms/step
Epoch 53/100
2813/2813 - 182s - loss: 0.2611 - accuracy_function: 0.9028 - val_loss: 0.3019 - val_accuracy_function: 0.8810 - 182s/epoch - 65ms/step
Epoch 54/100
2813/2813 - 182s - loss: 0.2603 - accuracy_function: 0.9031 - val_loss: 0.3028 - val_accuracy_function: 0.8811 - 182s/epoch - 65ms/step
Epoch 55/100
2813/2813 - 181s - loss: 0.2599 - accuracy_function: 0.9032 - val_loss: 0.3016 - val_accuracy_function: 0.8813 - 181s/epoch - 64ms/step
Epoch 56/100
2813/2813 - 181s - loss: 0.2592 - accuracy_function: 0.9035 - val_loss: 0.3028 - val_accuracy_function: 0.8806 - 181s/epoch - 64ms/step
Epoch 57/100
2813/2813 - 181s - loss: 0.2585 - accuracy_function: 0.9037 - val_loss: 0.3038 - val_accuracy_function: 0.8809 - 181s/epoch - 64ms/step
Epoch 58/100
2813/2813 - 182s - loss: 0.2582 - accuracy_function: 0.9039 - val_loss: 0.3025 - val_accuracy_function: 0.8810 - 182s/epoch - 65ms/step
Epoch 59/100
2813/2813 - 182s - loss: 0.2575 - accuracy_function: 0.9041 - val_loss: 0.3017 - val_accuracy_function: 0.8814 - 182s/epoch - 65ms/step
Epoch 60/100
2813/2813 - 181s - loss: 0.2571 - accuracy_function: 0.9042 - val_loss: 0.3006 - val_accuracy_function: 0.8818 - 181s/epoch - 64ms/step
Epoch 61/100
2813/2813 - 182s - loss: 0.2566 - accuracy_function: 0.9044 - val_loss: 0.3029 - val_accuracy_function: 0.8811 - 182s/epoch - 65ms/step
Epoch 62/100
2813/2813 - 181s - loss: 0.2560 - accuracy_function: 0.9046 - val_loss: 0.3006 - val_accuracy_function: 0.8820 - 181s/epoch - 64ms/step
Epoch 63/100
2813/2813 - 182s - loss: 0.2554 - accuracy_function: 0.9048 - val_loss: 0.3013 - val_accuracy_function: 0.8815 - 182s/epoch - 65ms/step
Epoch 64/100
2813/2813 - 181s - loss: 0.2548 - accuracy_function: 0.9049 - val_loss: 0.3033 - val_accuracy_function: 0.8813 - 181s/epoch - 64ms/step
Epoch 65/100
2813/2813 - 181s - loss: 0.2545 - accuracy_function: 0.9050 - val_loss: 0.3026 - val_accuracy_function: 0.8815 - 181s/epoch - 64ms/step
Epoch 66/100
2813/2813 - 182s - loss: 0.2540 - accuracy_function: 0.9052 - val_loss: 0.3010 - val_accuracy_function: 0.8820 - 182s/epoch - 65ms/step
Epoch 67/100
2813/2813 - 181s - loss: 0.2534 - accuracy_function: 0.9054 - val_loss: 0.3040 - val_accuracy_function: 0.8808 - 181s/epoch - 64ms/step
Epoch 68/100
2813/2813 - 182s - loss: 0.2532 - accuracy_function: 0.9055 - val_loss: 0.2983 - val_accuracy_function: 0.8825 - 182s/epoch - 65ms/step
Epoch 69/100
2813/2813 - 181s - loss: 0.2527 - accuracy_function: 0.9057 - val_loss: 0.3025 - val_accuracy_function: 0.8815 - 181s/epoch - 64ms/step
Epoch 70/100
2813/2813 - 181s - loss: 0.2522 - accuracy_function: 0.9059 - val_loss: 0.2982 - val_accuracy_function: 0.8828 - 181s/epoch - 64ms/step
Epoch 71/100
2813/2813 - 182s - loss: 0.2517 - accuracy_function: 0.9060 - val_loss: 0.3004 - val_accuracy_function: 0.8815 - 182s/epoch - 65ms/step
Epoch 72/100
2813/2813 - 182s - loss: 0.2513 - accuracy_function: 0.9062 - val_loss: 0.3022 - val_accuracy_function: 0.8820 - 182s/epoch - 65ms/step
Epoch 73/100
2813/2813 - 181s - loss: 0.2511 - accuracy_function: 0.9063 - val_loss: 0.3003 - val_accuracy_function: 0.8820 - 181s/epoch - 64ms/step
Epoch 74/100
2813/2813 - 182s - loss: 0.2505 - accuracy_function: 0.9064 - val_loss: 0.2971 - val_accuracy_function: 0.8828 - 182s/epoch - 65ms/step
Epoch 75/100
2813/2813 - 181s - loss: 0.2502 - accuracy_function: 0.9065 - val_loss: 0.3011 - val_accuracy_function: 0.8815 - 181s/epoch - 64ms/step
Epoch 76/100
2813/2813 - 182s - loss: 0.2498 - accuracy_function: 0.9067 - val_loss: 0.3008 - val_accuracy_function: 0.8822 - 182s/epoch - 65ms/step
Epoch 77/100
2813/2813 - 182s - loss: 0.2494 - accuracy_function: 0.9069 - val_loss: 0.3001 - val_accuracy_function: 0.8814 - 182s/epoch - 65ms/step
Epoch 78/100
2813/2813 - 182s - loss: 0.2488 - accuracy_function: 0.9070 - val_loss: 0.2994 - val_accuracy_function: 0.8830 - 182s/epoch - 65ms/step
Epoch 79/100
2813/2813 - 182s - loss: 0.2488 - accuracy_function: 0.9071 - val_loss: 0.2990 - val_accuracy_function: 0.8827 - 182s/epoch - 65ms/step
Epoch 80/100
2813/2813 - 182s - loss: 0.2482 - accuracy_function: 0.9072 - val_loss: 0.2974 - val_accuracy_function: 0.8827 - 182s/epoch - 65ms/step
Epoch 81/100
2813/2813 - 182s - loss: 0.2480 - accuracy_function: 0.9073 - val_loss: 0.2970 - val_accuracy_function: 0.8832 - 182s/epoch - 65ms/step
Epoch 82/100
2813/2813 - 181s - loss: 0.2478 - accuracy_function: 0.9075 - val_loss: 0.3003 - val_accuracy_function: 0.8822 - 181s/epoch - 64ms/step
Epoch 83/100
2813/2813 - 182s - loss: 0.2472 - accuracy_function: 0.9076 - val_loss: 0.2984 - val_accuracy_function: 0.8824 - 182s/epoch - 65ms/step
Epoch 84/100
2813/2813 - 181s - loss: 0.2470 - accuracy_function: 0.9076 - val_loss: 0.2992 - val_accuracy_function: 0.8820 - 181s/epoch - 64ms/step
Epoch 85/100
2813/2813 - 181s - loss: 0.2468 - accuracy_function: 0.9077 - val_loss: 0.2977 - val_accuracy_function: 0.8827 - 181s/epoch - 64ms/step
Epoch 86/100
2813/2813 - 182s - loss: 0.2465 - accuracy_function: 0.9078 - val_loss: 0.2974 - val_accuracy_function: 0.8835 - 182s/epoch - 65ms/step
Epoch 87/100
2813/2813 - 181s - loss: 0.2458 - accuracy_function: 0.9081 - val_loss: 0.2971 - val_accuracy_function: 0.8828 - 181s/epoch - 64ms/step
Epoch 88/100
2813/2813 - 182s - loss: 0.2457 - accuracy_function: 0.9081 - val_loss: 0.2966 - val_accuracy_function: 0.8837 - 182s/epoch - 65ms/step
Epoch 89/100
2813/2813 - 181s - loss: 0.2454 - accuracy_function: 0.9082 - val_loss: 0.2974 - val_accuracy_function: 0.8835 - 181s/epoch - 64ms/step
Epoch 90/100
2813/2813 - 182s - loss: 0.2452 - accuracy_function: 0.9083 - val_loss: 0.2959 - val_accuracy_function: 0.8837 - 182s/epoch - 65ms/step
Epoch 91/100
2813/2813 - 182s - loss: 0.2450 - accuracy_function: 0.9084 - val_loss: 0.2986 - val_accuracy_function: 0.8833 - 182s/epoch - 65ms/step
Epoch 92/100
2813/2813 - 181s - loss: 0.2445 - accuracy_function: 0.9085 - val_loss: 0.2966 - val_accuracy_function: 0.8835 - 181s/epoch - 64ms/step
Epoch 93/100
2813/2813 - 182s - loss: 0.2443 - accuracy_function: 0.9086 - val_loss: 0.2952 - val_accuracy_function: 0.8836 - 182s/epoch - 65ms/step
Epoch 94/100
2813/2813 - 182s - loss: 0.2439 - accuracy_function: 0.9088 - val_loss: 0.2982 - val_accuracy_function: 0.8833 - 182s/epoch - 65ms/step
Epoch 95/100
2813/2813 - 182s - loss: 0.2436 - accuracy_function: 0.9088 - val_loss: 0.2974 - val_accuracy_function: 0.8833 - 182s/epoch - 65ms/step
Epoch 96/100
2813/2813 - 181s - loss: 0.2433 - accuracy_function: 0.9089 - val_loss: 0.2978 - val_accuracy_function: 0.8832 - 181s/epoch - 64ms/step
Epoch 97/100
2813/2813 - 181s - loss: 0.2434 - accuracy_function: 0.9089 - val_loss: 0.2952 - val_accuracy_function: 0.8839 - 181s/epoch - 64ms/step
Epoch 98/100
2813/2813 - 182s - loss: 0.2429 - accuracy_function: 0.9091 - val_loss: 0.2964 - val_accuracy_function: 0.8837 - 182s/epoch - 65ms/step
Epoch 99/100
2813/2813 - 182s - loss: 0.2425 - accuracy_function: 0.9092 - val_loss: 0.2974 - val_accuracy_function: 0.8832 - 182s/epoch - 65ms/step
Epoch 100/100
2813/2813 - 182s - loss: 0.2424 - accuracy_function: 0.9092 - val_loss: 0.2969 - val_accuracy_function: 0.8831 - 182s/epoch - 65ms/step
