DONE WITH READING PAIRS
DONE WITH PREPARING TRAIN DATA
DONE WITH PREPARING VALIDATION DATA
PREPROCESSING DONE!
Testing model output:
(32, 402, 445)
Model: "transformer_model"
_________________________________________________________________
 Layer (type)                Output Shape              Param #   
=================================================================
 positional_embedding_layer   multiple                 6656      
 (PositionalEmbeddingLayer)                                      
                                                                 
 encoder_layer (EncoderLayer  multiple                 2367488   
 )                                                               
                                                                 
 positional_embedding_layer_  multiple                 113920    
 1 (PositionalEmbeddingLayer                                     
 )                                                               
                                                                 
 decoder_layer (DecoderLayer  multiple                 4471552   
 )                                                               
                                                                 
 dense_4 (Dense)             multiple                  114365    
                                                                 
=================================================================
Total params: 7,073,981
Trainable params: 7,073,981
Non-trainable params: 0
_________________________________________________________________
Epoch 1/100
2813/2813 - 375s - loss: 4.0758 - accuracy_function: 0.1936 - val_loss: 4.2135 - val_accuracy_function: 0.1483 - 375s/epoch - 133ms/step
Epoch 2/100
2813/2813 - 340s - loss: 1.3537 - accuracy_function: 0.6421 - val_loss: 0.6329 - val_accuracy_function: 0.7802 - 340s/epoch - 121ms/step
Epoch 3/100
2813/2813 - 340s - loss: 0.5121 - accuracy_function: 0.8253 - val_loss: 0.4719 - val_accuracy_function: 0.8245 - 340s/epoch - 121ms/step
Epoch 4/100
2813/2813 - 340s - loss: 0.3971 - accuracy_function: 0.8577 - val_loss: 0.4054 - val_accuracy_function: 0.8445 - 340s/epoch - 121ms/step
Epoch 5/100
2813/2813 - 340s - loss: 0.3433 - accuracy_function: 0.8742 - val_loss: 0.3631 - val_accuracy_function: 0.8584 - 340s/epoch - 121ms/step
Epoch 6/100
2813/2813 - 340s - loss: 0.3119 - accuracy_function: 0.8843 - val_loss: 0.3446 - val_accuracy_function: 0.8648 - 340s/epoch - 121ms/step
Epoch 7/100
2813/2813 - 341s - loss: 0.2915 - accuracy_function: 0.8913 - val_loss: 0.3328 - val_accuracy_function: 0.8711 - 341s/epoch - 121ms/step
Epoch 8/100
2813/2813 - 341s - loss: 0.2762 - accuracy_function: 0.8964 - val_loss: 0.3294 - val_accuracy_function: 0.8716 - 341s/epoch - 121ms/step
Epoch 9/100
2813/2813 - 340s - loss: 0.2636 - accuracy_function: 0.9008 - val_loss: 0.3139 - val_accuracy_function: 0.8776 - 340s/epoch - 121ms/step
Epoch 10/100
2813/2813 - 340s - loss: 0.2528 - accuracy_function: 0.9046 - val_loss: 0.3065 - val_accuracy_function: 0.8807 - 340s/epoch - 121ms/step
Epoch 11/100
2813/2813 - 340s - loss: 0.2428 - accuracy_function: 0.9081 - val_loss: 0.2988 - val_accuracy_function: 0.8831 - 340s/epoch - 121ms/step
Epoch 12/100
2813/2813 - 340s - loss: 0.2333 - accuracy_function: 0.9115 - val_loss: 0.2904 - val_accuracy_function: 0.8871 - 340s/epoch - 121ms/step
Epoch 13/100
2813/2813 - 341s - loss: 0.2263 - accuracy_function: 0.9141 - val_loss: 0.2880 - val_accuracy_function: 0.8885 - 341s/epoch - 121ms/step
Epoch 14/100
2813/2813 - 341s - loss: 0.2203 - accuracy_function: 0.9162 - val_loss: 0.2781 - val_accuracy_function: 0.8915 - 341s/epoch - 121ms/step
Epoch 15/100
2813/2813 - 340s - loss: 0.2152 - accuracy_function: 0.9180 - val_loss: 0.2759 - val_accuracy_function: 0.8928 - 340s/epoch - 121ms/step
Epoch 16/100
2813/2813 - 340s - loss: 0.2106 - accuracy_function: 0.9197 - val_loss: 0.2745 - val_accuracy_function: 0.8933 - 340s/epoch - 121ms/step
Epoch 17/100
2813/2813 - 340s - loss: 0.2065 - accuracy_function: 0.9212 - val_loss: 0.2719 - val_accuracy_function: 0.8937 - 340s/epoch - 121ms/step
Epoch 18/100
2813/2813 - 340s - loss: 0.2029 - accuracy_function: 0.9225 - val_loss: 0.2678 - val_accuracy_function: 0.8957 - 340s/epoch - 121ms/step
Epoch 19/100
2813/2813 - 340s - loss: 0.1996 - accuracy_function: 0.9237 - val_loss: 0.2654 - val_accuracy_function: 0.8973 - 340s/epoch - 121ms/step
Epoch 20/100
2813/2813 - 340s - loss: 0.1967 - accuracy_function: 0.9248 - val_loss: 0.2648 - val_accuracy_function: 0.8969 - 340s/epoch - 121ms/step
Epoch 21/100
2813/2813 - 340s - loss: 0.1938 - accuracy_function: 0.9259 - val_loss: 0.2605 - val_accuracy_function: 0.8983 - 340s/epoch - 121ms/step
Epoch 22/100
2813/2813 - 340s - loss: 0.1912 - accuracy_function: 0.9268 - val_loss: 0.2618 - val_accuracy_function: 0.8987 - 340s/epoch - 121ms/step
Epoch 23/100
2813/2813 - 340s - loss: 0.1889 - accuracy_function: 0.9277 - val_loss: 0.2641 - val_accuracy_function: 0.8977 - 340s/epoch - 121ms/step
Epoch 24/100
2813/2813 - 340s - loss: 0.1866 - accuracy_function: 0.9286 - val_loss: 0.2578 - val_accuracy_function: 0.8999 - 340s/epoch - 121ms/step
Epoch 25/100
2813/2813 - 341s - loss: 0.1844 - accuracy_function: 0.9293 - val_loss: 0.2600 - val_accuracy_function: 0.8998 - 341s/epoch - 121ms/step
Epoch 26/100
2813/2813 - 340s - loss: 0.1824 - accuracy_function: 0.9301 - val_loss: 0.2556 - val_accuracy_function: 0.9006 - 340s/epoch - 121ms/step
Epoch 27/100
2813/2813 - 340s - loss: 0.1806 - accuracy_function: 0.9307 - val_loss: 0.2575 - val_accuracy_function: 0.9004 - 340s/epoch - 121ms/step
Epoch 28/100
2813/2813 - 340s - loss: 0.1788 - accuracy_function: 0.9314 - val_loss: 0.2585 - val_accuracy_function: 0.9001 - 340s/epoch - 121ms/step
Epoch 29/100
2813/2813 - 340s - loss: 0.1772 - accuracy_function: 0.9320 - val_loss: 0.2563 - val_accuracy_function: 0.9005 - 340s/epoch - 121ms/step
Epoch 30/100
2813/2813 - 340s - loss: 0.1756 - accuracy_function: 0.9326 - val_loss: 0.2559 - val_accuracy_function: 0.9013 - 340s/epoch - 121ms/step
Epoch 31/100
2813/2813 - 340s - loss: 0.1740 - accuracy_function: 0.9331 - val_loss: 0.2546 - val_accuracy_function: 0.9013 - 340s/epoch - 121ms/step
Epoch 32/100
2813/2813 - 340s - loss: 0.1726 - accuracy_function: 0.9337 - val_loss: 0.2576 - val_accuracy_function: 0.9016 - 340s/epoch - 121ms/step
Epoch 33/100
2813/2813 - 340s - loss: 0.1712 - accuracy_function: 0.9343 - val_loss: 0.2549 - val_accuracy_function: 0.9014 - 340s/epoch - 121ms/step
Epoch 34/100
2813/2813 - 340s - loss: 0.1697 - accuracy_function: 0.9348 - val_loss: 0.2559 - val_accuracy_function: 0.9018 - 340s/epoch - 121ms/step
Epoch 35/100
2813/2813 - 340s - loss: 0.1685 - accuracy_function: 0.9352 - val_loss: 0.2550 - val_accuracy_function: 0.9016 - 340s/epoch - 121ms/step
Epoch 36/100
2813/2813 - 341s - loss: 0.1672 - accuracy_function: 0.9357 - val_loss: 0.2547 - val_accuracy_function: 0.9021 - 341s/epoch - 121ms/step
Epoch 37/100
2813/2813 - 340s - loss: 0.1659 - accuracy_function: 0.9362 - val_loss: 0.2575 - val_accuracy_function: 0.9017 - 340s/epoch - 121ms/step
Epoch 38/100
2813/2813 - 340s - loss: 0.1647 - accuracy_function: 0.9367 - val_loss: 0.2559 - val_accuracy_function: 0.9022 - 340s/epoch - 121ms/step
Epoch 39/100
2813/2813 - 340s - loss: 0.1637 - accuracy_function: 0.9370 - val_loss: 0.2559 - val_accuracy_function: 0.9023 - 340s/epoch - 121ms/step
Epoch 40/100
2813/2813 - 340s - loss: 0.1627 - accuracy_function: 0.9374 - val_loss: 0.2609 - val_accuracy_function: 0.9009 - 340s/epoch - 121ms/step
Epoch 41/100
2813/2813 - 340s - loss: 0.1617 - accuracy_function: 0.9378 - val_loss: 0.2570 - val_accuracy_function: 0.9020 - 340s/epoch - 121ms/step
Epoch 42/100
2813/2813 - 340s - loss: 0.1607 - accuracy_function: 0.9381 - val_loss: 0.2593 - val_accuracy_function: 0.9022 - 340s/epoch - 121ms/step
Epoch 43/100
2813/2813 - 340s - loss: 0.1597 - accuracy_function: 0.9385 - val_loss: 0.2570 - val_accuracy_function: 0.9025 - 340s/epoch - 121ms/step
Epoch 44/100
2813/2813 - 340s - loss: 0.1588 - accuracy_function: 0.9389 - val_loss: 0.2575 - val_accuracy_function: 0.9022 - 340s/epoch - 121ms/step
Epoch 45/100
2813/2813 - 340s - loss: 0.1578 - accuracy_function: 0.9393 - val_loss: 0.2552 - val_accuracy_function: 0.9029 - 340s/epoch - 121ms/step
Epoch 46/100
2813/2813 - 340s - loss: 0.1569 - accuracy_function: 0.9396 - val_loss: 0.2578 - val_accuracy_function: 0.9022 - 340s/epoch - 121ms/step
Epoch 47/100
2813/2813 - 340s - loss: 0.1561 - accuracy_function: 0.9399 - val_loss: 0.2539 - val_accuracy_function: 0.9032 - 340s/epoch - 121ms/step
Epoch 48/100
2813/2813 - 340s - loss: 0.1553 - accuracy_function: 0.9402 - val_loss: 0.2572 - val_accuracy_function: 0.9022 - 340s/epoch - 121ms/step
Epoch 49/100
2813/2813 - 340s - loss: 0.1545 - accuracy_function: 0.9405 - val_loss: 0.2617 - val_accuracy_function: 0.9017 - 340s/epoch - 121ms/step
Epoch 50/100
2813/2813 - 340s - loss: 0.1536 - accuracy_function: 0.9409 - val_loss: 0.2575 - val_accuracy_function: 0.9024 - 340s/epoch - 121ms/step
Epoch 51/100
2813/2813 - 340s - loss: 0.1529 - accuracy_function: 0.9411 - val_loss: 0.2576 - val_accuracy_function: 0.9032 - 340s/epoch - 121ms/step
Epoch 52/100
2813/2813 - 340s - loss: 0.1522 - accuracy_function: 0.9414 - val_loss: 0.2595 - val_accuracy_function: 0.9030 - 340s/epoch - 121ms/step
Epoch 53/100
2813/2813 - 340s - loss: 0.1514 - accuracy_function: 0.9417 - val_loss: 0.2574 - val_accuracy_function: 0.9025 - 340s/epoch - 121ms/step
Epoch 54/100
2813/2813 - 340s - loss: 0.1506 - accuracy_function: 0.9420 - val_loss: 0.2563 - val_accuracy_function: 0.9029 - 340s/epoch - 121ms/step
Epoch 55/100
2813/2813 - 340s - loss: 0.1501 - accuracy_function: 0.9422 - val_loss: 0.2612 - val_accuracy_function: 0.9025 - 340s/epoch - 121ms/step
Epoch 56/100
2813/2813 - 340s - loss: 0.1495 - accuracy_function: 0.9424 - val_loss: 0.2587 - val_accuracy_function: 0.9024 - 340s/epoch - 121ms/step
Epoch 57/100
2813/2813 - 340s - loss: 0.1487 - accuracy_function: 0.9427 - val_loss: 0.2602 - val_accuracy_function: 0.9027 - 340s/epoch - 121ms/step
Epoch 58/100
2813/2813 - 340s - loss: 0.1480 - accuracy_function: 0.9429 - val_loss: 0.2585 - val_accuracy_function: 0.9026 - 340s/epoch - 121ms/step
Epoch 59/100
2813/2813 - 339s - loss: 0.1474 - accuracy_function: 0.9432 - val_loss: 0.2615 - val_accuracy_function: 0.9024 - 339s/epoch - 121ms/step
Epoch 60/100
2813/2813 - 340s - loss: 0.1468 - accuracy_function: 0.9434 - val_loss: 0.2589 - val_accuracy_function: 0.9030 - 340s/epoch - 121ms/step
Epoch 61/100
2813/2813 - 340s - loss: 0.1463 - accuracy_function: 0.9437 - val_loss: 0.2607 - val_accuracy_function: 0.9028 - 340s/epoch - 121ms/step
Epoch 62/100
2813/2813 - 340s - loss: 0.1457 - accuracy_function: 0.9438 - val_loss: 0.2613 - val_accuracy_function: 0.9025 - 340s/epoch - 121ms/step
Epoch 63/100
2813/2813 - 340s - loss: 0.1449 - accuracy_function: 0.9442 - val_loss: 0.2623 - val_accuracy_function: 0.9023 - 340s/epoch - 121ms/step
Epoch 64/100
2813/2813 - 340s - loss: 0.1444 - accuracy_function: 0.9443 - val_loss: 0.2631 - val_accuracy_function: 0.9020 - 340s/epoch - 121ms/step
Epoch 65/100
2813/2813 - 340s - loss: 0.1440 - accuracy_function: 0.9445 - val_loss: 0.2660 - val_accuracy_function: 0.9019 - 340s/epoch - 121ms/step
Epoch 66/100
2813/2813 - 340s - loss: 0.1434 - accuracy_function: 0.9447 - val_loss: 0.2603 - val_accuracy_function: 0.9028 - 340s/epoch - 121ms/step
Epoch 67/100
2813/2813 - 340s - loss: 0.1429 - accuracy_function: 0.9450 - val_loss: 0.2627 - val_accuracy_function: 0.9023 - 340s/epoch - 121ms/step
Epoch 68/100
2813/2813 - 339s - loss: 0.1422 - accuracy_function: 0.9451 - val_loss: 0.2674 - val_accuracy_function: 0.9023 - 339s/epoch - 121ms/step
Epoch 69/100
2813/2813 - 340s - loss: 0.1417 - accuracy_function: 0.9453 - val_loss: 0.2616 - val_accuracy_function: 0.9029 - 340s/epoch - 121ms/step
Epoch 70/100
2813/2813 - 340s - loss: 0.1412 - accuracy_function: 0.9456 - val_loss: 0.2674 - val_accuracy_function: 0.9017 - 340s/epoch - 121ms/step
Epoch 71/100
2813/2813 - 341s - loss: 0.1406 - accuracy_function: 0.9457 - val_loss: 0.2652 - val_accuracy_function: 0.9025 - 341s/epoch - 121ms/step
Epoch 72/100
2813/2813 - 340s - loss: 0.1402 - accuracy_function: 0.9459 - val_loss: 0.2656 - val_accuracy_function: 0.9021 - 340s/epoch - 121ms/step
Epoch 73/100
2813/2813 - 340s - loss: 0.1398 - accuracy_function: 0.9461 - val_loss: 0.2612 - val_accuracy_function: 0.9031 - 340s/epoch - 121ms/step
Epoch 74/100
2813/2813 - 340s - loss: 0.1391 - accuracy_function: 0.9463 - val_loss: 0.2650 - val_accuracy_function: 0.9021 - 340s/epoch - 121ms/step
Epoch 75/100
2813/2813 - 340s - loss: 0.1388 - accuracy_function: 0.9464 - val_loss: 0.2691 - val_accuracy_function: 0.9022 - 340s/epoch - 121ms/step
Epoch 76/100
2813/2813 - 340s - loss: 0.1382 - accuracy_function: 0.9467 - val_loss: 0.2696 - val_accuracy_function: 0.9012 - 340s/epoch - 121ms/step
Epoch 77/100
2813/2813 - 340s - loss: 0.1379 - accuracy_function: 0.9469 - val_loss: 0.2672 - val_accuracy_function: 0.9020 - 340s/epoch - 121ms/step
Epoch 78/100
2813/2813 - 340s - loss: 0.1375 - accuracy_function: 0.9469 - val_loss: 0.2699 - val_accuracy_function: 0.9018 - 340s/epoch - 121ms/step
Epoch 79/100
2813/2813 - 340s - loss: 0.1369 - accuracy_function: 0.9472 - val_loss: 0.2687 - val_accuracy_function: 0.9018 - 340s/epoch - 121ms/step
Epoch 80/100
2813/2813 - 340s - loss: 0.1365 - accuracy_function: 0.9473 - val_loss: 0.2734 - val_accuracy_function: 0.9014 - 340s/epoch - 121ms/step
Epoch 81/100
2813/2813 - 340s - loss: 0.1360 - accuracy_function: 0.9476 - val_loss: 0.2684 - val_accuracy_function: 0.9025 - 340s/epoch - 121ms/step
Epoch 82/100
2813/2813 - 340s - loss: 0.1356 - accuracy_function: 0.9477 - val_loss: 0.2706 - val_accuracy_function: 0.9014 - 340s/epoch - 121ms/step
Epoch 83/100
2813/2813 - 341s - loss: 0.1353 - accuracy_function: 0.9478 - val_loss: 0.2708 - val_accuracy_function: 0.9019 - 341s/epoch - 121ms/step
Epoch 84/100
2813/2813 - 340s - loss: 0.1347 - accuracy_function: 0.9480 - val_loss: 0.2711 - val_accuracy_function: 0.9018 - 340s/epoch - 121ms/step
Epoch 85/100
2813/2813 - 341s - loss: 0.1346 - accuracy_function: 0.9481 - val_loss: 0.2728 - val_accuracy_function: 0.9013 - 341s/epoch - 121ms/step
Epoch 86/100
2813/2813 - 340s - loss: 0.1341 - accuracy_function: 0.9483 - val_loss: 0.2727 - val_accuracy_function: 0.9016 - 340s/epoch - 121ms/step
Epoch 87/100
2813/2813 - 341s - loss: 0.1337 - accuracy_function: 0.9485 - val_loss: 0.2709 - val_accuracy_function: 0.9015 - 341s/epoch - 121ms/step
Epoch 88/100
2813/2813 - 340s - loss: 0.1332 - accuracy_function: 0.9486 - val_loss: 0.2755 - val_accuracy_function: 0.9013 - 340s/epoch - 121ms/step
Epoch 89/100
2813/2813 - 340s - loss: 0.1329 - accuracy_function: 0.9488 - val_loss: 0.2735 - val_accuracy_function: 0.9017 - 340s/epoch - 121ms/step
Epoch 90/100
2813/2813 - 340s - loss: 0.1326 - accuracy_function: 0.9488 - val_loss: 0.2728 - val_accuracy_function: 0.9010 - 340s/epoch - 121ms/step
Epoch 91/100
2813/2813 - 340s - loss: 0.1320 - accuracy_function: 0.9491 - val_loss: 0.2720 - val_accuracy_function: 0.9013 - 340s/epoch - 121ms/step
Epoch 92/100
2813/2813 - 340s - loss: 0.1318 - accuracy_function: 0.9491 - val_loss: 0.2753 - val_accuracy_function: 0.9011 - 340s/epoch - 121ms/step
Epoch 93/100
2813/2813 - 340s - loss: 0.1314 - accuracy_function: 0.9493 - val_loss: 0.2734 - val_accuracy_function: 0.9012 - 340s/epoch - 121ms/step
Epoch 94/100
2813/2813 - 340s - loss: 0.1311 - accuracy_function: 0.9495 - val_loss: 0.2722 - val_accuracy_function: 0.9019 - 340s/epoch - 121ms/step
Epoch 95/100
2813/2813 - 341s - loss: 0.1309 - accuracy_function: 0.9495 - val_loss: 0.2777 - val_accuracy_function: 0.9016 - 341s/epoch - 121ms/step
Epoch 96/100
2813/2813 - 340s - loss: 0.1305 - accuracy_function: 0.9497 - val_loss: 0.2743 - val_accuracy_function: 0.9011 - 340s/epoch - 121ms/step
Epoch 97/100
2813/2813 - 340s - loss: 0.1301 - accuracy_function: 0.9498 - val_loss: 0.2805 - val_accuracy_function: 0.8997 - 340s/epoch - 121ms/step
Epoch 98/100
2813/2813 - 340s - loss: 0.1298 - accuracy_function: 0.9499 - val_loss: 0.2758 - val_accuracy_function: 0.9007 - 340s/epoch - 121ms/step
Epoch 99/100
2813/2813 - 340s - loss: 0.1292 - accuracy_function: 0.9502 - val_loss: 0.2725 - val_accuracy_function: 0.9015 - 340s/epoch - 121ms/step
Epoch 100/100
2813/2813 - 340s - loss: 0.1290 - accuracy_function: 0.9502 - val_loss: 0.2776 - val_accuracy_function: 0.9008 - 340s/epoch - 121ms/step
0.903211772441864