DONE WITH READING PAIRS
DONE WITH PREPARING TRAIN DATA
DONE WITH PREPARING VALIDATION DATA
PREPROCESSING DONE!
Testing model output:
(32, 402, 445)
Model: "transformer_model"
_________________________________________________________________
 Layer (type)                Output Shape              Param #   
=================================================================
 positional_embedding_layer   multiple                 3328      
 (PositionalEmbeddingLayer)                                      
                                                                 
 encoder_layer (EncoderLayer  multiple                 1187072   
 )                                                               
                                                                 
 positional_embedding_layer_  multiple                 56960     
 1 (PositionalEmbeddingLayer                                     
 )                                                               
                                                                 
 decoder_layer (DecoderLayer  multiple                 2242176   
 )                                                               
                                                                 
 dense_4 (Dense)             multiple                  57405     
                                                                 
=================================================================
Total params: 3,546,941
Trainable params: 3,546,941
Non-trainable params: 0
_________________________________________________________________
Epoch 1/100
2813/2813 - 354s - loss: 4.2151 - accuracy_function: 0.1755 - val_loss: 4.7014 - val_accuracy_function: 0.0987 - 354s/epoch - 126ms/step
Epoch 2/100
2813/2813 - 319s - loss: 2.5072 - accuracy_function: 0.4191 - val_loss: 0.9224 - val_accuracy_function: 0.7151 - 319s/epoch - 114ms/step
Epoch 3/100
2813/2813 - 320s - loss: 0.8458 - accuracy_function: 0.7406 - val_loss: 0.5388 - val_accuracy_function: 0.8036 - 320s/epoch - 114ms/step
Epoch 4/100
2813/2813 - 320s - loss: 0.5638 - accuracy_function: 0.8112 - val_loss: 0.4470 - val_accuracy_function: 0.8323 - 320s/epoch - 114ms/step
Epoch 5/100
2813/2813 - 320s - loss: 0.4766 - accuracy_function: 0.8351 - val_loss: 0.4126 - val_accuracy_function: 0.8425 - 320s/epoch - 114ms/step
Epoch 6/100
2813/2813 - 320s - loss: 0.4184 - accuracy_function: 0.8522 - val_loss: 0.3808 - val_accuracy_function: 0.8520 - 320s/epoch - 114ms/step
Epoch 7/100
2813/2813 - 320s - loss: 0.3751 - accuracy_function: 0.8655 - val_loss: 0.3538 - val_accuracy_function: 0.8623 - 320s/epoch - 114ms/step
Epoch 8/100
2813/2813 - 320s - loss: 0.3488 - accuracy_function: 0.8740 - val_loss: 0.3384 - val_accuracy_function: 0.8673 - 320s/epoch - 114ms/step
Epoch 9/100
2813/2813 - 319s - loss: 0.3304 - accuracy_function: 0.8800 - val_loss: 0.3274 - val_accuracy_function: 0.8727 - 319s/epoch - 114ms/step
Epoch 10/100
2813/2813 - 320s - loss: 0.3166 - accuracy_function: 0.8845 - val_loss: 0.3256 - val_accuracy_function: 0.8723 - 320s/epoch - 114ms/step
Epoch 11/100
2813/2813 - 320s - loss: 0.3056 - accuracy_function: 0.8881 - val_loss: 0.3189 - val_accuracy_function: 0.8742 - 320s/epoch - 114ms/step
Epoch 12/100
2813/2813 - 320s - loss: 0.2967 - accuracy_function: 0.8910 - val_loss: 0.3127 - val_accuracy_function: 0.8770 - 320s/epoch - 114ms/step
Epoch 13/100
2813/2813 - 320s - loss: 0.2891 - accuracy_function: 0.8935 - val_loss: 0.3112 - val_accuracy_function: 0.8779 - 320s/epoch - 114ms/step
Epoch 14/100
2813/2813 - 320s - loss: 0.2829 - accuracy_function: 0.8956 - val_loss: 0.3086 - val_accuracy_function: 0.8791 - 320s/epoch - 114ms/step
Epoch 15/100
2813/2813 - 320s - loss: 0.2773 - accuracy_function: 0.8974 - val_loss: 0.2994 - val_accuracy_function: 0.8822 - 320s/epoch - 114ms/step
Epoch 16/100
2813/2813 - 320s - loss: 0.2721 - accuracy_function: 0.8992 - val_loss: 0.2963 - val_accuracy_function: 0.8831 - 320s/epoch - 114ms/step
Epoch 17/100
2813/2813 - 320s - loss: 0.2674 - accuracy_function: 0.9008 - val_loss: 0.2943 - val_accuracy_function: 0.8851 - 320s/epoch - 114ms/step
Epoch 18/100
2813/2813 - 320s - loss: 0.2634 - accuracy_function: 0.9022 - val_loss: 0.2913 - val_accuracy_function: 0.8855 - 320s/epoch - 114ms/step
Epoch 19/100
2813/2813 - 320s - loss: 0.2594 - accuracy_function: 0.9035 - val_loss: 0.2880 - val_accuracy_function: 0.8864 - 320s/epoch - 114ms/step
Epoch 20/100
2813/2813 - 320s - loss: 0.2558 - accuracy_function: 0.9048 - val_loss: 0.2887 - val_accuracy_function: 0.8864 - 320s/epoch - 114ms/step
Epoch 21/100
2813/2813 - 320s - loss: 0.2525 - accuracy_function: 0.9059 - val_loss: 0.2861 - val_accuracy_function: 0.8880 - 320s/epoch - 114ms/step
Epoch 22/100
2813/2813 - 321s - loss: 0.2493 - accuracy_function: 0.9070 - val_loss: 0.2826 - val_accuracy_function: 0.8888 - 321s/epoch - 114ms/step
Epoch 23/100
2813/2813 - 321s - loss: 0.2465 - accuracy_function: 0.9079 - val_loss: 0.2802 - val_accuracy_function: 0.8896 - 321s/epoch - 114ms/step
Epoch 24/100
2813/2813 - 321s - loss: 0.2441 - accuracy_function: 0.9088 - val_loss: 0.2780 - val_accuracy_function: 0.8908 - 321s/epoch - 114ms/step
Epoch 25/100
2813/2813 - 321s - loss: 0.2415 - accuracy_function: 0.9098 - val_loss: 0.2760 - val_accuracy_function: 0.8912 - 321s/epoch - 114ms/step
Epoch 26/100
2813/2813 - 321s - loss: 0.2397 - accuracy_function: 0.9104 - val_loss: 0.2761 - val_accuracy_function: 0.8916 - 321s/epoch - 114ms/step
Epoch 27/100
2813/2813 - 321s - loss: 0.2373 - accuracy_function: 0.9112 - val_loss: 0.2736 - val_accuracy_function: 0.8928 - 321s/epoch - 114ms/step
Epoch 28/100
2813/2813 - 320s - loss: 0.2352 - accuracy_function: 0.9119 - val_loss: 0.2747 - val_accuracy_function: 0.8924 - 320s/epoch - 114ms/step
Epoch 29/100
2813/2813 - 321s - loss: 0.2332 - accuracy_function: 0.9126 - val_loss: 0.2718 - val_accuracy_function: 0.8938 - 321s/epoch - 114ms/step
Epoch 30/100
2813/2813 - 321s - loss: 0.2312 - accuracy_function: 0.9133 - val_loss: 0.2727 - val_accuracy_function: 0.8939 - 321s/epoch - 114ms/step
Epoch 31/100
2813/2813 - 321s - loss: 0.2294 - accuracy_function: 0.9140 - val_loss: 0.2738 - val_accuracy_function: 0.8937 - 321s/epoch - 114ms/step
Epoch 32/100
2813/2813 - 320s - loss: 0.2277 - accuracy_function: 0.9144 - val_loss: 0.2724 - val_accuracy_function: 0.8941 - 320s/epoch - 114ms/step
Epoch 33/100
2813/2813 - 320s - loss: 0.2258 - accuracy_function: 0.9152 - val_loss: 0.2701 - val_accuracy_function: 0.8948 - 320s/epoch - 114ms/step
Epoch 34/100
2813/2813 - 321s - loss: 0.2246 - accuracy_function: 0.9156 - val_loss: 0.2709 - val_accuracy_function: 0.8943 - 321s/epoch - 114ms/step
Epoch 35/100
2813/2813 - 320s - loss: 0.2230 - accuracy_function: 0.9161 - val_loss: 0.2686 - val_accuracy_function: 0.8948 - 320s/epoch - 114ms/step
Epoch 36/100
2813/2813 - 321s - loss: 0.2216 - accuracy_function: 0.9166 - val_loss: 0.2658 - val_accuracy_function: 0.8959 - 321s/epoch - 114ms/step
Epoch 37/100
2813/2813 - 321s - loss: 0.2202 - accuracy_function: 0.9171 - val_loss: 0.2689 - val_accuracy_function: 0.8954 - 321s/epoch - 114ms/step
Epoch 38/100
2813/2813 - 321s - loss: 0.2194 - accuracy_function: 0.9174 - val_loss: 0.2679 - val_accuracy_function: 0.8955 - 321s/epoch - 114ms/step
Epoch 39/100
2813/2813 - 321s - loss: 0.2178 - accuracy_function: 0.9180 - val_loss: 0.2640 - val_accuracy_function: 0.8969 - 321s/epoch - 114ms/step
Epoch 40/100
2813/2813 - 321s - loss: 0.2170 - accuracy_function: 0.9183 - val_loss: 0.2654 - val_accuracy_function: 0.8963 - 321s/epoch - 114ms/step
Epoch 41/100
2813/2813 - 321s - loss: 0.2158 - accuracy_function: 0.9186 - val_loss: 0.2683 - val_accuracy_function: 0.8954 - 321s/epoch - 114ms/step
Epoch 42/100
2813/2813 - 321s - loss: 0.2149 - accuracy_function: 0.9189 - val_loss: 0.2649 - val_accuracy_function: 0.8965 - 321s/epoch - 114ms/step
Epoch 43/100
2813/2813 - 320s - loss: 0.2137 - accuracy_function: 0.9195 - val_loss: 0.2645 - val_accuracy_function: 0.8969 - 320s/epoch - 114ms/step
Epoch 44/100
2813/2813 - 321s - loss: 0.2128 - accuracy_function: 0.9198 - val_loss: 0.2654 - val_accuracy_function: 0.8972 - 321s/epoch - 114ms/step
Epoch 45/100
2813/2813 - 321s - loss: 0.2119 - accuracy_function: 0.9200 - val_loss: 0.2611 - val_accuracy_function: 0.8979 - 321s/epoch - 114ms/step
Epoch 46/100
2813/2813 - 320s - loss: 0.2109 - accuracy_function: 0.9204 - val_loss: 0.2639 - val_accuracy_function: 0.8979 - 320s/epoch - 114ms/step
Epoch 47/100
2813/2813 - 321s - loss: 0.2101 - accuracy_function: 0.9207 - val_loss: 0.2643 - val_accuracy_function: 0.8970 - 321s/epoch - 114ms/step
Epoch 48/100
2813/2813 - 321s - loss: 0.2091 - accuracy_function: 0.9210 - val_loss: 0.2635 - val_accuracy_function: 0.8977 - 321s/epoch - 114ms/step
Epoch 49/100
2813/2813 - 321s - loss: 0.2084 - accuracy_function: 0.9212 - val_loss: 0.2618 - val_accuracy_function: 0.8978 - 321s/epoch - 114ms/step
Epoch 50/100
2813/2813 - 321s - loss: 0.2078 - accuracy_function: 0.9215 - val_loss: 0.2629 - val_accuracy_function: 0.8985 - 321s/epoch - 114ms/step
Epoch 51/100
2813/2813 - 320s - loss: 0.2068 - accuracy_function: 0.9218 - val_loss: 0.2628 - val_accuracy_function: 0.8978 - 320s/epoch - 114ms/step
Epoch 52/100
2813/2813 - 321s - loss: 0.2063 - accuracy_function: 0.9221 - val_loss: 0.2613 - val_accuracy_function: 0.8986 - 321s/epoch - 114ms/step
Epoch 53/100
2813/2813 - 320s - loss: 0.2055 - accuracy_function: 0.9223 - val_loss: 0.2609 - val_accuracy_function: 0.8988 - 320s/epoch - 114ms/step
Epoch 54/100
2813/2813 - 320s - loss: 0.2048 - accuracy_function: 0.9226 - val_loss: 0.2610 - val_accuracy_function: 0.8985 - 320s/epoch - 114ms/step
Epoch 55/100
2813/2813 - 320s - loss: 0.2041 - accuracy_function: 0.9229 - val_loss: 0.2627 - val_accuracy_function: 0.8988 - 320s/epoch - 114ms/step
Epoch 56/100
2813/2813 - 320s - loss: 0.2034 - accuracy_function: 0.9231 - val_loss: 0.2615 - val_accuracy_function: 0.8982 - 320s/epoch - 114ms/step
Epoch 57/100
2813/2813 - 320s - loss: 0.2028 - accuracy_function: 0.9233 - val_loss: 0.2604 - val_accuracy_function: 0.8990 - 320s/epoch - 114ms/step
Epoch 58/100
2813/2813 - 320s - loss: 0.2022 - accuracy_function: 0.9236 - val_loss: 0.2620 - val_accuracy_function: 0.8987 - 320s/epoch - 114ms/step
Epoch 59/100
2813/2813 - 320s - loss: 0.2015 - accuracy_function: 0.9238 - val_loss: 0.2615 - val_accuracy_function: 0.8980 - 320s/epoch - 114ms/step
Epoch 60/100
2813/2813 - 321s - loss: 0.2009 - accuracy_function: 0.9240 - val_loss: 0.2601 - val_accuracy_function: 0.8991 - 321s/epoch - 114ms/step
Epoch 61/100
2813/2813 - 321s - loss: 0.2004 - accuracy_function: 0.9242 - val_loss: 0.2606 - val_accuracy_function: 0.8993 - 321s/epoch - 114ms/step
Epoch 62/100
2813/2813 - 321s - loss: 0.1997 - accuracy_function: 0.9245 - val_loss: 0.2605 - val_accuracy_function: 0.8992 - 321s/epoch - 114ms/step
Epoch 63/100
2813/2813 - 320s - loss: 0.1993 - accuracy_function: 0.9245 - val_loss: 0.2608 - val_accuracy_function: 0.9001 - 320s/epoch - 114ms/step
Epoch 64/100
2813/2813 - 321s - loss: 0.1986 - accuracy_function: 0.9248 - val_loss: 0.2589 - val_accuracy_function: 0.9001 - 321s/epoch - 114ms/step
Epoch 65/100
2813/2813 - 321s - loss: 0.1980 - accuracy_function: 0.9250 - val_loss: 0.2588 - val_accuracy_function: 0.8997 - 321s/epoch - 114ms/step
Epoch 66/100
2813/2813 - 320s - loss: 0.1975 - accuracy_function: 0.9252 - val_loss: 0.2595 - val_accuracy_function: 0.8995 - 320s/epoch - 114ms/step
Epoch 67/100
2813/2813 - 320s - loss: 0.1971 - accuracy_function: 0.9254 - val_loss: 0.2595 - val_accuracy_function: 0.9001 - 320s/epoch - 114ms/step
Epoch 68/100
2813/2813 - 320s - loss: 0.1964 - accuracy_function: 0.9256 - val_loss: 0.2573 - val_accuracy_function: 0.9007 - 320s/epoch - 114ms/step
Epoch 69/100
2813/2813 - 320s - loss: 0.1961 - accuracy_function: 0.9257 - val_loss: 0.2590 - val_accuracy_function: 0.9001 - 320s/epoch - 114ms/step
Epoch 70/100
2813/2813 - 321s - loss: 0.1956 - accuracy_function: 0.9260 - val_loss: 0.2563 - val_accuracy_function: 0.9009 - 321s/epoch - 114ms/step
Epoch 71/100
2813/2813 - 320s - loss: 0.1951 - accuracy_function: 0.9261 - val_loss: 0.2585 - val_accuracy_function: 0.9007 - 320s/epoch - 114ms/step
Epoch 72/100
2813/2813 - 321s - loss: 0.1946 - accuracy_function: 0.9262 - val_loss: 0.2591 - val_accuracy_function: 0.9001 - 321s/epoch - 114ms/step
Epoch 73/100
2813/2813 - 320s - loss: 0.1941 - accuracy_function: 0.9264 - val_loss: 0.2587 - val_accuracy_function: 0.9001 - 320s/epoch - 114ms/step
Epoch 74/100
2813/2813 - 320s - loss: 0.1937 - accuracy_function: 0.9266 - val_loss: 0.2586 - val_accuracy_function: 0.9006 - 320s/epoch - 114ms/step
Epoch 75/100
2813/2813 - 321s - loss: 0.1932 - accuracy_function: 0.9267 - val_loss: 0.2586 - val_accuracy_function: 0.9007 - 321s/epoch - 114ms/step
Epoch 76/100
2813/2813 - 321s - loss: 0.1929 - accuracy_function: 0.9269 - val_loss: 0.2564 - val_accuracy_function: 0.9011 - 321s/epoch - 114ms/step
Epoch 77/100
2813/2813 - 321s - loss: 0.1924 - accuracy_function: 0.9270 - val_loss: 0.2562 - val_accuracy_function: 0.9011 - 321s/epoch - 114ms/step
Epoch 78/100
2813/2813 - 321s - loss: 0.1919 - accuracy_function: 0.9272 - val_loss: 0.2585 - val_accuracy_function: 0.9006 - 321s/epoch - 114ms/step
Epoch 79/100
2813/2813 - 321s - loss: 0.1917 - accuracy_function: 0.9273 - val_loss: 0.2580 - val_accuracy_function: 0.9009 - 321s/epoch - 114ms/step
Epoch 80/100
2813/2813 - 320s - loss: 0.1912 - accuracy_function: 0.9275 - val_loss: 0.2575 - val_accuracy_function: 0.9008 - 320s/epoch - 114ms/step
Epoch 81/100
2813/2813 - 320s - loss: 0.1908 - accuracy_function: 0.9276 - val_loss: 0.2572 - val_accuracy_function: 0.9012 - 320s/epoch - 114ms/step
Epoch 82/100
2813/2813 - 320s - loss: 0.1904 - accuracy_function: 0.9278 - val_loss: 0.2582 - val_accuracy_function: 0.9009 - 320s/epoch - 114ms/step
Epoch 83/100
2813/2813 - 321s - loss: 0.1899 - accuracy_function: 0.9279 - val_loss: 0.2584 - val_accuracy_function: 0.9010 - 321s/epoch - 114ms/step
Epoch 84/100
2813/2813 - 320s - loss: 0.1895 - accuracy_function: 0.9281 - val_loss: 0.2596 - val_accuracy_function: 0.9009 - 320s/epoch - 114ms/step
Epoch 85/100
2813/2813 - 321s - loss: 0.1893 - accuracy_function: 0.9282 - val_loss: 0.2566 - val_accuracy_function: 0.9014 - 321s/epoch - 114ms/step
Epoch 86/100
2813/2813 - 322s - loss: 0.1887 - accuracy_function: 0.9284 - val_loss: 0.2570 - val_accuracy_function: 0.9015 - 322s/epoch - 114ms/step
Epoch 87/100
2813/2813 - 321s - loss: 0.1884 - accuracy_function: 0.9285 - val_loss: 0.2562 - val_accuracy_function: 0.9015 - 321s/epoch - 114ms/step
Epoch 88/100
2813/2813 - 320s - loss: 0.1880 - accuracy_function: 0.9286 - val_loss: 0.2556 - val_accuracy_function: 0.9014 - 320s/epoch - 114ms/step
Epoch 89/100
2813/2813 - 320s - loss: 0.1877 - accuracy_function: 0.9287 - val_loss: 0.2567 - val_accuracy_function: 0.9016 - 320s/epoch - 114ms/step
Epoch 90/100
2813/2813 - 320s - loss: 0.1874 - accuracy_function: 0.9289 - val_loss: 0.2575 - val_accuracy_function: 0.9014 - 320s/epoch - 114ms/step
Epoch 91/100
2813/2813 - 321s - loss: 0.1870 - accuracy_function: 0.9290 - val_loss: 0.2566 - val_accuracy_function: 0.9015 - 321s/epoch - 114ms/step
Epoch 92/100
2813/2813 - 321s - loss: 0.1866 - accuracy_function: 0.9291 - val_loss: 0.2558 - val_accuracy_function: 0.9016 - 321s/epoch - 114ms/step
Epoch 93/100
2813/2813 - 320s - loss: 0.1864 - accuracy_function: 0.9293 - val_loss: 0.2558 - val_accuracy_function: 0.9022 - 320s/epoch - 114ms/step
Epoch 94/100
2813/2813 - 320s - loss: 0.1859 - accuracy_function: 0.9294 - val_loss: 0.2565 - val_accuracy_function: 0.9018 - 320s/epoch - 114ms/step
Epoch 95/100
2813/2813 - 320s - loss: 0.1857 - accuracy_function: 0.9295 - val_loss: 0.2561 - val_accuracy_function: 0.9021 - 320s/epoch - 114ms/step
Epoch 96/100
2813/2813 - 320s - loss: 0.1855 - accuracy_function: 0.9296 - val_loss: 0.2578 - val_accuracy_function: 0.9010 - 320s/epoch - 114ms/step
Epoch 97/100
2813/2813 - 321s - loss: 0.1851 - accuracy_function: 0.9297 - val_loss: 0.2580 - val_accuracy_function: 0.9011 - 321s/epoch - 114ms/step
Epoch 98/100
2813/2813 - 320s - loss: 0.1847 - accuracy_function: 0.9298 - val_loss: 0.2558 - val_accuracy_function: 0.9017 - 320s/epoch - 114ms/step
Epoch 99/100
2813/2813 - 321s - loss: 0.1845 - accuracy_function: 0.9299 - val_loss: 0.2563 - val_accuracy_function: 0.9016 - 321s/epoch - 114ms/step
Epoch 100/100
2813/2813 - 320s - loss: 0.1840 - accuracy_function: 0.9301 - val_loss: 0.2561 - val_accuracy_function: 0.9021 - 320s/epoch - 114ms/step