DONE WITH READING PAIRS
DONE WITH PREPARING TRAIN DATA
DONE WITH PREPARING VALIDATION DATA
PREPROCESSING DONE!
Testing model output:
(32, 802, 26)
Model: "transformer_model"
_________________________________________________________________
 Layer (type)                Output Shape              Param #   
=================================================================
 positional_embedding_layer   multiple                 3328      
 (PositionalEmbeddingLayer)                                      
                                                                 
 encoder_layer (EncoderLayer  multiple                 659712    
 )                                                               
                                                                 
 encoder_layer_1 (EncoderLay  multiple                 659712    
 er)                                                             
                                                                 
 encoder_layer_2 (EncoderLay  multiple                 659712    
 er)                                                             
                                                                 
 positional_embedding_layer_  multiple                 3328      
 1 (PositionalEmbeddingLayer                                     
 )                                                               
                                                                 
 decoder_layer (DecoderLayer  multiple                 1187456   
 )                                                               
                                                                 
 decoder_layer_1 (DecoderLay  multiple                 1187456   
 er)                                                             
                                                                 
 decoder_layer_2 (DecoderLay  multiple                 1187456   
 er)                                                             
                                                                 
 dense_12 (Dense)            multiple                  3354      
                                                                 
=================================================================
Total params: 5,551,514
Trainable params: 5,551,514
Non-trainable params: 0
_________________________________________________________________
Epoch 1/100
2813/2813 - 958s - loss: 2.2470 - accuracy_function: 0.3376 - val_loss: 2.3048 - val_accuracy_function: 0.3178 - 958s/epoch - 341ms/step
Epoch 2/100
2813/2813 - 929s - loss: 1.3664 - accuracy_function: 0.5805 - val_loss: 1.4669 - val_accuracy_function: 0.5479 - 929s/epoch - 330ms/step
Epoch 3/100
2813/2813 - 929s - loss: 0.6749 - accuracy_function: 0.7742 - val_loss: 0.6322 - val_accuracy_function: 0.7801 - 929s/epoch - 330ms/step
Epoch 4/100
2813/2813 - 928s - loss: 0.3428 - accuracy_function: 0.8768 - val_loss: 0.2910 - val_accuracy_function: 0.8909 - 928s/epoch - 330ms/step
Epoch 5/100
2813/2813 - 928s - loss: 0.2421 - accuracy_function: 0.9090 - val_loss: 0.2445 - val_accuracy_function: 0.9049 - 928s/epoch - 330ms/step
Epoch 6/100
2813/2813 - 928s - loss: 0.2009 - accuracy_function: 0.9224 - val_loss: 0.2222 - val_accuracy_function: 0.9122 - 928s/epoch - 330ms/step
Epoch 7/100
2813/2813 - 929s - loss: 0.1749 - accuracy_function: 0.9314 - val_loss: 0.2082 - val_accuracy_function: 0.9178 - 929s/epoch - 330ms/step
Epoch 8/100
2813/2813 - 928s - loss: 0.1557 - accuracy_function: 0.9387 - val_loss: 0.1798 - val_accuracy_function: 0.9278 - 928s/epoch - 330ms/step
Epoch 9/100
2813/2813 - 928s - loss: 0.1389 - accuracy_function: 0.9451 - val_loss: 0.1663 - val_accuracy_function: 0.9335 - 928s/epoch - 330ms/step
Epoch 10/100
2813/2813 - 928s - loss: 0.1270 - accuracy_function: 0.9496 - val_loss: 0.1618 - val_accuracy_function: 0.9349 - 928s/epoch - 330ms/step
Epoch 11/100
2813/2813 - 928s - loss: 0.1189 - accuracy_function: 0.9526 - val_loss: 0.1531 - val_accuracy_function: 0.9386 - 928s/epoch - 330ms/step
Epoch 12/100
2813/2813 - 928s - loss: 0.1128 - accuracy_function: 0.9550 - val_loss: 0.1465 - val_accuracy_function: 0.9413 - 928s/epoch - 330ms/step
Epoch 13/100
2813/2813 - 928s - loss: 0.1076 - accuracy_function: 0.9571 - val_loss: 0.1435 - val_accuracy_function: 0.9423 - 928s/epoch - 330ms/step
Epoch 14/100
2813/2813 - 928s - loss: 0.1031 - accuracy_function: 0.9589 - val_loss: 0.1404 - val_accuracy_function: 0.9436 - 928s/epoch - 330ms/step
Epoch 15/100
2813/2813 - 928s - loss: 0.0993 - accuracy_function: 0.9604 - val_loss: 0.1372 - val_accuracy_function: 0.9449 - 928s/epoch - 330ms/step
Epoch 16/100
2813/2813 - 928s - loss: 0.0955 - accuracy_function: 0.9619 - val_loss: 0.1326 - val_accuracy_function: 0.9474 - 928s/epoch - 330ms/step
Epoch 17/100
2813/2813 - 928s - loss: 0.0907 - accuracy_function: 0.9638 - val_loss: 0.1249 - val_accuracy_function: 0.9497 - 928s/epoch - 330ms/step
Epoch 18/100
2813/2813 - 928s - loss: 0.0872 - accuracy_function: 0.9652 - val_loss: 0.1242 - val_accuracy_function: 0.9506 - 928s/epoch - 330ms/step
Epoch 19/100
2813/2813 - 928s - loss: 0.0845 - accuracy_function: 0.9662 - val_loss: 0.1196 - val_accuracy_function: 0.9518 - 928s/epoch - 330ms/step
Epoch 20/100
2813/2813 - 928s - loss: 0.0821 - accuracy_function: 0.9671 - val_loss: 0.1174 - val_accuracy_function: 0.9524 - 928s/epoch - 330ms/step
Epoch 21/100
2813/2813 - 928s - loss: 0.0801 - accuracy_function: 0.9679 - val_loss: 0.1171 - val_accuracy_function: 0.9528 - 928s/epoch - 330ms/step
Epoch 22/100
2813/2813 - 929s - loss: 0.0783 - accuracy_function: 0.9687 - val_loss: 0.1156 - val_accuracy_function: 0.9530 - 929s/epoch - 330ms/step
Epoch 23/100
2813/2813 - 928s - loss: 0.0768 - accuracy_function: 0.9693 - val_loss: 0.1162 - val_accuracy_function: 0.9533 - 928s/epoch - 330ms/step
Epoch 24/100
2813/2813 - 928s - loss: 0.0753 - accuracy_function: 0.9699 - val_loss: 0.1137 - val_accuracy_function: 0.9544 - 928s/epoch - 330ms/step
Epoch 25/100
2813/2813 - 929s - loss: 0.0739 - accuracy_function: 0.9704 - val_loss: 0.1140 - val_accuracy_function: 0.9544 - 929s/epoch - 330ms/step
Epoch 26/100
2813/2813 - 929s - loss: 0.0726 - accuracy_function: 0.9709 - val_loss: 0.1124 - val_accuracy_function: 0.9547 - 929s/epoch - 330ms/step
Epoch 27/100
2813/2813 - 928s - loss: 0.0715 - accuracy_function: 0.9714 - val_loss: 0.1159 - val_accuracy_function: 0.9542 - 928s/epoch - 330ms/step
Epoch 28/100
2813/2813 - 928s - loss: 0.0704 - accuracy_function: 0.9718 - val_loss: 0.1116 - val_accuracy_function: 0.9553 - 928s/epoch - 330ms/step
Epoch 29/100
2813/2813 - 928s - loss: 0.0693 - accuracy_function: 0.9722 - val_loss: 0.1121 - val_accuracy_function: 0.9549 - 928s/epoch - 330ms/step
Epoch 30/100
2813/2813 - 928s - loss: 0.0684 - accuracy_function: 0.9726 - val_loss: 0.1133 - val_accuracy_function: 0.9555 - 928s/epoch - 330ms/step
Epoch 31/100
2813/2813 - 928s - loss: 0.0673 - accuracy_function: 0.9730 - val_loss: 0.1105 - val_accuracy_function: 0.9561 - 928s/epoch - 330ms/step
Epoch 32/100
2813/2813 - 928s - loss: 0.0664 - accuracy_function: 0.9734 - val_loss: 0.1118 - val_accuracy_function: 0.9554 - 928s/epoch - 330ms/step
Epoch 33/100
2813/2813 - 928s - loss: 0.0655 - accuracy_function: 0.9737 - val_loss: 0.1116 - val_accuracy_function: 0.9559 - 928s/epoch - 330ms/step
Epoch 34/100
2813/2813 - 928s - loss: 0.0647 - accuracy_function: 0.9740 - val_loss: 0.1103 - val_accuracy_function: 0.9561 - 928s/epoch - 330ms/step
Epoch 35/100
2813/2813 - 928s - loss: 0.0640 - accuracy_function: 0.9743 - val_loss: 0.1089 - val_accuracy_function: 0.9565 - 928s/epoch - 330ms/step
Epoch 36/100
2813/2813 - 928s - loss: 0.0631 - accuracy_function: 0.9747 - val_loss: 0.1102 - val_accuracy_function: 0.9564 - 928s/epoch - 330ms/step
Epoch 37/100
2813/2813 - 928s - loss: 0.0624 - accuracy_function: 0.9750 - val_loss: 0.1083 - val_accuracy_function: 0.9567 - 928s/epoch - 330ms/step
Epoch 38/100
2813/2813 - 928s - loss: 0.0617 - accuracy_function: 0.9753 - val_loss: 0.1091 - val_accuracy_function: 0.9568 - 928s/epoch - 330ms/step
Epoch 39/100
2813/2813 - 928s - loss: 0.0611 - accuracy_function: 0.9755 - val_loss: 0.1086 - val_accuracy_function: 0.9568 - 928s/epoch - 330ms/step
Epoch 40/100
2813/2813 - 928s - loss: 0.0604 - accuracy_function: 0.9757 - val_loss: 0.1108 - val_accuracy_function: 0.9565 - 928s/epoch - 330ms/step
Epoch 41/100
2813/2813 - 928s - loss: 0.0599 - accuracy_function: 0.9760 - val_loss: 0.1099 - val_accuracy_function: 0.9568 - 928s/epoch - 330ms/step
Epoch 42/100
2813/2813 - 928s - loss: 0.0592 - accuracy_function: 0.9763 - val_loss: 0.1096 - val_accuracy_function: 0.9568 - 928s/epoch - 330ms/step
Epoch 43/100
2813/2813 - 929s - loss: 0.0587 - accuracy_function: 0.9765 - val_loss: 0.1099 - val_accuracy_function: 0.9569 - 929s/epoch - 330ms/step
Epoch 44/100
2813/2813 - 928s - loss: 0.0581 - accuracy_function: 0.9767 - val_loss: 0.1117 - val_accuracy_function: 0.9568 - 928s/epoch - 330ms/step
Epoch 45/100
2813/2813 - 928s - loss: 0.0575 - accuracy_function: 0.9770 - val_loss: 0.1112 - val_accuracy_function: 0.9568 - 928s/epoch - 330ms/step
Epoch 46/100
2813/2813 - 928s - loss: 0.0570 - accuracy_function: 0.9772 - val_loss: 0.1122 - val_accuracy_function: 0.9565 - 928s/epoch - 330ms/step
Epoch 47/100
2813/2813 - 928s - loss: 0.0565 - accuracy_function: 0.9774 - val_loss: 0.1112 - val_accuracy_function: 0.9569 - 928s/epoch - 330ms/step
Epoch 48/100
2813/2813 - 928s - loss: 0.0559 - accuracy_function: 0.9776 - val_loss: 0.1104 - val_accuracy_function: 0.9568 - 928s/epoch - 330ms/step
Epoch 49/100
2813/2813 - 929s - loss: 0.0555 - accuracy_function: 0.9778 - val_loss: 0.1093 - val_accuracy_function: 0.9573 - 929s/epoch - 330ms/step
Epoch 50/100
2813/2813 - 928s - loss: 0.0549 - accuracy_function: 0.9780 - val_loss: 0.1106 - val_accuracy_function: 0.9567 - 928s/epoch - 330ms/step
Epoch 51/100
2813/2813 - 928s - loss: 0.0545 - accuracy_function: 0.9782 - val_loss: 0.1101 - val_accuracy_function: 0.9570 - 928s/epoch - 330ms/step
Epoch 52/100
2813/2813 - 928s - loss: 0.0540 - accuracy_function: 0.9784 - val_loss: 0.1113 - val_accuracy_function: 0.9570 - 928s/epoch - 330ms/step
Epoch 53/100
2813/2813 - 928s - loss: 0.0535 - accuracy_function: 0.9786 - val_loss: 0.1126 - val_accuracy_function: 0.9569 - 928s/epoch - 330ms/step
Epoch 54/100
2813/2813 - 928s - loss: 0.0531 - accuracy_function: 0.9787 - val_loss: 0.1124 - val_accuracy_function: 0.9567 - 928s/epoch - 330ms/step
Epoch 55/100
2813/2813 - 928s - loss: 0.0527 - accuracy_function: 0.9789 - val_loss: 0.1114 - val_accuracy_function: 0.9566 - 928s/epoch - 330ms/step
Epoch 56/100
2813/2813 - 929s - loss: 0.0523 - accuracy_function: 0.9791 - val_loss: 0.1129 - val_accuracy_function: 0.9563 - 929s/epoch - 330ms/step
Epoch 57/100
2813/2813 - 929s - loss: 0.0519 - accuracy_function: 0.9792 - val_loss: 0.1142 - val_accuracy_function: 0.9563 - 929s/epoch - 330ms/step
Epoch 58/100
2813/2813 - 928s - loss: 0.0515 - accuracy_function: 0.9793 - val_loss: 0.1135 - val_accuracy_function: 0.9566 - 928s/epoch - 330ms/step
Epoch 59/100
2813/2813 - 928s - loss: 0.0511 - accuracy_function: 0.9795 - val_loss: 0.1133 - val_accuracy_function: 0.9564 - 928s/epoch - 330ms/step
Epoch 60/100
2813/2813 - 928s - loss: 0.0507 - accuracy_function: 0.9797 - val_loss: 0.1129 - val_accuracy_function: 0.9571 - 928s/epoch - 330ms/step
Epoch 61/100
2813/2813 - 928s - loss: 0.0503 - accuracy_function: 0.9798 - val_loss: 0.1109 - val_accuracy_function: 0.9574 - 928s/epoch - 330ms/step
Epoch 62/100
2813/2813 - 929s - loss: 0.0499 - accuracy_function: 0.9800 - val_loss: 0.1170 - val_accuracy_function: 0.9564 - 929s/epoch - 330ms/step
Epoch 63/100
2813/2813 - 928s - loss: 0.0496 - accuracy_function: 0.9801 - val_loss: 0.1145 - val_accuracy_function: 0.9567 - 928s/epoch - 330ms/step
Epoch 64/100
2813/2813 - 928s - loss: 0.0492 - accuracy_function: 0.9803 - val_loss: 0.1140 - val_accuracy_function: 0.9564 - 928s/epoch - 330ms/step
Epoch 65/100
2813/2813 - 928s - loss: 0.0489 - accuracy_function: 0.9804 - val_loss: 0.1167 - val_accuracy_function: 0.9565 - 928s/epoch - 330ms/step
Epoch 66/100
2813/2813 - 929s - loss: 0.0486 - accuracy_function: 0.9805 - val_loss: 0.1151 - val_accuracy_function: 0.9564 - 929s/epoch - 330ms/step
Epoch 67/100
2813/2813 - 928s - loss: 0.0483 - accuracy_function: 0.9807 - val_loss: 0.1160 - val_accuracy_function: 0.9567 - 928s/epoch - 330ms/step
Epoch 68/100
2813/2813 - 928s - loss: 0.0479 - accuracy_function: 0.9808 - val_loss: 0.1172 - val_accuracy_function: 0.9559 - 928s/epoch - 330ms/step
Epoch 69/100
2813/2813 - 928s - loss: 0.0476 - accuracy_function: 0.9809 - val_loss: 0.1164 - val_accuracy_function: 0.9563 - 928s/epoch - 330ms/step
Epoch 70/100
2813/2813 - 928s - loss: 0.0473 - accuracy_function: 0.9811 - val_loss: 0.1145 - val_accuracy_function: 0.9570 - 928s/epoch - 330ms/step
Epoch 71/100
2813/2813 - 928s - loss: 0.0470 - accuracy_function: 0.9812 - val_loss: 0.1160 - val_accuracy_function: 0.9566 - 928s/epoch - 330ms/step
Epoch 72/100
